Build started 6/14/2013 1:09:30 AM.
     1>Project "D:\Simon\Documents\GitHub\Kandidatarbete\torcs-1.3.4\src\libs\tgf\tgf.vcxproj" on node 2 (Build target(s)).
     1>ClCompile:
         D:\Program\Microsoft Visual Studio 11.0\VC\bin\CL.exe /c /I../../../export/include /I../../windows/include /I../../.. /Zi /nologo /W2 /WX- /Od /Oy- /D WIN32 /D _DEBUG /D _WINDOWS /D _USRDLL /D TGF_EXPORTS /D DEBUG /D DEBUG_OUT /D _VC80_UPGRADE=0x0600 /D _WINDLL /D _MBCS /Gm- /EHsc /RTC1 /MTd /GS /fp:precise /Zc:wchar_t /Zc:forScope /Fo".\Debug/" /Fd".\Debug/vc110.pdb" /FR".\Debug\\" /Gd /TP /analyze- /errorReport:prompt params.cpp tgf.cpp
         params.cpp
         tgf.cpp
         Generating Code...
       Link:
         D:\Program\Microsoft Visual Studio 11.0\VC\bin\link.exe /ERRORREPORT:PROMPT /OUT:".\Debug/tgf.dll" /INCREMENTAL:NO /NOLOGO /LIBPATH:../../../export/libd /LIBPATH:../../windows/lib libpng15_vs2008_32.lib txml.lib sg_vs2008_32.lib ul_vs2008_32.lib kernel32.lib user32.lib gdi32.lib winspool.lib comdlg32.lib advapi32.lib shell32.lib ole32.lib oleaut32.lib uuid.lib odbc32.lib odbccp32.lib /NODEFAULTLIB:LIBCMT /DEF:".\tgf.def" /MANIFEST:NO /DEBUG /PDB:".\Debug/tgf.pdb" /MAP:".\Debug/tgf.map" /TLBID:1 /DYNAMICBASE:NO /IMPLIB:".\Debug/tgf.lib" /MACHINE:X86 /SAFESEH /DLL .\Debug/directory.obj
         .\Debug/hash.obj
         .\Debug/module.obj
         .\Debug/os.obj
         .\Debug/params.obj
         .\Debug/tgf.obj
         .\Debug/trace.obj
            Creating library .\Debug/tgf.lib and object .\Debug/tgf.exp
         tgf.vcxproj -> D:\Simon\Documents\GitHub\Kandidatarbete\torcs-1.3.4\src\libs\tgf\.\Debug\tgf.dll
       BscMake:
         D:\Program\Microsoft Visual Studio 11.0\VC\bin\bscmake.exe /nologo /o".\Debug/tgf.bsc" .\Debug\directory.sbr .\Debug\hash.sbr .\Debug\module.sbr .\Debug\os.sbr .\Debug\params.sbr .\Debug\tgf.sbr .\Debug\trace.sbr
       PostBuildEvent:
         copy D:\Simon\Documents\GitHub\Kandidatarbete\torcs-1.3.4\src\libs\tgf\Debug\*.dll D:\Simon\Documents\GitHub\Kandidatarbete\torcs-1.3.4\runtimed
         copy D:\Simon\Documents\GitHub\Kandidatarbete\torcs-1.3.4\src\libs\tgf\Debug\*.lib D:\Simon\Documents\GitHub\Kandidatarbete\torcs-1.3.4\export\libd
         
         :VCEnd
         D:\Simon\Documents\GitHub\Kandidatarbete\torcs-1.3.4\src\libs\tgf\Debug\tgf.dll
                 1 fil(er) kopierad(e).
         D:\Simon\Documents\GitHub\Kandidatarbete\torcs-1.3.4\src\libs\tgf\Debug\tgf.lib
                 1 fil(er) kopierad(e).
     1>Done Building Project "D:\Simon\Documents\GitHub\Kandidatarbete\torcs-1.3.4\src\libs\tgf\tgf.vcxproj" (Build target(s)).

Build succeeded.

Time Elapsed 00:00:04.64
