D:\SIMON\DOCUMENTS\GITHUB\KANDIDATARBETE\TORCS-1.3.4\SRC\DRIVERS\HUMAN\RELEASE\PREF.OBJ
D:\SIMON\DOCUMENTS\GITHUB\KANDIDATARBETE\TORCS-1.3.4\SRC\DRIVERS\HUMAN\RELEASE\HUMAN.OBJ
D:\SIMON\DOCUMENTS\GITHUB\KANDIDATARBETE\TORCS-1.3.4\SRC\DRIVERS\HUMAN\RELEASE\VC110.PDB
D:\SIMON\DOCUMENTS\GITHUB\KANDIDATARBETE\TORCS-1.3.4\SRC\DRIVERS\HUMAN_RECORDER\RELEASE\PREF.OBJ
D:\SIMON\DOCUMENTS\GITHUB\KANDIDATARBETE\TORCS-1.3.4\SRC\DRIVERS\HUMAN_RECORDER\RELEASE\HUMAN_RECORDER.OBJ
D:\SIMON\DOCUMENTS\GITHUB\KANDIDATARBETE\TORCS-1.3.4\SRC\DRIVERS\HUMAN_RECORDER\RELEASE\VC110.PDB
D:\Simon\Documents\GitHub\Kandidatarbete\torcs-1.3.4\src\drivers\human\Release\human.lib
D:\Simon\Documents\GitHub\Kandidatarbete\torcs-1.3.4\src\drivers\human\Release\human.exp
D:\Simon\Documents\GitHub\Kandidatarbete\torcs-1.3.4\src\drivers\human_Recorder\Release\human_Recorder.lib
D:\Simon\Documents\GitHub\Kandidatarbete\torcs-1.3.4\src\drivers\human_Recorder\Release\human_Recorder.exp
D:\SIMON\DOCUMENTS\GITHUB\KANDIDATARBETE\TORCS-1.3.4\SRC\DRIVERS\HUMAN\RELEASE\HUMAN.DLL
D:\SIMON\DOCUMENTS\GITHUB\KANDIDATARBETE\TORCS-1.3.4\SRC\DRIVERS\HUMAN\RELEASE\HUMAN.MAP
D:\SIMON\DOCUMENTS\GITHUB\KANDIDATARBETE\TORCS-1.3.4\SRC\DRIVERS\HUMAN_RECORDER\RELEASE\HUMAN_RECORDER.DLL
D:\SIMON\DOCUMENTS\GITHUB\KANDIDATARBETE\TORCS-1.3.4\SRC\DRIVERS\HUMAN_RECORDER\RELEASE\HUMAN_RECORDER.MAP
D:\Simon\Documents\GitHub\Kandidatarbete\torcs-1.3.4\src\drivers\human_Recorder\Release\human.obj
D:\Simon\Documents\GitHub\Kandidatarbete\torcs-1.3.4\src\drivers\human_Recorder\Release\human_Recorder.obj
D:\Simon\Documents\GitHub\Kandidatarbete\torcs-1.3.4\src\drivers\human_Recorder\Release\pref.obj
D:\Simon\Documents\GitHub\Kandidatarbete\torcs-1.3.4\src\drivers\human_Recorder\Release\cl.command.1.tlog
D:\Simon\Documents\GitHub\Kandidatarbete\torcs-1.3.4\src\drivers\human_Recorder\Release\CL.read.1.tlog
D:\Simon\Documents\GitHub\Kandidatarbete\torcs-1.3.4\src\drivers\human_Recorder\Release\CL.write.1.tlog
D:\Simon\Documents\GitHub\Kandidatarbete\torcs-1.3.4\src\drivers\human_Recorder\Release\human.write.1.tlog
D:\Simon\Documents\GitHub\Kandidatarbete\torcs-1.3.4\src\drivers\human_Recorder\Release\human_Recorder.write.1.tlog
D:\Simon\Documents\GitHub\Kandidatarbete\torcs-1.3.4\src\drivers\human_Recorder\Release\link.command.1.tlog
D:\Simon\Documents\GitHub\Kandidatarbete\torcs-1.3.4\src\drivers\human_Recorder\Release\link.read.1.tlog
D:\Simon\Documents\GitHub\Kandidatarbete\torcs-1.3.4\src\drivers\human_Recorder\Release\link.write.1.tlog
D:\Simon\Documents\GitHub\Kandidatarbete\torcs-1.3.4\src\drivers\human_Recorder\Release\human.exp
D:\Simon\Documents\GitHub\Kandidatarbete\torcs-1.3.4\src\drivers\human_Recorder\Release\vc110.pdb
D:\Simon\Documents\GitHub\Kandidatarbete\torcs-1.3.4\src\drivers\human_Recorder\.\Release\human_Recorder.dll
