Build started 5/23/2013 4:18:30 AM.
     1>Project "D:\Simon\Documents\GitHub\Kandidatarbete\torcs-1.3.4\src\drivers\human\human.vcxproj" on node 3 (Build target(s)).
     1>ClCompile:
         D:\Program\Microsoft Visual Studio 11.0\VC\bin\CL.exe /c /I../../../export/include /I../../windows/include /I../../.. /Zi /nologo /W2 /WX- /O2 /Ob1 /Oy- /D WIN32 /D NDEBUG /D _WINDOWS /D _USRDLL /D HUMAN_EXPORTS /D _VC80_UPGRADE=0x0600 /D _WINDLL /D _MBCS /GF /Gm- /EHsc /MT /GS- /Gy- /fp:precise /Zc:wchar_t /Zc:forScope /Fo".\Release/" /Fd".\Release/vc110.pdb" /Gd /TP /analyze- /errorReport:prompt human.cpp pref.cpp
         human.cpp
         pref.cpp
         Generating Code...
       Link:
         D:\Program\Microsoft Visual Studio 11.0\VC\bin\link.exe /ERRORREPORT:PROMPT /OUT:".\Release/human.dll" /INCREMENTAL:NO /NOLOGO /LIBPATH:../../../export/lib /LIBPATH:../../windows/lib client.lib tgf.lib robottools.lib sg_vs2008_32.lib ul_vs2008_32.lib kernel32.lib user32.lib gdi32.lib winspool.lib comdlg32.lib advapi32.lib shell32.lib ole32.lib oleaut32.lib uuid.lib odbc32.lib odbccp32.lib /DEF:".\human.def" /MANIFEST:NO /PDB:".\Release/human.pdb" /MAP:".\Release/human.map" /TLBID:1 /DYNAMICBASE:NO /IMPLIB:".\Release/human.lib" /MACHINE:X86 /SAFESEH /DLL .\Release/human.obj
         .\Release/pref.obj
         "D:\Simon\Documents\GitHub\Kandidatarbete\torcs-1.3.4\src\libs\client\Release\client.lib"
         "D:\Simon\Documents\GitHub\Kandidatarbete\torcs-1.3.4\src\libs\robottools\Release\robottools.lib"
         "D:\Simon\Documents\GitHub\Kandidatarbete\torcs-1.3.4\src\libs\tgf\Release\tgf.lib"
            Creating library .\Release/human.lib and object .\Release/human.exp
         human.vcxproj -> D:\Simon\Documents\GitHub\Kandidatarbete\torcs-1.3.4\src\drivers\human\.\Release\human.dll
       PostBuildEvent:
         copy D:\Simon\Documents\GitHub\Kandidatarbete\torcs-1.3.4\src\drivers\human\Release\*.dll D:\Simon\Documents\GitHub\Kandidatarbete\torcs-1.3.4\runtime\drivers\human
         :VCEnd
         D:\Simon\Documents\GitHub\Kandidatarbete\torcs-1.3.4\src\drivers\human\Release\human.dll
                 1 fil(er) kopierad(e).
     1>Done Building Project "D:\Simon\Documents\GitHub\Kandidatarbete\torcs-1.3.4\src\drivers\human\human.vcxproj" (Build target(s)).

Build succeeded.

Time Elapsed 00:00:01.54
