D:\SIMON\DOCUMENTS\GITHUB\KANDIDATARBETE\TORCS-1.3.4\SRC\DRIVERS\WDBEE_2012\RELEASE\UNITPIT.OBJ
D:\SIMON\DOCUMENTS\GITHUB\KANDIDATARBETE\TORCS-1.3.4\SRC\DRIVERS\WDBEE_2012\RELEASE\UNITPIDCTRL.OBJ
D:\SIMON\DOCUMENTS\GITHUB\KANDIDATARBETE\TORCS-1.3.4\SRC\DRIVERS\WDBEE_2012\RELEASE\UNITPARAM.OBJ
D:\SIMON\DOCUMENTS\GITHUB\KANDIDATARBETE\TORCS-1.3.4\SRC\DRIVERS\WDBEE_2012\RELEASE\UNITPARABEL.OBJ
D:\SIMON\DOCUMENTS\GITHUB\KANDIDATARBETE\TORCS-1.3.4\SRC\DRIVERS\WDBEE_2012\RELEASE\UNITOPPONENT.OBJ
D:\SIMON\DOCUMENTS\GITHUB\KANDIDATARBETE\TORCS-1.3.4\SRC\DRIVERS\WDBEE_2012\RELEASE\UNITMAIN.OBJ
D:\SIMON\DOCUMENTS\GITHUB\KANDIDATARBETE\TORCS-1.3.4\SRC\DRIVERS\WDBEE_2012\RELEASE\UNITLINREG.OBJ
D:\SIMON\DOCUMENTS\GITHUB\KANDIDATARBETE\TORCS-1.3.4\SRC\DRIVERS\WDBEE_2012\RELEASE\UNITLINALG.OBJ
D:\SIMON\DOCUMENTS\GITHUB\KANDIDATARBETE\TORCS-1.3.4\SRC\DRIVERS\WDBEE_2012\RELEASE\UNITLANEPOINT.OBJ
D:\SIMON\DOCUMENTS\GITHUB\KANDIDATARBETE\TORCS-1.3.4\SRC\DRIVERS\WDBEE_2012\RELEASE\UNITLANE.OBJ
D:\SIMON\DOCUMENTS\GITHUB\KANDIDATARBETE\TORCS-1.3.4\SRC\DRIVERS\WDBEE_2012\RELEASE\UNITFIXCARPARAM.OBJ
D:\SIMON\DOCUMENTS\GITHUB\KANDIDATARBETE\TORCS-1.3.4\SRC\DRIVERS\WDBEE_2012\RELEASE\UNITDRIVER.OBJ
D:\SIMON\DOCUMENTS\GITHUB\KANDIDATARBETE\TORCS-1.3.4\SRC\DRIVERS\WDBEE_2012\RELEASE\UNITCUBICSPLINE.OBJ
D:\SIMON\DOCUMENTS\GITHUB\KANDIDATARBETE\TORCS-1.3.4\SRC\DRIVERS\WDBEE_2012\RELEASE\UNITCUBIC.OBJ
D:\SIMON\DOCUMENTS\GITHUB\KANDIDATARBETE\TORCS-1.3.4\SRC\DRIVERS\WDBEE_2012\RELEASE\UNITCOMMONDATA.OBJ
D:\SIMON\DOCUMENTS\GITHUB\KANDIDATARBETE\TORCS-1.3.4\SRC\DRIVERS\WDBEE_2012\RELEASE\UNITCOMMON.OBJ
D:\SIMON\DOCUMENTS\GITHUB\KANDIDATARBETE\TORCS-1.3.4\SRC\DRIVERS\WDBEE_2012\RELEASE\UNITCOLLISION.OBJ
D:\SIMON\DOCUMENTS\GITHUB\KANDIDATARBETE\TORCS-1.3.4\SRC\DRIVERS\WDBEE_2012\RELEASE\UNITCLOTHOID.OBJ
D:\SIMON\DOCUMENTS\GITHUB\KANDIDATARBETE\TORCS-1.3.4\SRC\DRIVERS\WDBEE_2012\RELEASE\UNITCHARACTERISTIC.OBJ
D:\SIMON\DOCUMENTS\GITHUB\KANDIDATARBETE\TORCS-1.3.4\SRC\DRIVERS\WDBEE_2012\RELEASE\UNITCARPARAM.OBJ
D:\SIMON\DOCUMENTS\GITHUB\KANDIDATARBETE\TORCS-1.3.4\SRC\DRIVERS\WDBEE_2012\RELEASE\UNITVEC3D.OBJ
D:\SIMON\DOCUMENTS\GITHUB\KANDIDATARBETE\TORCS-1.3.4\SRC\DRIVERS\WDBEE_2012\RELEASE\UNITVEC2D.OBJ
D:\SIMON\DOCUMENTS\GITHUB\KANDIDATARBETE\TORCS-1.3.4\SRC\DRIVERS\WDBEE_2012\RELEASE\UNITTRACK.OBJ
D:\SIMON\DOCUMENTS\GITHUB\KANDIDATARBETE\TORCS-1.3.4\SRC\DRIVERS\WDBEE_2012\RELEASE\UNITTMPCARPARAM.OBJ
D:\SIMON\DOCUMENTS\GITHUB\KANDIDATARBETE\TORCS-1.3.4\SRC\DRIVERS\WDBEE_2012\RELEASE\UNITTEAMMANAGER.OBJ
D:\SIMON\DOCUMENTS\GITHUB\KANDIDATARBETE\TORCS-1.3.4\SRC\DRIVERS\WDBEE_2012\RELEASE\UNITSYSFOO.OBJ
D:\SIMON\DOCUMENTS\GITHUB\KANDIDATARBETE\TORCS-1.3.4\SRC\DRIVERS\WDBEE_2012\RELEASE\UNITSTRATEGY.OBJ
D:\SIMON\DOCUMENTS\GITHUB\KANDIDATARBETE\TORCS-1.3.4\SRC\DRIVERS\WDBEE_2012\RELEASE\UNITSECTION.OBJ
D:\SIMON\DOCUMENTS\GITHUB\KANDIDATARBETE\TORCS-1.3.4\SRC\DRIVERS\WDBEE_2012\RELEASE\UNITPITPARAM.OBJ
D:\SIMON\DOCUMENTS\GITHUB\KANDIDATARBETE\TORCS-1.3.4\SRC\DRIVERS\WDBEE_2012\RELEASE\VC110.PDB
D:\SIMON\DOCUMENTS\GITHUB\KANDIDATARBETE\TORCS-1.3.4\SRC\DRIVERS\WDBEE_2012\RELEASE\WDBEE_2012.DLL
D:\SIMON\DOCUMENTS\GITHUB\KANDIDATARBETE\TORCS-1.3.4\SRC\DRIVERS\WDBEE_2012\RELEASE\WDBEE_2012.MAP
D:\Simon\Documents\GitHub\Kandidatarbete\torcs-1.3.4\src\drivers\wdbee_2012\Release\wdbee_2012.lib
D:\Simon\Documents\GitHub\Kandidatarbete\torcs-1.3.4\src\drivers\wdbee_2012\Release\wdbee_2012.exp
D:\Simon\Documents\GitHub\Kandidatarbete\torcs-1.3.4\src\drivers\wdbee_2012\Release\unitcarparam.obj
D:\Simon\Documents\GitHub\Kandidatarbete\torcs-1.3.4\src\drivers\wdbee_2012\Release\unitcharacteristic.obj
D:\Simon\Documents\GitHub\Kandidatarbete\torcs-1.3.4\src\drivers\wdbee_2012\Release\unitclothoid.obj
D:\Simon\Documents\GitHub\Kandidatarbete\torcs-1.3.4\src\drivers\wdbee_2012\Release\unitcollision.obj
D:\Simon\Documents\GitHub\Kandidatarbete\torcs-1.3.4\src\drivers\wdbee_2012\Release\unitcommon.obj
D:\Simon\Documents\GitHub\Kandidatarbete\torcs-1.3.4\src\drivers\wdbee_2012\Release\unitcommondata.obj
D:\Simon\Documents\GitHub\Kandidatarbete\torcs-1.3.4\src\drivers\wdbee_2012\Release\unitcubic.obj
D:\Simon\Documents\GitHub\Kandidatarbete\torcs-1.3.4\src\drivers\wdbee_2012\Release\unitcubicspline.obj
D:\Simon\Documents\GitHub\Kandidatarbete\torcs-1.3.4\src\drivers\wdbee_2012\Release\unitdriver.obj
D:\Simon\Documents\GitHub\Kandidatarbete\torcs-1.3.4\src\drivers\wdbee_2012\Release\unitfixcarparam.obj
D:\Simon\Documents\GitHub\Kandidatarbete\torcs-1.3.4\src\drivers\wdbee_2012\Release\unitlane.obj
D:\Simon\Documents\GitHub\Kandidatarbete\torcs-1.3.4\src\drivers\wdbee_2012\Release\unitlanepoint.obj
D:\Simon\Documents\GitHub\Kandidatarbete\torcs-1.3.4\src\drivers\wdbee_2012\Release\unitlinalg.obj
D:\Simon\Documents\GitHub\Kandidatarbete\torcs-1.3.4\src\drivers\wdbee_2012\Release\unitlinreg.obj
D:\Simon\Documents\GitHub\Kandidatarbete\torcs-1.3.4\src\drivers\wdbee_2012\Release\unitmain.obj
D:\Simon\Documents\GitHub\Kandidatarbete\torcs-1.3.4\src\drivers\wdbee_2012\Release\unitopponent.obj
D:\Simon\Documents\GitHub\Kandidatarbete\torcs-1.3.4\src\drivers\wdbee_2012\Release\unitparabel.obj
D:\Simon\Documents\GitHub\Kandidatarbete\torcs-1.3.4\src\drivers\wdbee_2012\Release\unitparam.obj
D:\Simon\Documents\GitHub\Kandidatarbete\torcs-1.3.4\src\drivers\wdbee_2012\Release\unitpidctrl.obj
D:\Simon\Documents\GitHub\Kandidatarbete\torcs-1.3.4\src\drivers\wdbee_2012\Release\unitpit.obj
D:\Simon\Documents\GitHub\Kandidatarbete\torcs-1.3.4\src\drivers\wdbee_2012\Release\unitpitparam.obj
D:\Simon\Documents\GitHub\Kandidatarbete\torcs-1.3.4\src\drivers\wdbee_2012\Release\unitsection.obj
D:\Simon\Documents\GitHub\Kandidatarbete\torcs-1.3.4\src\drivers\wdbee_2012\Release\unitstrategy.obj
D:\Simon\Documents\GitHub\Kandidatarbete\torcs-1.3.4\src\drivers\wdbee_2012\Release\unitsysfoo.obj
D:\Simon\Documents\GitHub\Kandidatarbete\torcs-1.3.4\src\drivers\wdbee_2012\Release\unitteammanager.obj
D:\Simon\Documents\GitHub\Kandidatarbete\torcs-1.3.4\src\drivers\wdbee_2012\Release\unittmpcarparam.obj
D:\Simon\Documents\GitHub\Kandidatarbete\torcs-1.3.4\src\drivers\wdbee_2012\Release\unittrack.obj
D:\Simon\Documents\GitHub\Kandidatarbete\torcs-1.3.4\src\drivers\wdbee_2012\Release\unitvec2d.obj
D:\Simon\Documents\GitHub\Kandidatarbete\torcs-1.3.4\src\drivers\wdbee_2012\Release\unitvec3d.obj
D:\Simon\Documents\GitHub\Kandidatarbete\torcs-1.3.4\src\drivers\wdbee_2012\Release\cl.command.1.tlog
D:\Simon\Documents\GitHub\Kandidatarbete\torcs-1.3.4\src\drivers\wdbee_2012\Release\CL.read.1.tlog
D:\Simon\Documents\GitHub\Kandidatarbete\torcs-1.3.4\src\drivers\wdbee_2012\Release\CL.write.1.tlog
D:\Simon\Documents\GitHub\Kandidatarbete\torcs-1.3.4\src\drivers\wdbee_2012\Release\link-cvtres.read.1.tlog
D:\Simon\Documents\GitHub\Kandidatarbete\torcs-1.3.4\src\drivers\wdbee_2012\Release\link-cvtres.write.1.tlog
D:\Simon\Documents\GitHub\Kandidatarbete\torcs-1.3.4\src\drivers\wdbee_2012\Release\link-rc.read.1.tlog
D:\Simon\Documents\GitHub\Kandidatarbete\torcs-1.3.4\src\drivers\wdbee_2012\Release\link-rc.write.1.tlog
D:\Simon\Documents\GitHub\Kandidatarbete\torcs-1.3.4\src\drivers\wdbee_2012\Release\link.command.1.tlog
D:\Simon\Documents\GitHub\Kandidatarbete\torcs-1.3.4\src\drivers\wdbee_2012\Release\link.read.1.tlog
D:\Simon\Documents\GitHub\Kandidatarbete\torcs-1.3.4\src\drivers\wdbee_2012\Release\link.write.1.tlog
D:\Simon\Documents\GitHub\Kandidatarbete\torcs-1.3.4\src\drivers\wdbee_2012\Release\wdbee_2012.write.1.tlog
D:\Simon\Documents\GitHub\Kandidatarbete\torcs-1.3.4\src\drivers\wdbee_2012\Release\vc110.pdb
D:\Simon\Documents\GitHub\Kandidatarbete\torcs-1.3.4\src\drivers\wdbee_2012\.\Release\wdbee_2012.dll
