Build started 6/13/2013 9:49:24 PM.
     1>Project "D:\Simon\Documents\GitHub\Kandidatarbete\torcs-1.3.4\src\drivers\wdbee_2012\wdbee_2012.vcxproj" on node 2 (Rebuild target(s)).
     1>ClCompile:
         D:\Program\Microsoft Visual Studio 11.0\VC\bin\CL.exe /c /I../../../export/include /I../../windows/include /I../../.. /Zi /nologo /W2 /WX- /O2 /Ob2 /Oy- /D WIN32 /D NDEBUG /D _WINDOWS /D _USRDLL /D _CRT_SECURE_NO_DEPRECATE /D wdbee_2012_EXPORTS /D _VC80_UPGRADE=0x0600 /D _WINDLL /D _MBCS /GF /Gm- /EHsc /MT /GS /Gy /fp:precise /Zc:wchar_t /Zc:forScope /Fo".\Release/" /Fd".\Release/vc110.pdb" /Gd /TP /analyze- /errorReport:prompt unitcarparam.cpp unitcharacteristic.cpp unitclothoid.cpp unitcollision.cpp unitcommon.cpp unitcommondata.cpp unitcubic.cpp unitcubicspline.cpp unitdriver.cpp unitfixcarparam.cpp unitlane.cpp unitlanepoint.cpp unitlinalg.cpp unitlinreg.cpp unitmain.cpp unitopponent.cpp unitparabel.cpp unitparam.cpp unitpidctrl.cpp unitpit.cpp unitpitparam.cpp unitsection.cpp unitstrategy.cpp unitsysfoo.cpp unitteammanager.cpp unittmpcarparam.cpp unittrack.cpp unitvec2d.cpp unitvec3d.cpp
         unitcarparam.cpp
         unitcharacteristic.cpp
         unitclothoid.cpp
         unitcollision.cpp
         unitcommon.cpp
         unitcommondata.cpp
         unitcubic.cpp
         unitcubicspline.cpp
         unitdriver.cpp
         unitfixcarparam.cpp
         unitlane.cpp
         unitlanepoint.cpp
         unitlinalg.cpp
         unitlinreg.cpp
         unitmain.cpp
         unitopponent.cpp
         unitparabel.cpp
         unitparam.cpp
         unitpidctrl.cpp
         unitpit.cpp
         Generating Code...
         Compiling...
         unitpitparam.cpp
         unitsection.cpp
         unitstrategy.cpp
         unitsysfoo.cpp
         unitteammanager.cpp
         unittmpcarparam.cpp
         unittrack.cpp
         unitvec2d.cpp
         unitvec3d.cpp
         Generating Code...
       Link:
         D:\Program\Microsoft Visual Studio 11.0\VC\bin\link.exe /ERRORREPORT:PROMPT /OUT:".\Release/wdbee_2012.dll" /INCREMENTAL:NO /NOLOGO /LIBPATH:../../../export/lib /LIBPATH:../../windows/lib tgf.lib robottools.lib sg_vs2008_32.lib ul_vs2008_32.lib kernel32.lib user32.lib gdi32.lib winspool.lib comdlg32.lib advapi32.lib shell32.lib ole32.lib oleaut32.lib uuid.lib odbc32.lib odbccp32.lib /NODEFAULTLIB:LIBC /DEF:".\wdbee_2012.def" /MANIFEST /MANIFESTUAC:"level='asInvoker' uiAccess='false'" /manifest:embed /PDB:".\Release/wdbee_2012.pdb" /MAP:".\Release/wdbee_2012.map" /TLBID:1 /DYNAMICBASE /NXCOMPAT /IMPLIB:".\Release/wdbee_2012.lib" /MACHINE:X86 /SAFESEH /DLL .\Release/unitcarparam.obj
         .\Release/unitcharacteristic.obj
         .\Release/unitclothoid.obj
         .\Release/unitcollision.obj
         .\Release/unitcommon.obj
         .\Release/unitcommondata.obj
         .\Release/unitcubic.obj
         .\Release/unitcubicspline.obj
         .\Release/unitdriver.obj
         .\Release/unitfixcarparam.obj
         .\Release/unitlane.obj
         .\Release/unitlanepoint.obj
         .\Release/unitlinalg.obj
         .\Release/unitlinreg.obj
         .\Release/unitmain.obj
         .\Release/unitopponent.obj
         .\Release/unitparabel.obj
         .\Release/unitparam.obj
         .\Release/unitpidctrl.obj
         .\Release/unitpit.obj
         .\Release/unitpitparam.obj
         .\Release/unitsection.obj
         .\Release/unitstrategy.obj
         .\Release/unitsysfoo.obj
         .\Release/unitteammanager.obj
         .\Release/unittmpcarparam.obj
         .\Release/unittrack.obj
         .\Release/unitvec2d.obj
         .\Release/unitvec3d.obj
            Creating library .\Release/wdbee_2012.lib and object .\Release/wdbee_2012.exp
         wdbee_2012.vcxproj -> D:\Simon\Documents\GitHub\Kandidatarbete\torcs-1.3.4\src\drivers\wdbee_2012\.\Release\wdbee_2012.dll
       PostBuildEvent:
         copy D:\Simon\Documents\GitHub\Kandidatarbete\torcs-1.3.4\src\drivers\wdbee_2012\Release\*.dll D:\Simon\Documents\GitHub\Kandidatarbete\torcs-1.3.4\runtime\drivers\wdbee_2012
         :VCEnd
         D:\Simon\Documents\GitHub\Kandidatarbete\torcs-1.3.4\src\drivers\wdbee_2012\Release\wdbee_2012.dll
                 1 fil(er) kopierad(e).
     1>Done Building Project "D:\Simon\Documents\GitHub\Kandidatarbete\torcs-1.3.4\src\drivers\wdbee_2012\wdbee_2012.vcxproj" (Rebuild target(s)).

Build succeeded.

Time Elapsed 00:00:14.46
