Build started 6/14/2013 1:10:12 AM.
     1>Project "D:\Simon\Documents\GitHub\Kandidatarbete\torcs-1.3.4\src\tools\trackgen\trackgen.vcxproj" on node 3 (Build target(s)).
     1>ClCompile:
         D:\Program\Microsoft Visual Studio 11.0\VC\bin\CL.exe /c /I../../../export/include /I../../windows/include /I../../.. /Zi /nologo /W2 /WX- /Od /Oy- /D WIN32 /D _DEBUG /D _CONSOLE /D _VC80_UPGRADE=0x0600 /D _MBCS /Gm- /EHsc /RTC1 /MTd /GS /fp:precise /Zc:wchar_t /Zc:forScope /Fo".\Debug/" /Fd".\Debug/vc110.pdb" /FR".\Debug\\" /Gd /TP /analyze- /errorReport:prompt easymesh.cpp elevation.cpp maintrackgen.cpp objects.cpp raceline.cpp track.cpp util.cpp
         easymesh.cpp
         elevation.cpp
         maintrackgen.cpp
         objects.cpp
         raceline.cpp
         track.cpp
         util.cpp
         Generating Code...
       Link:
         D:\Program\Microsoft Visual Studio 11.0\VC\bin\link.exe /ERRORREPORT:PROMPT /OUT:".\Debug/trackgen.exe" /INCREMENTAL:NO /NOLOGO /LIBPATH:../../../export/libd /LIBPATH:../../windows/lib sl_vs2008_32.lib client.lib robottools.lib sg_vs2008_32.lib ssg_vs2008_32.lib ssggraphlib.lib txml.lib ul_vs2008_32.lib libpng15_vs2008_32.lib tgf.lib kernel32.lib user32.lib gdi32.lib winspool.lib comdlg32.lib advapi32.lib shell32.lib ole32.lib oleaut32.lib uuid.lib odbc32.lib odbccp32.lib /NODEFAULTLIB:LIBCMT /MANIFEST:NO /DEBUG /PDB:".\Debug/trackgen.pdb" /MAP:".\Debug/trackgen.map" /SUBSYSTEM:CONSOLE /TLBID:1 /DYNAMICBASE:NO /IMPLIB:".\Debug\trackgen.lib" /MACHINE:X86 /SAFESEH .\Debug/ac3d.obj
         .\Debug/easymesh.obj
         .\Debug/elevation.obj
         .\Debug/maintrackgen.obj
         .\Debug/objects.obj
         .\Debug/raceline.obj
         .\Debug/relief.obj
         .\Debug/track.obj
         .\Debug/util.obj
         .\Debug/windowsspec.obj
         trackgen.vcxproj -> D:\Simon\Documents\GitHub\Kandidatarbete\torcs-1.3.4\src\tools\trackgen\.\Debug\trackgen.exe
       BscMake:
         D:\Program\Microsoft Visual Studio 11.0\VC\bin\bscmake.exe /nologo /o".\Debug/trackgen.bsc" .\Debug\ac3d.sbr .\Debug\easymesh.sbr .\Debug\elevation.sbr .\Debug\maintrackgen.sbr .\Debug\objects.sbr .\Debug\raceline.sbr .\Debug\relief.sbr .\Debug\track.sbr .\Debug\util.sbr .\Debug\windowsspec.sbr
       PostBuildEvent:
         copy D:\Simon\Documents\GitHub\Kandidatarbete\torcs-1.3.4\src\tools\trackgen\Debug\trackgen.exe D:\Simon\Documents\GitHub\Kandidatarbete\torcs-1.3.4\runtimed
         :VCEnd
                 1 fil(er) kopierad(e).
     1>Done Building Project "D:\Simon\Documents\GitHub\Kandidatarbete\torcs-1.3.4\src\tools\trackgen\trackgen.vcxproj" (Build target(s)).

Build succeeded.

Time Elapsed 00:00:08.35
