D:\SIMON\DOCUMENTS\KANDIDATARBETE\TORCS-1.3.4\SRC\DRIVERS\DAMNED\RELEASE\STRATEGY.OBJ
D:\SIMON\DOCUMENTS\KANDIDATARBETE\TORCS-1.3.4\SRC\DRIVERS\DAMNED\RELEASE\SPLINE.OBJ
D:\SIMON\DOCUMENTS\KANDIDATARBETE\TORCS-1.3.4\SRC\DRIVERS\DAMNED\RELEASE\PIT.OBJ
D:\SIMON\DOCUMENTS\KANDIDATARBETE\TORCS-1.3.4\SRC\DRIVERS\DAMNED\RELEASE\OPPONENT.OBJ
D:\SIMON\DOCUMENTS\KANDIDATARBETE\TORCS-1.3.4\SRC\DRIVERS\DAMNED\RELEASE\LEARN.OBJ
D:\SIMON\DOCUMENTS\KANDIDATARBETE\TORCS-1.3.4\SRC\DRIVERS\DAMNED\RELEASE\DRIVER.OBJ
D:\SIMON\DOCUMENTS\KANDIDATARBETE\TORCS-1.3.4\SRC\DRIVERS\DAMNED\RELEASE\DAMNED.OBJ
D:\SIMON\DOCUMENTS\KANDIDATARBETE\TORCS-1.3.4\SRC\DRIVERS\DAMNED\RELEASE\CARDATA.OBJ
D:\SIMON\DOCUMENTS\KANDIDATARBETE\TORCS-1.3.4\SRC\DRIVERS\DAMNED\RELEASE\VC110.PDB
D:\Simon\Documents\Kandidatarbete\torcs-1.3.4\src\drivers\damned\Release\damned.lib
D:\Simon\Documents\Kandidatarbete\torcs-1.3.4\src\drivers\damned\Release\damned.exp
D:\SIMON\DOCUMENTS\KANDIDATARBETE\TORCS-1.3.4\SRC\DRIVERS\DAMNED\RELEASE\DAMNED.DLL
D:\SIMON\DOCUMENTS\KANDIDATARBETE\TORCS-1.3.4\SRC\DRIVERS\DAMNED\RELEASE\DAMNED.MAP
D:\Simon\Documents\Kandidatarbete\torcs-1.3.4\src\drivers\damned\Release\cardata.obj
D:\Simon\Documents\Kandidatarbete\torcs-1.3.4\src\drivers\damned\Release\damned.obj
D:\Simon\Documents\Kandidatarbete\torcs-1.3.4\src\drivers\damned\Release\driver.obj
D:\Simon\Documents\Kandidatarbete\torcs-1.3.4\src\drivers\damned\Release\learn.obj
D:\Simon\Documents\Kandidatarbete\torcs-1.3.4\src\drivers\damned\Release\opponent.obj
D:\Simon\Documents\Kandidatarbete\torcs-1.3.4\src\drivers\damned\Release\pit.obj
D:\Simon\Documents\Kandidatarbete\torcs-1.3.4\src\drivers\damned\Release\spline.obj
D:\Simon\Documents\Kandidatarbete\torcs-1.3.4\src\drivers\damned\Release\strategy.obj
D:\Simon\Documents\Kandidatarbete\torcs-1.3.4\src\drivers\damned\Release\cl.command.1.tlog
D:\Simon\Documents\Kandidatarbete\torcs-1.3.4\src\drivers\damned\Release\CL.read.1.tlog
D:\Simon\Documents\Kandidatarbete\torcs-1.3.4\src\drivers\damned\Release\CL.write.1.tlog
D:\Simon\Documents\Kandidatarbete\torcs-1.3.4\src\drivers\damned\Release\damned.write.1.tlog
D:\Simon\Documents\Kandidatarbete\torcs-1.3.4\src\drivers\damned\Release\link.command.1.tlog
D:\Simon\Documents\Kandidatarbete\torcs-1.3.4\src\drivers\damned\Release\link.read.1.tlog
D:\Simon\Documents\Kandidatarbete\torcs-1.3.4\src\drivers\damned\Release\link.write.1.tlog
D:\Simon\Documents\Kandidatarbete\torcs-1.3.4\src\drivers\damned\Release\vc110.pdb
D:\Simon\Documents\Kandidatarbete\torcs-1.3.4\src\drivers\damned\.\Release\damned.dll
