D:\SIMON\DOCUMENTS\KANDIDATARBETE\TORCS-1.3.4\SRC\LIBS\TGF\RELEASE\TRACE.OBJ
D:\SIMON\DOCUMENTS\KANDIDATARBETE\TORCS-1.3.4\SRC\LIBS\TGF\RELEASE\TGF.OBJ
D:\SIMON\DOCUMENTS\KANDIDATARBETE\TORCS-1.3.4\SRC\LIBS\TGF\RELEASE\PARAMS.OBJ
D:\SIMON\DOCUMENTS\KANDIDATARBETE\TORCS-1.3.4\SRC\LIBS\TGF\RELEASE\OS.OBJ
D:\SIMON\DOCUMENTS\KANDIDATARBETE\TORCS-1.3.4\SRC\LIBS\TGF\RELEASE\MODULE.OBJ
D:\SIMON\DOCUMENTS\KANDIDATARBETE\TORCS-1.3.4\SRC\LIBS\TGF\RELEASE\HASH.OBJ
D:\SIMON\DOCUMENTS\KANDIDATARBETE\TORCS-1.3.4\SRC\LIBS\TGF\RELEASE\DIRECTORY.OBJ
D:\SIMON\DOCUMENTS\KANDIDATARBETE\TORCS-1.3.4\SRC\LIBS\TGF\RELEASE\VC110.PDB
D:\SIMON\DOCUMENTS\KANDIDATARBETE\TORCS-1.3.4\SRC\LIBS\TGF\RELEASE\TGF.DLL
D:\Simon\Documents\Kandidatarbete\torcs-1.3.4\src\libs\tgf\Release\tgf.lib
D:\Simon\Documents\Kandidatarbete\torcs-1.3.4\src\libs\tgf\Release\tgf.exp
D:\Simon\Documents\Kandidatarbete\torcs-1.3.4\src\libs\tgf\Release\directory.obj
D:\Simon\Documents\Kandidatarbete\torcs-1.3.4\src\libs\tgf\Release\hash.obj
D:\Simon\Documents\Kandidatarbete\torcs-1.3.4\src\libs\tgf\Release\module.obj
D:\Simon\Documents\Kandidatarbete\torcs-1.3.4\src\libs\tgf\Release\os.obj
D:\Simon\Documents\Kandidatarbete\torcs-1.3.4\src\libs\tgf\Release\params.obj
D:\Simon\Documents\Kandidatarbete\torcs-1.3.4\src\libs\tgf\Release\tgf.obj
D:\Simon\Documents\Kandidatarbete\torcs-1.3.4\src\libs\tgf\Release\trace.obj
D:\Simon\Documents\Kandidatarbete\torcs-1.3.4\src\libs\tgf\Release\cl.command.1.tlog
D:\Simon\Documents\Kandidatarbete\torcs-1.3.4\src\libs\tgf\Release\CL.read.1.tlog
D:\Simon\Documents\Kandidatarbete\torcs-1.3.4\src\libs\tgf\Release\CL.write.1.tlog
D:\Simon\Documents\Kandidatarbete\torcs-1.3.4\src\libs\tgf\Release\link.command.1.tlog
D:\Simon\Documents\Kandidatarbete\torcs-1.3.4\src\libs\tgf\Release\link.read.1.tlog
D:\Simon\Documents\Kandidatarbete\torcs-1.3.4\src\libs\tgf\Release\link.write.1.tlog
D:\Simon\Documents\Kandidatarbete\torcs-1.3.4\src\libs\tgf\Release\tgf.write.1.tlog
D:\Simon\Documents\Kandidatarbete\torcs-1.3.4\src\libs\tgf\Release\vc110.pdb
D:\Simon\Documents\Kandidatarbete\torcs-1.3.4\src\libs\tgf\.\Release\tgf.dll
