Build started 4/23/2013 12:19:36 PM.
     1>Project "D:\Simon\Documents\GitHub\Kandidatarbete\torcs-1.3.4\src\libs\tgf\tgf.vcxproj" on node 2 (Build target(s)).
     1>ClCompile:
         D:\Program\Microsoft Visual Studio 11.0\VC\bin\CL.exe /c /I../../../export/include /I../../windows/include /I../../.. /Zi /nologo /W2 /WX- /O2 /Ob1 /Oy- /D WIN32 /D NDEBUG /D _WINDOWS /D _USRDLL /D TGF_EXPORTS /D _VC80_UPGRADE=0x0600 /D _WINDLL /D _MBCS /GF /Gm- /EHsc /MT /GS- /Gy- /fp:precise /Zc:wchar_t /Zc:forScope /Fo".\Release/" /Fd".\Release/vc110.pdb" /Gd /TP /analyze- /errorReport:prompt directory.cpp hash.cpp module.cpp os.cpp params.cpp tgf.cpp trace.cpp
         directory.cpp
         hash.cpp
         module.cpp
         os.cpp
         params.cpp
         tgf.cpp
         trace.cpp
         Generating Code...
       Link:
         D:\Program\Microsoft Visual Studio 11.0\VC\bin\link.exe /ERRORREPORT:PROMPT /OUT:".\Release/tgf.dll" /INCREMENTAL:NO /NOLOGO /LIBPATH:../../../export/lib /LIBPATH:../../windows/lib libpng15_vs2008_32.lib txml.lib sg_vs2008_32.lib ul_vs2008_32.lib kernel32.lib user32.lib gdi32.lib winspool.lib comdlg32.lib advapi32.lib shell32.lib ole32.lib oleaut32.lib uuid.lib odbc32.lib odbccp32.lib /DEF:".\tgf.def" /MANIFEST:NO /PDB:".\Release/tgf.pdb" /TLBID:1 /DYNAMICBASE:NO /IMPLIB:".\Release/tgf.lib" /MACHINE:X86 /SAFESEH /DLL .\Release/directory.obj
         .\Release/hash.obj
         .\Release/module.obj
         .\Release/os.obj
         .\Release/params.obj
         .\Release/tgf.obj
         .\Release/trace.obj
            Creating library .\Release/tgf.lib and object .\Release/tgf.exp
         tgf.vcxproj -> D:\Simon\Documents\GitHub\Kandidatarbete\torcs-1.3.4\src\libs\tgf\.\Release\tgf.dll
       PostBuildEvent:
         copy D:\Simon\Documents\GitHub\Kandidatarbete\torcs-1.3.4\src\libs\tgf\Release\*.dll ..\..\..\runtime
         copy D:\Simon\Documents\GitHub\Kandidatarbete\torcs-1.3.4\src\libs\tgf\Release\*.lib ..\..\..\export\lib
         
         :VCEnd
         D:\Simon\Documents\GitHub\Kandidatarbete\torcs-1.3.4\src\libs\tgf\Release\tgf.dll
                 1 fil(er) kopierad(e).
         D:\Simon\Documents\GitHub\Kandidatarbete\torcs-1.3.4\src\libs\tgf\Release\tgf.lib
                 1 fil(er) kopierad(e).
     1>Done Building Project "D:\Simon\Documents\GitHub\Kandidatarbete\torcs-1.3.4\src\libs\tgf\tgf.vcxproj" (Build target(s)).

Build succeeded.

Time Elapsed 00:00:03.35
