E:\DOCUMENTS\GITHUB\KANDIDATARBETE\TORCS-1.3.4\SRC\LIBS\LEARNING\RELEASE\STRING_UTILS.OBJ
E:\DOCUMENTS\GITHUB\KANDIDATARBETE\TORCS-1.3.4\SRC\LIBS\LEARNING\RELEASE\POLICY.OBJ
E:\DOCUMENTS\GITHUB\KANDIDATARBETE\TORCS-1.3.4\SRC\LIBS\LEARNING\RELEASE\MATHFUNCTIONS.OBJ
E:\DOCUMENTS\GITHUB\KANDIDATARBETE\TORCS-1.3.4\SRC\LIBS\LEARNING\RELEASE\LIST.OBJ
E:\DOCUMENTS\GITHUB\KANDIDATARBETE\TORCS-1.3.4\SRC\LIBS\LEARNING\RELEASE\DISTRIBUTION.OBJ
E:\DOCUMENTS\GITHUB\KANDIDATARBETE\TORCS-1.3.4\SRC\LIBS\LEARNING\RELEASE\ANN_POLICY.OBJ
E:\DOCUMENTS\GITHUB\KANDIDATARBETE\TORCS-1.3.4\SRC\LIBS\LEARNING\RELEASE\ANN.OBJ
E:\DOCUMENTS\GITHUB\KANDIDATARBETE\TORCS-1.3.4\SRC\LIBS\LEARNING\RELEASE\VC110.PDB
E:\Documents\GitHub\Kandidatarbete\torcs-1.3.4\src\libs\learning\Release\learning.lib
E:\Documents\GitHub\Kandidatarbete\torcs-1.3.4\src\libs\learning\Release\learning.exp
E:\DOCUMENTS\GITHUB\KANDIDATARBETE\TORCS-1.3.4\SRC\LIBS\LEARNING\RELEASE\LEARNING.DLL
E:\Documents\GitHub\Kandidatarbete\torcs-1.3.4\src\libs\learning\Release\ANN.obj
E:\Documents\GitHub\Kandidatarbete\torcs-1.3.4\src\libs\learning\Release\ann_policy.obj
E:\Documents\GitHub\Kandidatarbete\torcs-1.3.4\src\libs\learning\Release\Distribution.obj
E:\Documents\GitHub\Kandidatarbete\torcs-1.3.4\src\libs\learning\Release\List.obj
E:\Documents\GitHub\Kandidatarbete\torcs-1.3.4\src\libs\learning\Release\MathFunctions.obj
E:\Documents\GitHub\Kandidatarbete\torcs-1.3.4\src\libs\learning\Release\policy.obj
E:\Documents\GitHub\Kandidatarbete\torcs-1.3.4\src\libs\learning\Release\string_utils.obj
E:\Documents\GitHub\Kandidatarbete\torcs-1.3.4\src\libs\learning\Release\cl.command.1.tlog
E:\Documents\GitHub\Kandidatarbete\torcs-1.3.4\src\libs\learning\Release\CL.read.1.tlog
E:\Documents\GitHub\Kandidatarbete\torcs-1.3.4\src\libs\learning\Release\CL.write.1.tlog
E:\Documents\GitHub\Kandidatarbete\torcs-1.3.4\src\libs\learning\Release\learning.write.1.tlog
E:\Documents\GitHub\Kandidatarbete\torcs-1.3.4\src\libs\learning\Release\link.command.1.tlog
E:\Documents\GitHub\Kandidatarbete\torcs-1.3.4\src\libs\learning\Release\link.read.1.tlog
E:\Documents\GitHub\Kandidatarbete\torcs-1.3.4\src\libs\learning\Release\link.write.1.tlog
E:\Documents\GitHub\Kandidatarbete\torcs-1.3.4\src\libs\learning\Release\vc110.pdb
E:\Documents\GitHub\Kandidatarbete\torcs-1.3.4\src\libs\learning\.\Release\learning.dll
