Build started 4/23/2013 12:19:40 PM.
     1>Project "D:\Simon\Documents\GitHub\Kandidatarbete\torcs-1.3.4\src\libs\learning\learning.vcxproj" on node 3 (Build target(s)).
     1>ClCompile:
         D:\Program\Microsoft Visual Studio 11.0\VC\bin\CL.exe /c /I../../../export/include /I../../.. /Zi /nologo /W2 /WX- /O2 /Ob1 /Oy- /D WIN32 /D NDEBUG /D _WINDOWS /D _USRDLL /D LEARNING_EXPORTS /D _VC80_UPGRADE=0x0600 /D _WINDLL /D _MBCS /GF /Gm- /EHsc /MT /GS- /Gy- /fp:precise /Zc:wchar_t /Zc:forScope /Fo".\Release/" /Fd".\Release/vc110.pdb" /Gd /TP /analyze- /errorReport:prompt ANN.cpp ann_policy.cpp Distribution.cpp List.cpp MathFunctions.cpp policy.cpp string_utils.cpp
         ANN.cpp
         ann_policy.cpp
         Distribution.cpp
         List.cpp
         MathFunctions.cpp
         policy.cpp
         string_utils.cpp
         Generating Code...
       Link:
         D:\Program\Microsoft Visual Studio 11.0\VC\bin\link.exe /ERRORREPORT:PROMPT /OUT:".\Release/learning.dll" /INCREMENTAL:NO /NOLOGO /LIBPATH:../../../export/lib /LIBPATH:../../windows/lib kernel32.lib user32.lib gdi32.lib winspool.lib comdlg32.lib advapi32.lib shell32.lib ole32.lib oleaut32.lib uuid.lib odbc32.lib odbccp32.lib /DEF:".\learning.def" /MANIFEST:NO /PDB:".\Release/learning.pdb" /TLBID:1 /DYNAMICBASE:NO /IMPLIB:".\Release/learning.lib" /MACHINE:X86 /SAFESEH /DLL .\Release/ANN.obj
         .\Release/ann_policy.obj
         .\Release/Distribution.obj
         .\Release/List.obj
         .\Release/MathFunctions.obj
         .\Release/policy.obj
         .\Release/string_utils.obj
            Creating library .\Release/learning.lib and object .\Release/learning.exp
         learning.vcxproj -> D:\Simon\Documents\GitHub\Kandidatarbete\torcs-1.3.4\src\libs\learning\.\Release\learning.dll
       PostBuildEvent:
         copy D:\Simon\Documents\GitHub\Kandidatarbete\torcs-1.3.4\src\libs\learning\Release\*.dll D:\Simon\Documents\GitHub\Kandidatarbete\torcs-1.3.4\runtime
         copy D:\Simon\Documents\GitHub\Kandidatarbete\torcs-1.3.4\src\libs\learning\Release\*.lib D:\Simon\Documents\GitHub\Kandidatarbete\torcs-1.3.4\export\lib
         
         :VCEnd
         D:\Simon\Documents\GitHub\Kandidatarbete\torcs-1.3.4\src\libs\learning\Release\learning.dll
                 1 fil(er) kopierad(e).
         D:\Simon\Documents\GitHub\Kandidatarbete\torcs-1.3.4\src\libs\learning\Release\learning.lib
                 1 fil(er) kopierad(e).
     1>Done Building Project "D:\Simon\Documents\GitHub\Kandidatarbete\torcs-1.3.4\src\libs\learning\learning.vcxproj" (Build target(s)).

Build succeeded.

Time Elapsed 00:00:01.59
