Build started 5/3/2013 2:26:51 AM.
     1>Project "D:\Simon\Documents\GitHub\Kandidatarbete\torcs-1.3.4\src\libs\txml\txml.vcxproj" on node 2 (Build target(s)).
     1>ClCompile:
         D:\Program\Microsoft Visual Studio 11.0\VC\bin\CL.exe /c /I../../../export/include /I../../windows/include /I../../.. /Zi /nologo /W2 /WX- /Od /Oy- /D WIN32 /D _DEBUG /D _WINDOWS /D _USRDLL /D TXML_EXPORTS /D DEBUG /D DEBUG_OUT /D _VC80_UPGRADE=0x0600 /D _WINDLL /D _MBCS /Gm- /EHsc /RTC1 /MTd /GS /fp:precise /Zc:wchar_t /Zc:forScope /Fo".\Debug/" /Fd".\Debug/vc110.pdb" /FR".\Debug\\" /Gd /TC /analyze- /errorReport:prompt dllmain.c gennmtab.c hashtable.c xmlparse.c xmlrole.c xmltok.c
         dllmain.c
         gennmtab.c
         hashtable.c
         xmlparse.c
         xmlrole.c
         xmltok.c
         Generating Code...
         D:\Program\Microsoft Visual Studio 11.0\VC\bin\CL.exe /c /I../../../export/include /I../../windows/include /I../../.. /Zi /nologo /W2 /WX- /Od /Oy- /D WIN32 /D _DEBUG /D _WINDOWS /D _USRDLL /D TXML_EXPORTS /D DEBUG /D DEBUG_OUT /D _VC80_UPGRADE=0x0600 /D _WINDLL /D _MBCS /Gm- /EHsc /RTC1 /MTd /GS /fp:precise /Zc:wchar_t /Zc:forScope /Fo".\Debug/" /Fd".\Debug/vc110.pdb" /FR".\Debug\\" /Gd /TP /analyze- /errorReport:prompt xml.cpp
         xml.cpp
       Link:
         D:\Program\Microsoft Visual Studio 11.0\VC\bin\link.exe /ERRORREPORT:PROMPT /OUT:".\Debug/txml.dll" /INCREMENTAL:NO /NOLOGO /LIBPATH:../../windows/lib kernel32.lib user32.lib gdi32.lib winspool.lib comdlg32.lib advapi32.lib shell32.lib ole32.lib oleaut32.lib uuid.lib odbc32.lib odbccp32.lib /NODEFAULTLIB:LIBCMT /DEF:".\txml.def" /MANIFEST:NO /DEBUG /PDB:".\Debug/txml.pdb" /MAP:".\Debug/txml.map" /TLBID:1 /DYNAMICBASE:NO /IMPLIB:".\Debug/txml.lib" /MACHINE:X86 /SAFESEH /DLL .\Debug/dllmain.obj
         .\Debug/gennmtab.obj
         .\Debug/hashtable.obj
         .\Debug/xml.obj
         .\Debug/xmlparse.obj
         .\Debug/xmlrole.obj
         .\Debug/xmltok.obj
            Creating library .\Debug/txml.lib and object .\Debug/txml.exp
         txml.vcxproj -> D:\Simon\Documents\GitHub\Kandidatarbete\torcs-1.3.4\src\libs\txml\.\Debug\txml.dll
       BscMake:
         D:\Program\Microsoft Visual Studio 11.0\VC\bin\bscmake.exe /nologo /o".\Debug/txml.bsc" .\Debug\dllmain.sbr .\Debug\gennmtab.sbr .\Debug\hashtable.sbr .\Debug\xml.sbr .\Debug\xmlparse.sbr .\Debug\xmlrole.sbr .\Debug\xmltok.sbr
       PostBuildEvent:
         copy D:\Simon\Documents\GitHub\Kandidatarbete\torcs-1.3.4\src\libs\txml\Debug\*.dll D:\Simon\Documents\GitHub\Kandidatarbete\torcs-1.3.4\runtimed
         copy D:\Simon\Documents\GitHub\Kandidatarbete\torcs-1.3.4\src\libs\txml\Debug\*.lib D:\Simon\Documents\GitHub\Kandidatarbete\torcs-1.3.4\export\libd
         
         :VCEnd
         D:\Simon\Documents\GitHub\Kandidatarbete\torcs-1.3.4\src\libs\txml\Debug\txml.dll
                 1 fil(er) kopierad(e).
         D:\Simon\Documents\GitHub\Kandidatarbete\torcs-1.3.4\src\libs\txml\Debug\txml.lib
                 1 fil(er) kopierad(e).
     1>Done Building Project "D:\Simon\Documents\GitHub\Kandidatarbete\torcs-1.3.4\src\libs\txml\txml.vcxproj" (Build target(s)).

Build succeeded.

Time Elapsed 00:00:03.81
