D:\SIMON\DOCUMENTS\KANDIDATARBETE\TORCS-1.3.4\SRC\DRIVERS\TITA\RELEASE\TRACKDESC.OBJ
D:\SIMON\DOCUMENTS\KANDIDATARBETE\TORCS-1.3.4\SRC\DRIVERS\TITA\RELEASE\TITA.OBJ
D:\SIMON\DOCUMENTS\KANDIDATARBETE\TORCS-1.3.4\SRC\DRIVERS\TITA\RELEASE\SPLINE.OBJ
D:\SIMON\DOCUMENTS\KANDIDATARBETE\TORCS-1.3.4\SRC\DRIVERS\TITA\RELEASE\PATHFINDER.OBJ
D:\SIMON\DOCUMENTS\KANDIDATARBETE\TORCS-1.3.4\SRC\DRIVERS\TITA\RELEASE\MYCAR.OBJ
D:\SIMON\DOCUMENTS\KANDIDATARBETE\TORCS-1.3.4\SRC\DRIVERS\TITA\RELEASE\VC110.PDB
D:\SIMON\DOCUMENTS\KANDIDATARBETE\TORCS-1.3.4\SRC\DRIVERS\TITA\RELEASE\TITA.DLL
D:\SIMON\DOCUMENTS\KANDIDATARBETE\TORCS-1.3.4\SRC\DRIVERS\TITA\RELEASE\TITA.MAP
D:\Simon\Documents\Kandidatarbete\torcs-1.3.4\src\drivers\tita\Release\tita.lib
D:\Simon\Documents\Kandidatarbete\torcs-1.3.4\src\drivers\tita\Release\tita.exp
D:\Simon\Documents\Kandidatarbete\torcs-1.3.4\src\drivers\tita\Release\mycar.obj
D:\Simon\Documents\Kandidatarbete\torcs-1.3.4\src\drivers\tita\Release\pathfinder.obj
D:\Simon\Documents\Kandidatarbete\torcs-1.3.4\src\drivers\tita\Release\spline.obj
D:\Simon\Documents\Kandidatarbete\torcs-1.3.4\src\drivers\tita\Release\tita.obj
D:\Simon\Documents\Kandidatarbete\torcs-1.3.4\src\drivers\tita\Release\trackdesc.obj
D:\Simon\Documents\Kandidatarbete\torcs-1.3.4\src\drivers\tita\Release\cl.command.1.tlog
D:\Simon\Documents\Kandidatarbete\torcs-1.3.4\src\drivers\tita\Release\CL.read.1.tlog
D:\Simon\Documents\Kandidatarbete\torcs-1.3.4\src\drivers\tita\Release\CL.write.1.tlog
D:\Simon\Documents\Kandidatarbete\torcs-1.3.4\src\drivers\tita\Release\link.command.1.tlog
D:\Simon\Documents\Kandidatarbete\torcs-1.3.4\src\drivers\tita\Release\link.read.1.tlog
D:\Simon\Documents\Kandidatarbete\torcs-1.3.4\src\drivers\tita\Release\link.write.1.tlog
D:\Simon\Documents\Kandidatarbete\torcs-1.3.4\src\drivers\tita\Release\tita.write.1.tlog
D:\Simon\Documents\Kandidatarbete\torcs-1.3.4\src\drivers\tita\Release\vc110.pdb
D:\Simon\Documents\Kandidatarbete\torcs-1.3.4\src\drivers\tita\.\Release\tita.dll
