Build started 4/23/2013 12:19:52 PM.
     1>Project "D:\Simon\Documents\GitHub\Kandidatarbete\torcs-1.3.4\src\drivers\tita\tita.vcxproj" on node 3 (Build target(s)).
     1>ClCompile:
         D:\Program\Microsoft Visual Studio 11.0\VC\bin\CL.exe /c /I../../../export/include /I../../windows/include /I../../.. /Zi /nologo /W2 /WX- /O2 /Ob1 /Oy- /D WIN32 /D NDEBUG /D _WINDOWS /D _USRDLL /D BERNIW_2004_EXPORTS /D _VC80_UPGRADE=0x0600 /D _WINDLL /D _MBCS /GF /Gm- /EHsc /MT /GS- /Gy- /fp:precise /Zc:wchar_t /Zc:forScope /Fo".\Release/" /Fd".\Release/vc110.pdb" /Gd /TP /analyze- /errorReport:prompt mycar.cpp pathfinder.cpp spline.cpp tita.cpp trackdesc.cpp
         mycar.cpp
         pathfinder.cpp
         spline.cpp
         tita.cpp
         trackdesc.cpp
         Generating Code...
       Link:
         D:\Program\Microsoft Visual Studio 11.0\VC\bin\link.exe /ERRORREPORT:PROMPT /OUT:".\Release/tita.dll" /INCREMENTAL:NO /NOLOGO /LIBPATH:../../../export/lib /LIBPATH:../../windows/lib tgf.lib robottools.lib sg_vs2008_32.lib ul_vs2008_32.lib kernel32.lib user32.lib gdi32.lib winspool.lib comdlg32.lib advapi32.lib shell32.lib ole32.lib oleaut32.lib uuid.lib odbc32.lib odbccp32.lib /DEF:".\tita.def" /MANIFEST:NO /PDB:".\Release/tita.pdb" /MAP:".\Release/tita.map" /TLBID:1 /DYNAMICBASE:NO /IMPLIB:".\Release/tita.lib" /MACHINE:X86 /SAFESEH /DLL .\Release/mycar.obj
         .\Release/pathfinder.obj
         .\Release/spline.obj
         .\Release/tita.obj
         .\Release/trackdesc.obj
            Creating library .\Release/tita.lib and object .\Release/tita.exp
         tita.vcxproj -> D:\Simon\Documents\GitHub\Kandidatarbete\torcs-1.3.4\src\drivers\tita\.\Release\tita.dll
       PostBuildEvent:
         copy D:\Simon\Documents\GitHub\Kandidatarbete\torcs-1.3.4\src\drivers\tita\Release\*.dll D:\Simon\Documents\GitHub\Kandidatarbete\torcs-1.3.4\runtime\drivers\tita
         :VCEnd
         D:\Simon\Documents\GitHub\Kandidatarbete\torcs-1.3.4\src\drivers\tita\Release\tita.dll
                 1 fil(er) kopierad(e).
     1>Done Building Project "D:\Simon\Documents\GitHub\Kandidatarbete\torcs-1.3.4\src\drivers\tita\tita.vcxproj" (Build target(s)).

Build succeeded.

Time Elapsed 00:00:03.09
