D:\SIMON\DOCUMENTS\KANDIDATARBETE\TORCS-1.3.4\SRC\MODULES\SIMU\SIMUV2\RELEASE\WHEEL.OBJ
D:\SIMON\DOCUMENTS\KANDIDATARBETE\TORCS-1.3.4\SRC\MODULES\SIMU\SIMUV2\RELEASE\TRANSMISSION.OBJ
D:\SIMON\DOCUMENTS\KANDIDATARBETE\TORCS-1.3.4\SRC\MODULES\SIMU\SIMUV2\RELEASE\SUSP.OBJ
D:\SIMON\DOCUMENTS\KANDIDATARBETE\TORCS-1.3.4\SRC\MODULES\SIMU\SIMUV2\RELEASE\STEER.OBJ
D:\SIMON\DOCUMENTS\KANDIDATARBETE\TORCS-1.3.4\SRC\MODULES\SIMU\SIMUV2\RELEASE\SIMUITF.OBJ
D:\SIMON\DOCUMENTS\KANDIDATARBETE\TORCS-1.3.4\SRC\MODULES\SIMU\SIMUV2\RELEASE\SIMU.OBJ
D:\SIMON\DOCUMENTS\KANDIDATARBETE\TORCS-1.3.4\SRC\MODULES\SIMU\SIMUV2\RELEASE\ENGINE.OBJ
D:\SIMON\DOCUMENTS\KANDIDATARBETE\TORCS-1.3.4\SRC\MODULES\SIMU\SIMUV2\RELEASE\DIFFERENTIAL.OBJ
D:\SIMON\DOCUMENTS\KANDIDATARBETE\TORCS-1.3.4\SRC\MODULES\SIMU\SIMUV2\RELEASE\COLLIDE.OBJ
D:\SIMON\DOCUMENTS\KANDIDATARBETE\TORCS-1.3.4\SRC\MODULES\SIMU\SIMUV2\RELEASE\CATEGORIES.OBJ
D:\SIMON\DOCUMENTS\KANDIDATARBETE\TORCS-1.3.4\SRC\MODULES\SIMU\SIMUV2\RELEASE\CAR.OBJ
D:\SIMON\DOCUMENTS\KANDIDATARBETE\TORCS-1.3.4\SRC\MODULES\SIMU\SIMUV2\RELEASE\BRAKE.OBJ
D:\SIMON\DOCUMENTS\KANDIDATARBETE\TORCS-1.3.4\SRC\MODULES\SIMU\SIMUV2\RELEASE\AXLE.OBJ
D:\SIMON\DOCUMENTS\KANDIDATARBETE\TORCS-1.3.4\SRC\MODULES\SIMU\SIMUV2\RELEASE\AERO.OBJ
D:\SIMON\DOCUMENTS\KANDIDATARBETE\TORCS-1.3.4\SRC\MODULES\SIMU\SIMUV2\RELEASE\VC110.PDB
D:\SIMON\DOCUMENTS\KANDIDATARBETE\TORCS-1.3.4\SRC\MODULES\SIMU\SIMUV2\RELEASE\SIMUV2.DLL
D:\SIMON\DOCUMENTS\KANDIDATARBETE\TORCS-1.3.4\SRC\MODULES\SIMU\SIMUV2\RELEASE\SIMUV2.MAP
D:\Simon\Documents\Kandidatarbete\torcs-1.3.4\src\modules\simu\simuv2\Release\simuv2.lib
D:\Simon\Documents\Kandidatarbete\torcs-1.3.4\src\modules\simu\simuv2\Release\simuv2.exp
D:\Simon\Documents\Kandidatarbete\torcs-1.3.4\src\modules\simu\simuv2\Release\aero.obj
D:\Simon\Documents\Kandidatarbete\torcs-1.3.4\src\modules\simu\simuv2\Release\axle.obj
D:\Simon\Documents\Kandidatarbete\torcs-1.3.4\src\modules\simu\simuv2\Release\brake.obj
D:\Simon\Documents\Kandidatarbete\torcs-1.3.4\src\modules\simu\simuv2\Release\car.obj
D:\Simon\Documents\Kandidatarbete\torcs-1.3.4\src\modules\simu\simuv2\Release\categories.obj
D:\Simon\Documents\Kandidatarbete\torcs-1.3.4\src\modules\simu\simuv2\Release\collide.obj
D:\Simon\Documents\Kandidatarbete\torcs-1.3.4\src\modules\simu\simuv2\Release\differential.obj
D:\Simon\Documents\Kandidatarbete\torcs-1.3.4\src\modules\simu\simuv2\Release\engine.obj
D:\Simon\Documents\Kandidatarbete\torcs-1.3.4\src\modules\simu\simuv2\Release\simu.obj
D:\Simon\Documents\Kandidatarbete\torcs-1.3.4\src\modules\simu\simuv2\Release\simuitf.obj
D:\Simon\Documents\Kandidatarbete\torcs-1.3.4\src\modules\simu\simuv2\Release\steer.obj
D:\Simon\Documents\Kandidatarbete\torcs-1.3.4\src\modules\simu\simuv2\Release\susp.obj
D:\Simon\Documents\Kandidatarbete\torcs-1.3.4\src\modules\simu\simuv2\Release\transmission.obj
D:\Simon\Documents\Kandidatarbete\torcs-1.3.4\src\modules\simu\simuv2\Release\wheel.obj
D:\Simon\Documents\Kandidatarbete\torcs-1.3.4\src\modules\simu\simuv2\Release\cl.command.1.tlog
D:\Simon\Documents\Kandidatarbete\torcs-1.3.4\src\modules\simu\simuv2\Release\CL.read.1.tlog
D:\Simon\Documents\Kandidatarbete\torcs-1.3.4\src\modules\simu\simuv2\Release\CL.write.1.tlog
D:\Simon\Documents\Kandidatarbete\torcs-1.3.4\src\modules\simu\simuv2\Release\link.command.1.tlog
D:\Simon\Documents\Kandidatarbete\torcs-1.3.4\src\modules\simu\simuv2\Release\link.read.1.tlog
D:\Simon\Documents\Kandidatarbete\torcs-1.3.4\src\modules\simu\simuv2\Release\link.write.1.tlog
D:\Simon\Documents\Kandidatarbete\torcs-1.3.4\src\modules\simu\simuv2\Release\simuv2.write.1.tlog
D:\Simon\Documents\Kandidatarbete\torcs-1.3.4\src\modules\simu\simuv2\Release\vc110.pdb
D:\Simon\Documents\Kandidatarbete\torcs-1.3.4\src\modules\simu\simuv2\.\Release\simuv2.dll
