Build started 6/14/2013 1:09:47 AM.
     1>Project "D:\Simon\Documents\GitHub\Kandidatarbete\torcs-1.3.4\src\drivers\damned\damned.vcxproj" on node 4 (Build target(s)).
     1>ClCompile:
         D:\Program\Microsoft Visual Studio 11.0\VC\bin\CL.exe /c /I../../../export/include /I../../windows/include /I../../.. /Zi /nologo /W2 /WX- /Od /Oy- /D WIN32 /D _DEBUG /D _WINDOWS /D _USRDLL /D BT_EXPORTS /D DEBUG /D DEBUG_OUT /D _VC80_UPGRADE=0x0600 /D _WINDLL /D _MBCS /Gm- /EHsc /RTC1 /MTd /GS /fp:precise /Zc:wchar_t /Zc:forScope /Fo".\Debug/" /Fd".\Debug/vc110.pdb" /FR".\Debug\\" /Gd /TP /analyze- /errorReport:prompt damned.cpp driver.cpp learn.cpp opponent.cpp pit.cpp strategy.cpp
         damned.cpp
         driver.cpp
         learn.cpp
         opponent.cpp
         pit.cpp
         strategy.cpp
         Generating Code...
       Link:
         D:\Program\Microsoft Visual Studio 11.0\VC\bin\link.exe /ERRORREPORT:PROMPT /OUT:".\Debug/damned.dll" /INCREMENTAL:NO /NOLOGO /LIBPATH:../../../export/libd /LIBPATH:../../windows/lib tgf.lib robottools.lib sg_vs2008_32.lib ul_vs2008_32.lib kernel32.lib user32.lib gdi32.lib winspool.lib comdlg32.lib advapi32.lib shell32.lib ole32.lib oleaut32.lib uuid.lib odbc32.lib odbccp32.lib /NODEFAULTLIB:LIBCMT /DEF:".\damned.def" /MANIFEST:NO /DEBUG /PDB:".\Debug/damned.pdb" /MAP:".\Debug/damned.map" /TLBID:1 /DYNAMICBASE:NO /IMPLIB:".\Debug/damned.lib" /MACHINE:X86 /SAFESEH /DLL .\Debug/cardata.obj
         .\Debug/damned.obj
         .\Debug/driver.obj
         .\Debug/learn.obj
         .\Debug/opponent.obj
         .\Debug/pit.obj
         .\Debug/spline.obj
         .\Debug/strategy.obj
            Creating library .\Debug/damned.lib and object .\Debug/damned.exp
         damned.vcxproj -> D:\Simon\Documents\GitHub\Kandidatarbete\torcs-1.3.4\src\drivers\damned\.\Debug\damned.dll
       BscMake:
         D:\Program\Microsoft Visual Studio 11.0\VC\bin\bscmake.exe /nologo /o".\Debug/damned.bsc" .\Debug\cardata.sbr .\Debug\damned.sbr .\Debug\driver.sbr .\Debug\learn.sbr .\Debug\opponent.sbr .\Debug\pit.sbr .\Debug\spline.sbr .\Debug\strategy.sbr
       PostBuildEvent:
         copy D:\Simon\Documents\GitHub\Kandidatarbete\torcs-1.3.4\src\drivers\damned\Debug\*.dll D:\Simon\Documents\GitHub\Kandidatarbete\torcs-1.3.4\runtimed\drivers\damned
         :VCEnd
         D:\Simon\Documents\GitHub\Kandidatarbete\torcs-1.3.4\src\drivers\damned\Debug\damned.dll
         Det går inte att hitta sökvägen.
                 0 fil(er) kopierad(e).
     1>C:\Program Files (x86)\MSBuild\Microsoft.Cpp\v4.0\V110\Microsoft.CppCommon.targets(134,5): error MSB3073: The command "copy D:\Simon\Documents\GitHub\Kandidatarbete\torcs-1.3.4\src\drivers\damned\Debug\*.dll D:\Simon\Documents\GitHub\Kandidatarbete\torcs-1.3.4\runtimed\drivers\damned
C:\Program Files (x86)\MSBuild\Microsoft.Cpp\v4.0\V110\Microsoft.CppCommon.targets(134,5): error MSB3073: :VCEnd" exited with code 1.
     1>Done Building Project "D:\Simon\Documents\GitHub\Kandidatarbete\torcs-1.3.4\src\drivers\damned\damned.vcxproj" (Build target(s)) -- FAILED.

Build FAILED.

Time Elapsed 00:00:09.11
