D:\SIMON\DOCUMENTS\KANDIDATARBETE\TORCS-1.3.4\SRC\MODULES\SIMU\SIMUV2\SOLID-2.0\RELEASE\TRANSFORM.OBJ
D:\SIMON\DOCUMENTS\KANDIDATARBETE\TORCS-1.3.4\SRC\MODULES\SIMU\SIMUV2\SOLID-2.0\RELEASE\SPHERE.OBJ
D:\SIMON\DOCUMENTS\KANDIDATARBETE\TORCS-1.3.4\SRC\MODULES\SIMU\SIMUV2\SOLID-2.0\RELEASE\SIMPLEX.OBJ
D:\SIMON\DOCUMENTS\KANDIDATARBETE\TORCS-1.3.4\SRC\MODULES\SIMU\SIMUV2\SOLID-2.0\RELEASE\RESPTABLE.OBJ
D:\SIMON\DOCUMENTS\KANDIDATARBETE\TORCS-1.3.4\SRC\MODULES\SIMU\SIMUV2\SOLID-2.0\RELEASE\RESPONSE.OBJ
D:\SIMON\DOCUMENTS\KANDIDATARBETE\TORCS-1.3.4\SRC\MODULES\SIMU\SIMUV2\SOLID-2.0\RELEASE\POLYHEDRON.OBJ
D:\SIMON\DOCUMENTS\KANDIDATARBETE\TORCS-1.3.4\SRC\MODULES\SIMU\SIMUV2\SOLID-2.0\RELEASE\POLYGON.OBJ
D:\SIMON\DOCUMENTS\KANDIDATARBETE\TORCS-1.3.4\SRC\MODULES\SIMU\SIMUV2\SOLID-2.0\RELEASE\OBJECT.OBJ
D:\SIMON\DOCUMENTS\KANDIDATARBETE\TORCS-1.3.4\SRC\MODULES\SIMU\SIMUV2\SOLID-2.0\RELEASE\ENDPOINT.OBJ
D:\SIMON\DOCUMENTS\KANDIDATARBETE\TORCS-1.3.4\SRC\MODULES\SIMU\SIMUV2\SOLID-2.0\RELEASE\CYLINDER.OBJ
D:\SIMON\DOCUMENTS\KANDIDATARBETE\TORCS-1.3.4\SRC\MODULES\SIMU\SIMUV2\SOLID-2.0\RELEASE\CONVEX.OBJ
D:\SIMON\DOCUMENTS\KANDIDATARBETE\TORCS-1.3.4\SRC\MODULES\SIMU\SIMUV2\SOLID-2.0\RELEASE\CONE.OBJ
D:\SIMON\DOCUMENTS\KANDIDATARBETE\TORCS-1.3.4\SRC\MODULES\SIMU\SIMUV2\SOLID-2.0\RELEASE\COMPLEX.OBJ
D:\SIMON\DOCUMENTS\KANDIDATARBETE\TORCS-1.3.4\SRC\MODULES\SIMU\SIMUV2\SOLID-2.0\RELEASE\C-API.OBJ
D:\SIMON\DOCUMENTS\KANDIDATARBETE\TORCS-1.3.4\SRC\MODULES\SIMU\SIMUV2\SOLID-2.0\RELEASE\BOX.OBJ
D:\SIMON\DOCUMENTS\KANDIDATARBETE\TORCS-1.3.4\SRC\MODULES\SIMU\SIMUV2\SOLID-2.0\RELEASE\BBOXTREE.OBJ
D:\SIMON\DOCUMENTS\KANDIDATARBETE\TORCS-1.3.4\SRC\MODULES\SIMU\SIMUV2\SOLID-2.0\RELEASE\VC110.PDB
D:\SIMON\DOCUMENTS\KANDIDATARBETE\TORCS-1.3.4\SRC\MODULES\SIMU\SIMUV2\SOLID-2.0\RELEASE\SOLID.LIB
D:\Simon\Documents\Kandidatarbete\torcs-1.3.4\src\modules\simu\simuv2\SOLID-2.0\Release\BBoxTree.obj
D:\Simon\Documents\Kandidatarbete\torcs-1.3.4\src\modules\simu\simuv2\SOLID-2.0\Release\Box.obj
D:\Simon\Documents\Kandidatarbete\torcs-1.3.4\src\modules\simu\simuv2\SOLID-2.0\Release\C-api.obj
D:\Simon\Documents\Kandidatarbete\torcs-1.3.4\src\modules\simu\simuv2\SOLID-2.0\Release\Complex.obj
D:\Simon\Documents\Kandidatarbete\torcs-1.3.4\src\modules\simu\simuv2\SOLID-2.0\Release\Cone.obj
D:\Simon\Documents\Kandidatarbete\torcs-1.3.4\src\modules\simu\simuv2\SOLID-2.0\Release\Convex.obj
D:\Simon\Documents\Kandidatarbete\torcs-1.3.4\src\modules\simu\simuv2\SOLID-2.0\Release\Cylinder.obj
D:\Simon\Documents\Kandidatarbete\torcs-1.3.4\src\modules\simu\simuv2\SOLID-2.0\Release\Endpoint.obj
D:\Simon\Documents\Kandidatarbete\torcs-1.3.4\src\modules\simu\simuv2\SOLID-2.0\Release\Object.obj
D:\Simon\Documents\Kandidatarbete\torcs-1.3.4\src\modules\simu\simuv2\SOLID-2.0\Release\Polygon.obj
D:\Simon\Documents\Kandidatarbete\torcs-1.3.4\src\modules\simu\simuv2\SOLID-2.0\Release\Polyhedron.obj
D:\Simon\Documents\Kandidatarbete\torcs-1.3.4\src\modules\simu\simuv2\SOLID-2.0\Release\Response.obj
D:\Simon\Documents\Kandidatarbete\torcs-1.3.4\src\modules\simu\simuv2\SOLID-2.0\Release\RespTable.obj
D:\Simon\Documents\Kandidatarbete\torcs-1.3.4\src\modules\simu\simuv2\SOLID-2.0\Release\Simplex.obj
D:\Simon\Documents\Kandidatarbete\torcs-1.3.4\src\modules\simu\simuv2\SOLID-2.0\Release\Sphere.obj
D:\Simon\Documents\Kandidatarbete\torcs-1.3.4\src\modules\simu\simuv2\SOLID-2.0\Release\Transform.obj
D:\Simon\Documents\Kandidatarbete\torcs-1.3.4\src\modules\simu\simuv2\SOLID-2.0\Release\cl.command.1.tlog
D:\Simon\Documents\Kandidatarbete\torcs-1.3.4\src\modules\simu\simuv2\SOLID-2.0\Release\CL.read.1.tlog
D:\Simon\Documents\Kandidatarbete\torcs-1.3.4\src\modules\simu\simuv2\SOLID-2.0\Release\CL.write.1.tlog
D:\Simon\Documents\Kandidatarbete\torcs-1.3.4\src\modules\simu\simuv2\SOLID-2.0\Release\Lib-link.read.1.tlog
D:\Simon\Documents\Kandidatarbete\torcs-1.3.4\src\modules\simu\simuv2\SOLID-2.0\Release\Lib-link.write.1.tlog
D:\Simon\Documents\Kandidatarbete\torcs-1.3.4\src\modules\simu\simuv2\SOLID-2.0\Release\lib.command.1.tlog
D:\Simon\Documents\Kandidatarbete\torcs-1.3.4\src\modules\simu\simuv2\SOLID-2.0\Release\vc110.pdb
D:\Simon\Documents\Kandidatarbete\torcs-1.3.4\src\modules\simu\simuv2\SOLID-2.0\.\Release\solid.lib
