Build started 4/23/2013 12:19:30 PM.
     1>Project "D:\Simon\Documents\GitHub\Kandidatarbete\torcs-1.3.4\src\modules\simu\simuv2\SOLID-2.0\solid.vcxproj" on node 5 (Build target(s)).
     1>ClCompile:
         D:\Program\Microsoft Visual Studio 11.0\VC\bin\CL.exe /c /I../../../../../export/include /I../../../../libs/torcs /Zi /nologo /W2 /WX- /O2 /Ob1 /Oy- /D WIN32 /D NDEBUG /D _LIB /D _VC80_UPGRADE=0x0600 /D _MBCS /GF /Gm- /EHsc /MT /GS- /Gy- /fp:precise /Zc:wchar_t /Zc:forScope /Fo".\Release/" /Fd".\Release/vc110.pdb" /Gd /TP /analyze- /errorReport:prompt src\BBoxTree.cpp src\Box.cpp "src\C-api.cpp" src\Complex.cpp src\Cone.cpp src\Convex.cpp src\Cylinder.cpp src\Endpoint.cpp src\Object.cpp src\Polygon.cpp src\Polyhedron.cpp src\Response.cpp src\RespTable.cpp src\Simplex.cpp src\Sphere.cpp src\Transform.cpp
         BBoxTree.cpp
         Box.cpp
         C-api.cpp
         Complex.cpp
         Cone.cpp
         Convex.cpp
         Cylinder.cpp
         Endpoint.cpp
         Object.cpp
         Polygon.cpp
         Polyhedron.cpp
         Response.cpp
         RespTable.cpp
         Simplex.cpp
         Sphere.cpp
         Transform.cpp
         Generating Code...
       Lib:
         D:\Program\Microsoft Visual Studio 11.0\VC\bin\Lib.exe /OUT:".\Release\solid.lib" /NOLOGO .\Release/BBoxTree.obj
         .\Release/Box.obj
         ".\Release/C-api.obj"
         .\Release/Complex.obj
         .\Release/Cone.obj
         .\Release/Convex.obj
         .\Release/Cylinder.obj
         .\Release/Endpoint.obj
         .\Release/Object.obj
         .\Release/Polygon.obj
         .\Release/Polyhedron.obj
         .\Release/Response.obj
         .\Release/RespTable.obj
         .\Release/Simplex.obj
         .\Release/Sphere.obj
         .\Release/Transform.obj
         solid.vcxproj -> D:\Simon\Documents\GitHub\Kandidatarbete\torcs-1.3.4\src\modules\simu\simuv2\SOLID-2.0\.\Release\solid.lib
       PostBuildEvent:
         copy D:\Simon\Documents\GitHub\Kandidatarbete\torcs-1.3.4\src\modules\simu\simuv2\SOLID-2.0\Release\*.lib D:\Simon\Documents\GitHub\Kandidatarbete\torcs-1.3.4\export\lib
         :VCEnd
         D:\Simon\Documents\GitHub\Kandidatarbete\torcs-1.3.4\src\modules\simu\simuv2\SOLID-2.0\Release\solid.lib
                 1 fil(er) kopierad(e).
     1>Done Building Project "D:\Simon\Documents\GitHub\Kandidatarbete\torcs-1.3.4\src\modules\simu\simuv2\SOLID-2.0\solid.vcxproj" (Build target(s)).

Build succeeded.

Time Elapsed 00:00:06.92
