D:\Simon\Documents\Kandidatarbete\torcs-1.3.4\src\drivers\berniw\Release\berniw.lib
D:\Simon\Documents\Kandidatarbete\torcs-1.3.4\src\drivers\berniw\Release\berniw.exp
D:\SIMON\DOCUMENTS\KANDIDATARBETE\TORCS-1.3.4\SRC\DRIVERS\BERNIW\RELEASE\TRACKDESC.OBJ
D:\SIMON\DOCUMENTS\KANDIDATARBETE\TORCS-1.3.4\SRC\DRIVERS\BERNIW\RELEASE\SPLINE.OBJ
D:\SIMON\DOCUMENTS\KANDIDATARBETE\TORCS-1.3.4\SRC\DRIVERS\BERNIW\RELEASE\PATHFINDER.OBJ
D:\SIMON\DOCUMENTS\KANDIDATARBETE\TORCS-1.3.4\SRC\DRIVERS\BERNIW\RELEASE\MYCAR.OBJ
D:\SIMON\DOCUMENTS\KANDIDATARBETE\TORCS-1.3.4\SRC\DRIVERS\BERNIW\RELEASE\BERNIW.OBJ
D:\SIMON\DOCUMENTS\KANDIDATARBETE\TORCS-1.3.4\SRC\DRIVERS\BERNIW\RELEASE\VC110.PDB
D:\SIMON\DOCUMENTS\KANDIDATARBETE\TORCS-1.3.4\SRC\DRIVERS\BERNIW\RELEASE\BERNIW.DLL
D:\SIMON\DOCUMENTS\KANDIDATARBETE\TORCS-1.3.4\SRC\DRIVERS\BERNIW\RELEASE\BERNIW.MAP
D:\Simon\Documents\Kandidatarbete\torcs-1.3.4\src\drivers\berniw\Release\berniw.obj
D:\Simon\Documents\Kandidatarbete\torcs-1.3.4\src\drivers\berniw\Release\mycar.obj
D:\Simon\Documents\Kandidatarbete\torcs-1.3.4\src\drivers\berniw\Release\pathfinder.obj
D:\Simon\Documents\Kandidatarbete\torcs-1.3.4\src\drivers\berniw\Release\spline.obj
D:\Simon\Documents\Kandidatarbete\torcs-1.3.4\src\drivers\berniw\Release\trackdesc.obj
D:\Simon\Documents\Kandidatarbete\torcs-1.3.4\src\drivers\berniw\Release\berniw.write.1.tlog
D:\Simon\Documents\Kandidatarbete\torcs-1.3.4\src\drivers\berniw\Release\cl.command.1.tlog
D:\Simon\Documents\Kandidatarbete\torcs-1.3.4\src\drivers\berniw\Release\CL.read.1.tlog
D:\Simon\Documents\Kandidatarbete\torcs-1.3.4\src\drivers\berniw\Release\CL.write.1.tlog
D:\Simon\Documents\Kandidatarbete\torcs-1.3.4\src\drivers\berniw\Release\link.command.1.tlog
D:\Simon\Documents\Kandidatarbete\torcs-1.3.4\src\drivers\berniw\Release\link.read.1.tlog
D:\Simon\Documents\Kandidatarbete\torcs-1.3.4\src\drivers\berniw\Release\link.write.1.tlog
D:\Simon\Documents\Kandidatarbete\torcs-1.3.4\src\drivers\berniw\Release\vc110.pdb
D:\Simon\Documents\Kandidatarbete\torcs-1.3.4\src\drivers\berniw\.\Release\berniw.dll
