D:\Simon\Documents\GitHub\Kandidatarbete\torcs-1.3.4\src\drivers\ANN_Bot_2\Release\ANN_Bot_2.lib
D:\Simon\Documents\GitHub\Kandidatarbete\torcs-1.3.4\src\drivers\ANN_Bot_2\Release\ANN_Bot_2.exp
D:\SIMON\DOCUMENTS\GITHUB\KANDIDATARBETE\TORCS-1.3.4\SRC\DRIVERS\ANN_BOT_2\RELEASE\TRACKDESC.OBJ
D:\SIMON\DOCUMENTS\GITHUB\KANDIDATARBETE\TORCS-1.3.4\SRC\DRIVERS\ANN_BOT_2\RELEASE\PREF.OBJ
D:\SIMON\DOCUMENTS\GITHUB\KANDIDATARBETE\TORCS-1.3.4\SRC\DRIVERS\ANN_BOT_2\RELEASE\ANN_BOT_2.OBJ
D:\SIMON\DOCUMENTS\GITHUB\KANDIDATARBETE\TORCS-1.3.4\SRC\DRIVERS\ANN_BOT_2\RELEASE\SPLINE.OBJ
D:\SIMON\DOCUMENTS\GITHUB\KANDIDATARBETE\TORCS-1.3.4\SRC\DRIVERS\ANN_BOT_2\RELEASE\SENSORS.OBJ
D:\SIMON\DOCUMENTS\GITHUB\KANDIDATARBETE\TORCS-1.3.4\SRC\DRIVERS\ANN_BOT_2\RELEASE\PATHFINDER.OBJ
D:\SIMON\DOCUMENTS\GITHUB\KANDIDATARBETE\TORCS-1.3.4\SRC\DRIVERS\ANN_BOT_2\RELEASE\NEURALNETWORK.OBJ
D:\SIMON\DOCUMENTS\GITHUB\KANDIDATARBETE\TORCS-1.3.4\SRC\DRIVERS\ANN_BOT_2\RELEASE\NEURALLAYER.OBJ
D:\SIMON\DOCUMENTS\GITHUB\KANDIDATARBETE\TORCS-1.3.4\SRC\DRIVERS\ANN_BOT_2\RELEASE\MYCAR.OBJ
D:\SIMON\DOCUMENTS\GITHUB\KANDIDATARBETE\TORCS-1.3.4\SRC\DRIVERS\ANN_BOT_2\RELEASE\BACKPROP.OBJ
D:\SIMON\DOCUMENTS\GITHUB\KANDIDATARBETE\TORCS-1.3.4\SRC\DRIVERS\ANN_BOT_2\RELEASE\VC110.PDB
D:\SIMON\DOCUMENTS\GITHUB\KANDIDATARBETE\TORCS-1.3.4\SRC\DRIVERS\ANN_BOT_2\RELEASE\ANN_BOT_2.DLL
D:\SIMON\DOCUMENTS\GITHUB\KANDIDATARBETE\TORCS-1.3.4\SRC\DRIVERS\ANN_BOT_2\RELEASE\ANN_BOT_2.MAP
D:\Simon\Documents\GitHub\Kandidatarbete\torcs-1.3.4\src\drivers\ANN_Bot_2\Release\ANN_Bot_2.obj
D:\Simon\Documents\GitHub\Kandidatarbete\torcs-1.3.4\src\drivers\ANN_Bot_2\Release\BackProp.obj
D:\Simon\Documents\GitHub\Kandidatarbete\torcs-1.3.4\src\drivers\ANN_Bot_2\Release\mycar.obj
D:\Simon\Documents\GitHub\Kandidatarbete\torcs-1.3.4\src\drivers\ANN_Bot_2\Release\NeuralLayer.obj
D:\Simon\Documents\GitHub\Kandidatarbete\torcs-1.3.4\src\drivers\ANN_Bot_2\Release\NeuralNetwork.obj
D:\Simon\Documents\GitHub\Kandidatarbete\torcs-1.3.4\src\drivers\ANN_Bot_2\Release\pathfinder.obj
D:\Simon\Documents\GitHub\Kandidatarbete\torcs-1.3.4\src\drivers\ANN_Bot_2\Release\pref.obj
D:\Simon\Documents\GitHub\Kandidatarbete\torcs-1.3.4\src\drivers\ANN_Bot_2\Release\sensors.obj
D:\Simon\Documents\GitHub\Kandidatarbete\torcs-1.3.4\src\drivers\ANN_Bot_2\Release\spline.obj
D:\Simon\Documents\GitHub\Kandidatarbete\torcs-1.3.4\src\drivers\ANN_Bot_2\Release\trackdesc.obj
D:\Simon\Documents\GitHub\Kandidatarbete\torcs-1.3.4\src\drivers\ANN_Bot_2\Release\ANN_Bot_2.write.1.tlog
D:\Simon\Documents\GitHub\Kandidatarbete\torcs-1.3.4\src\drivers\ANN_Bot_2\Release\cl.command.1.tlog
D:\Simon\Documents\GitHub\Kandidatarbete\torcs-1.3.4\src\drivers\ANN_Bot_2\Release\CL.read.1.tlog
D:\Simon\Documents\GitHub\Kandidatarbete\torcs-1.3.4\src\drivers\ANN_Bot_2\Release\CL.write.1.tlog
D:\Simon\Documents\GitHub\Kandidatarbete\torcs-1.3.4\src\drivers\ANN_Bot_2\Release\link.command.1.tlog
D:\Simon\Documents\GitHub\Kandidatarbete\torcs-1.3.4\src\drivers\ANN_Bot_2\Release\link.read.1.tlog
D:\Simon\Documents\GitHub\Kandidatarbete\torcs-1.3.4\src\drivers\ANN_Bot_2\Release\link.write.1.tlog
D:\Simon\Documents\GitHub\Kandidatarbete\torcs-1.3.4\src\drivers\ANN_Bot_2\Release\vc110.pdb
D:\Simon\Documents\GitHub\Kandidatarbete\torcs-1.3.4\src\drivers\ANN_Bot_2\.\Release\ANN_Bot_2.dll
