Build started 6/14/2013 12:57:11 AM.
     1>Project "D:\Simon\Documents\GitHub\Kandidatarbete\torcs-1.3.4\src\drivers\ANN_Bot_2\ANN_Bot_2.vcxproj" on node 5 (Build target(s)).
     1>Link:
         D:\Program\Microsoft Visual Studio 11.0\VC\bin\link.exe /ERRORREPORT:PROMPT /OUT:".\Release/ANN_Bot_2.dll" /INCREMENTAL:NO /NOLOGO /LIBPATH:../../../export/lib /LIBPATH:../../windows/lib client.lib tgf.lib robottools.lib sg_vs2008_32.lib ul_vs2008_32.lib kernel32.lib user32.lib gdi32.lib winspool.lib comdlg32.lib advapi32.lib shell32.lib ole32.lib oleaut32.lib uuid.lib odbc32.lib odbccp32.lib /DEF:".\ANN_Bot_2.def" /MANIFEST:NO /PDB:".\Release/ANN_Bot_2.pdb" /MAP:".\Release/ANN_Bot_2.map" /TLBID:1 /DYNAMICBASE:NO /IMPLIB:".\Release/ANN_Bot_2.lib" /MACHINE:X86 /SAFESEH /DLL .\Release/BackProp.obj
         .\Release/mycar.obj
         .\Release/NeuralLayer.obj
         .\Release/NeuralNetwork.obj
         .\Release/pathfinder.obj
         .\Release/sensors.obj
         .\Release/spline.obj
         .\Release/ANN_Bot_2.obj
         .\Release/pref.obj
         .\Release/trackdesc.obj
            Creating library .\Release/ANN_Bot_2.lib and object .\Release/ANN_Bot_2.exp
         ANN_Bot_2.vcxproj -> D:\Simon\Documents\GitHub\Kandidatarbete\torcs-1.3.4\src\drivers\ANN_Bot_2\.\Release\ANN_Bot_2.dll
       PostBuildEvent:
         copy D:\Simon\Documents\GitHub\Kandidatarbete\torcs-1.3.4\src\drivers\ANN_Bot_2\Release\*.dll D:\Simon\Documents\GitHub\Kandidatarbete\torcs-1.3.4\runtime\drivers\ANN_Bot_2
         :VCEnd
         D:\Simon\Documents\GitHub\Kandidatarbete\torcs-1.3.4\src\drivers\ANN_Bot_2\Release\ANN_Bot_2.dll
         D:\Simon\Documents\GitHub\Kandidatarbete\torcs-1.3.4\src\drivers\ANN_Bot_2\Release\human.dll
         D:\Simon\Documents\GitHub\Kandidatarbete\torcs-1.3.4\src\drivers\ANN_Bot_2\Release\stig.dll
                 3 fil(er) kopierad(e).
     1>Done Building Project "D:\Simon\Documents\GitHub\Kandidatarbete\torcs-1.3.4\src\drivers\ANN_Bot_2\ANN_Bot_2.vcxproj" (Build target(s)).

Build succeeded.

Time Elapsed 00:00:00.36
