Build started 4/12/2013 12:13:40 AM.
     1>Project "D:\Simon\Documents\Kandidatarbete\torcs-1.3.4\src\drivers\stig\stig.vcxproj" on node 5 (Build target(s)).
     1>ClCompile:
         D:\Program\Microsoft Visual Studio 11.0\VC\bin\CL.exe /c /I../../../export/include /I../../windows/include /I../../.. /Zi /nologo /W2 /WX- /O2 /Ob1 /Oy- /D WIN32 /D NDEBUG /D _WINDOWS /D _USRDLL /D STIG_EXPORTS /D _VC80_UPGRADE=0x0600 /D _WINDLL /D _MBCS /GF /Gm- /EHsc /MT /GS- /Gy- /fp:precise /Zc:wchar_t /Zc:forScope /Fo".\Release/" /Fd".\Release/vc110.pdb" /Gd /TP /analyze- /errorReport:prompt stig.cpp pref.cpp
         stig.cpp
         pref.cpp
         Generating Code...
       Link:
         D:\Program\Microsoft Visual Studio 11.0\VC\bin\link.exe /ERRORREPORT:PROMPT /OUT:".\Release/stig.dll" /INCREMENTAL:NO /NOLOGO /LIBPATH:../../../export/lib /LIBPATH:../../windows/lib client.lib tgf.lib robottools.lib sg_vs2008_32.lib ul_vs2008_32.lib kernel32.lib user32.lib gdi32.lib winspool.lib comdlg32.lib advapi32.lib shell32.lib ole32.lib oleaut32.lib uuid.lib odbc32.lib odbccp32.lib /DEF:".\stig.def" /MANIFEST:NO /PDB:".\Release/stig.pdb" /MAP:".\Release/stig.map" /TLBID:1 /DYNAMICBASE:NO /IMPLIB:".\Release/stig.lib" /MACHINE:X86 /SAFESEH /DLL .\Release/stig.obj
         .\Release/pref.obj
         "D:\Simon\Documents\Kandidatarbete\torcs-1.3.4\src\libs\client\Release\client.lib"
         "D:\Simon\Documents\Kandidatarbete\torcs-1.3.4\src\libs\robottools\Release\robottools.lib"
         "D:\Simon\Documents\Kandidatarbete\torcs-1.3.4\src\libs\tgf\Release\tgf.lib"
            Creating library .\Release/stig.lib and object .\Release/stig.exp
         stig.vcxproj -> D:\Simon\Documents\Kandidatarbete\torcs-1.3.4\src\drivers\stig\.\Release\stig.dll
       PostBuildEvent:
         copy D:\Simon\Documents\Kandidatarbete\torcs-1.3.4\src\drivers\stig\Release\*.dll D:\Simon\Documents\Kandidatarbete\torcs-1.3.4\runtime\drivers\stig
         :VCEnd
         D:\Simon\Documents\Kandidatarbete\torcs-1.3.4\src\drivers\stig\Release\stig.dll
                 1 fil(er) kopierad(e).
     1>Done Building Project "D:\Simon\Documents\Kandidatarbete\torcs-1.3.4\src\drivers\stig\stig.vcxproj" (Build target(s)).

Build succeeded.

Time Elapsed 00:00:01.17
