D:\SIMON\DOCUMENTS\KANDIDATARBETE\TORCS-1.3.4\SRC\DRIVERS\STIG\RELEASE\TRACKDESC.OBJ
D:\SIMON\DOCUMENTS\KANDIDATARBETE\TORCS-1.3.4\SRC\DRIVERS\STIG\RELEASE\PREF.OBJ
D:\SIMON\DOCUMENTS\KANDIDATARBETE\TORCS-1.3.4\SRC\DRIVERS\STIG\RELEASE\STIG.OBJ
D:\SIMON\DOCUMENTS\KANDIDATARBETE\TORCS-1.3.4\SRC\DRIVERS\STIG\RELEASE\SPLINE.OBJ
D:\SIMON\DOCUMENTS\KANDIDATARBETE\TORCS-1.3.4\SRC\DRIVERS\STIG\RELEASE\SENSORS.OBJ
D:\SIMON\DOCUMENTS\KANDIDATARBETE\TORCS-1.3.4\SRC\DRIVERS\STIG\RELEASE\PATHFINDER.OBJ
D:\SIMON\DOCUMENTS\KANDIDATARBETE\TORCS-1.3.4\SRC\DRIVERS\STIG\RELEASE\NEURONLAYER.OBJ
D:\SIMON\DOCUMENTS\KANDIDATARBETE\TORCS-1.3.4\SRC\DRIVERS\STIG\RELEASE\NEURALNETWORK.OBJ
D:\SIMON\DOCUMENTS\KANDIDATARBETE\TORCS-1.3.4\SRC\DRIVERS\STIG\RELEASE\MYCAR.OBJ
D:\SIMON\DOCUMENTS\KANDIDATARBETE\TORCS-1.3.4\SRC\DRIVERS\STIG\RELEASE\VC110.PDB
D:\SIMON\DOCUMENTS\KANDIDATARBETE\TORCS-1.3.4\SRC\DRIVERS\STIG\RELEASE\STIG.DLL
D:\SIMON\DOCUMENTS\KANDIDATARBETE\TORCS-1.3.4\SRC\DRIVERS\STIG\RELEASE\STIG.MAP
D:\Simon\Documents\Kandidatarbete\torcs-1.3.4\src\drivers\stig\Release\stig.lib
D:\Simon\Documents\Kandidatarbete\torcs-1.3.4\src\drivers\stig\Release\stig.exp
D:\Simon\Documents\Kandidatarbete\torcs-1.3.4\src\drivers\stig\Release\mycar.obj
D:\Simon\Documents\Kandidatarbete\torcs-1.3.4\src\drivers\stig\Release\NeuralNetwork.obj
D:\Simon\Documents\Kandidatarbete\torcs-1.3.4\src\drivers\stig\Release\NeuronLayer.obj
D:\Simon\Documents\Kandidatarbete\torcs-1.3.4\src\drivers\stig\Release\pathfinder.obj
D:\Simon\Documents\Kandidatarbete\torcs-1.3.4\src\drivers\stig\Release\pref.obj
D:\Simon\Documents\Kandidatarbete\torcs-1.3.4\src\drivers\stig\Release\sensors.obj
D:\Simon\Documents\Kandidatarbete\torcs-1.3.4\src\drivers\stig\Release\spline.obj
D:\Simon\Documents\Kandidatarbete\torcs-1.3.4\src\drivers\stig\Release\stig.obj
D:\Simon\Documents\Kandidatarbete\torcs-1.3.4\src\drivers\stig\Release\trackdesc.obj
D:\Simon\Documents\Kandidatarbete\torcs-1.3.4\src\drivers\stig\Release\cl.command.1.tlog
D:\Simon\Documents\Kandidatarbete\torcs-1.3.4\src\drivers\stig\Release\CL.read.1.tlog
D:\Simon\Documents\Kandidatarbete\torcs-1.3.4\src\drivers\stig\Release\CL.write.1.tlog
D:\Simon\Documents\Kandidatarbete\torcs-1.3.4\src\drivers\stig\Release\link.command.1.tlog
D:\Simon\Documents\Kandidatarbete\torcs-1.3.4\src\drivers\stig\Release\link.read.1.tlog
D:\Simon\Documents\Kandidatarbete\torcs-1.3.4\src\drivers\stig\Release\link.write.1.tlog
D:\Simon\Documents\Kandidatarbete\torcs-1.3.4\src\drivers\stig\Release\stig.write.1.tlog
D:\Simon\Documents\Kandidatarbete\torcs-1.3.4\src\drivers\stig\Release\vc110.pdb
D:\Simon\Documents\Kandidatarbete\torcs-1.3.4\src\drivers\stig\.\Release\stig.dll
