D:\Simon\Documents\Kandidatarbete\torcs-1.3.4\src\drivers\berniw3\Release\berniw3.lib
D:\Simon\Documents\Kandidatarbete\torcs-1.3.4\src\drivers\berniw3\Release\berniw3.exp
D:\SIMON\DOCUMENTS\KANDIDATARBETE\TORCS-1.3.4\SRC\DRIVERS\BERNIW3\RELEASE\TRACKDESC.OBJ
D:\SIMON\DOCUMENTS\KANDIDATARBETE\TORCS-1.3.4\SRC\DRIVERS\BERNIW3\RELEASE\SPLINE.OBJ
D:\SIMON\DOCUMENTS\KANDIDATARBETE\TORCS-1.3.4\SRC\DRIVERS\BERNIW3\RELEASE\PATHFINDER.OBJ
D:\SIMON\DOCUMENTS\KANDIDATARBETE\TORCS-1.3.4\SRC\DRIVERS\BERNIW3\RELEASE\MYCAR.OBJ
D:\SIMON\DOCUMENTS\KANDIDATARBETE\TORCS-1.3.4\SRC\DRIVERS\BERNIW3\RELEASE\BERNIW3.OBJ
D:\SIMON\DOCUMENTS\KANDIDATARBETE\TORCS-1.3.4\SRC\DRIVERS\BERNIW3\RELEASE\VC110.PDB
D:\SIMON\DOCUMENTS\KANDIDATARBETE\TORCS-1.3.4\SRC\DRIVERS\BERNIW3\RELEASE\BERNIW3.DLL
D:\SIMON\DOCUMENTS\KANDIDATARBETE\TORCS-1.3.4\SRC\DRIVERS\BERNIW3\RELEASE\BERNIW3.MAP
D:\Simon\Documents\Kandidatarbete\torcs-1.3.4\src\drivers\berniw3\Release\berniw3.obj
D:\Simon\Documents\Kandidatarbete\torcs-1.3.4\src\drivers\berniw3\Release\mycar.obj
D:\Simon\Documents\Kandidatarbete\torcs-1.3.4\src\drivers\berniw3\Release\pathfinder.obj
D:\Simon\Documents\Kandidatarbete\torcs-1.3.4\src\drivers\berniw3\Release\spline.obj
D:\Simon\Documents\Kandidatarbete\torcs-1.3.4\src\drivers\berniw3\Release\trackdesc.obj
D:\Simon\Documents\Kandidatarbete\torcs-1.3.4\src\drivers\berniw3\Release\berniw3.write.1.tlog
D:\Simon\Documents\Kandidatarbete\torcs-1.3.4\src\drivers\berniw3\Release\cl.command.1.tlog
D:\Simon\Documents\Kandidatarbete\torcs-1.3.4\src\drivers\berniw3\Release\CL.read.1.tlog
D:\Simon\Documents\Kandidatarbete\torcs-1.3.4\src\drivers\berniw3\Release\CL.write.1.tlog
D:\Simon\Documents\Kandidatarbete\torcs-1.3.4\src\drivers\berniw3\Release\link.command.1.tlog
D:\Simon\Documents\Kandidatarbete\torcs-1.3.4\src\drivers\berniw3\Release\link.read.1.tlog
D:\Simon\Documents\Kandidatarbete\torcs-1.3.4\src\drivers\berniw3\Release\link.write.1.tlog
D:\Simon\Documents\Kandidatarbete\torcs-1.3.4\src\drivers\berniw3\Release\vc110.pdb
D:\Simon\Documents\Kandidatarbete\torcs-1.3.4\src\drivers\berniw3\.\Release\berniw3.dll
