Build started 5/3/2013 2:26:51 AM.
     1>Project "D:\Simon\Documents\GitHub\Kandidatarbete\torcs-1.3.4\src\modules\simu\simuv2\SOLID-2.0\solid.vcxproj" on node 4 (Build target(s)).
     1>ClCompile:
         D:\Program\Microsoft Visual Studio 11.0\VC\bin\CL.exe /c /I../../../../../export/include /I../../../../libs/torcs /Zi /nologo /W2 /WX- /Od /Oy- /D WIN32 /D _DEBUG /D _LIB /D DEBUG /D DEBUG_OUT /D _VC80_UPGRADE=0x0600 /D _MBCS /Gm- /EHsc /RTC1 /MTd /GS /fp:precise /Zc:wchar_t /Zc:forScope /Fo".\Debug/" /Fd".\Debug/vc110.pdb" /FR".\Debug\\" /Gd /TP /analyze- /errorReport:prompt src\BBoxTree.cpp src\Box.cpp "src\C-api.cpp" src\Complex.cpp src\Cone.cpp src\Convex.cpp src\Cylinder.cpp src\Endpoint.cpp src\Object.cpp src\Polygon.cpp src\Polyhedron.cpp src\Response.cpp src\RespTable.cpp src\Simplex.cpp src\Sphere.cpp src\Transform.cpp
         BBoxTree.cpp
     1>D:\Program\Microsoft Visual Studio 11.0\VC\include\xutility(2176): warning C4996: 'std::_Copy_impl': Function call with parameters that may be unsafe - this call relies on the caller to check that the passed values are correct. To disable this warning, use -D_SCL_SECURE_NO_WARNINGS. See documentation on how to use Visual C++ 'Checked Iterators'
                 D:\Program\Microsoft Visual Studio 11.0\VC\include\xutility(2157) : see declaration of 'std::_Copy_impl'
                 d:\simon\documents\github\kandidatarbete\torcs-1.3.4\src\modules\simu\simuv2\solid-2.0\src\IndexArray.h(41) : see reference to function template instantiation '_OutIt std::copy<const unsigned int*,unsigned int*>(_InIt,_InIt,_OutIt)' being compiled
                 with
                 [
                     _OutIt=unsigned int *,
                     _InIt=const unsigned int *
                 ]
         Box.cpp
         C-api.cpp
     1>D:\Program\Microsoft Visual Studio 11.0\VC\include\xutility(2176): warning C4996: 'std::_Copy_impl': Function call with parameters that may be unsafe - this call relies on the caller to check that the passed values are correct. To disable this warning, use -D_SCL_SECURE_NO_WARNINGS. See documentation on how to use Visual C++ 'Checked Iterators'
                 D:\Program\Microsoft Visual Studio 11.0\VC\include\xutility(2157) : see declaration of 'std::_Copy_impl'
                 d:\simon\documents\github\kandidatarbete\torcs-1.3.4\src\modules\simu\simuv2\solid-2.0\src\IndexArray.h(41) : see reference to function template instantiation '_OutIt std::copy<const unsigned int*,unsigned int*>(_InIt,_InIt,_OutIt)' being compiled
                 with
                 [
                     _OutIt=unsigned int *,
                     _InIt=const unsigned int *
                 ]
                 D:\Program\Microsoft Visual Studio 11.0\VC\include\xutility(2157) : see declaration of 'std::_Copy_impl'
         Complex.cpp
     1>D:\Program\Microsoft Visual Studio 11.0\VC\include\xutility(2176): warning C4996: 'std::_Copy_impl': Function call with parameters that may be unsafe - this call relies on the caller to check that the passed values are correct. To disable this warning, use -D_SCL_SECURE_NO_WARNINGS. See documentation on how to use Visual C++ 'Checked Iterators'
                 D:\Program\Microsoft Visual Studio 11.0\VC\include\xutility(2157) : see declaration of 'std::_Copy_impl'
                 d:\simon\documents\github\kandidatarbete\torcs-1.3.4\src\modules\simu\simuv2\solid-2.0\src\IndexArray.h(41) : see reference to function template instantiation '_OutIt std::copy<const unsigned int*,unsigned int*>(_InIt,_InIt,_OutIt)' being compiled
                 with
                 [
                     _OutIt=unsigned int *,
                     _InIt=const unsigned int *
                 ]
         Cone.cpp
         Convex.cpp
         Cylinder.cpp
         Endpoint.cpp
         Object.cpp
         Polygon.cpp
     1>D:\Program\Microsoft Visual Studio 11.0\VC\include\xutility(2176): warning C4996: 'std::_Copy_impl': Function call with parameters that may be unsafe - this call relies on the caller to check that the passed values are correct. To disable this warning, use -D_SCL_SECURE_NO_WARNINGS. See documentation on how to use Visual C++ 'Checked Iterators'
                 D:\Program\Microsoft Visual Studio 11.0\VC\include\xutility(2157) : see declaration of 'std::_Copy_impl'
                 d:\simon\documents\github\kandidatarbete\torcs-1.3.4\src\modules\simu\simuv2\solid-2.0\src\IndexArray.h(41) : see reference to function template instantiation '_OutIt std::copy<const unsigned int*,unsigned int*>(_InIt,_InIt,_OutIt)' being compiled
                 with
                 [
                     _OutIt=unsigned int *,
                     _InIt=const unsigned int *
                 ]
         Polyhedron.cpp
     1>D:\Program\Microsoft Visual Studio 11.0\VC\include\xutility(2176): warning C4996: 'std::_Copy_impl': Function call with parameters that may be unsafe - this call relies on the caller to check that the passed values are correct. To disable this warning, use -D_SCL_SECURE_NO_WARNINGS. See documentation on how to use Visual C++ 'Checked Iterators'
                 D:\Program\Microsoft Visual Studio 11.0\VC\include\xutility(2157) : see declaration of 'std::_Copy_impl'
                 d:\simon\documents\github\kandidatarbete\torcs-1.3.4\src\modules\simu\simuv2\solid-2.0\src\IndexArray.h(41) : see reference to function template instantiation '_OutIt std::copy<const unsigned int*,unsigned int*>(_InIt,_InIt,_OutIt)' being compiled
                 with
                 [
                     _OutIt=unsigned int *,
                     _InIt=const unsigned int *
                 ]
         Response.cpp
         RespTable.cpp
         Simplex.cpp
     1>D:\Program\Microsoft Visual Studio 11.0\VC\include\xutility(2176): warning C4996: 'std::_Copy_impl': Function call with parameters that may be unsafe - this call relies on the caller to check that the passed values are correct. To disable this warning, use -D_SCL_SECURE_NO_WARNINGS. See documentation on how to use Visual C++ 'Checked Iterators'
                 D:\Program\Microsoft Visual Studio 11.0\VC\include\xutility(2157) : see declaration of 'std::_Copy_impl'
                 d:\simon\documents\github\kandidatarbete\torcs-1.3.4\src\modules\simu\simuv2\solid-2.0\src\IndexArray.h(41) : see reference to function template instantiation '_OutIt std::copy<const unsigned int*,unsigned int*>(_InIt,_InIt,_OutIt)' being compiled
                 with
                 [
                     _OutIt=unsigned int *,
                     _InIt=const unsigned int *
                 ]
         Sphere.cpp
         Transform.cpp
         Generating Code...
       Lib:
         D:\Program\Microsoft Visual Studio 11.0\VC\bin\Lib.exe /OUT:".\Debug\solid.lib" /NOLOGO .\Debug/BBoxTree.obj
         .\Debug/Box.obj
         ".\Debug/C-api.obj"
         .\Debug/Complex.obj
         .\Debug/Cone.obj
         .\Debug/Convex.obj
         .\Debug/Cylinder.obj
         .\Debug/Endpoint.obj
         .\Debug/Object.obj
         .\Debug/Polygon.obj
         .\Debug/Polyhedron.obj
         .\Debug/Response.obj
         .\Debug/RespTable.obj
         .\Debug/Simplex.obj
         .\Debug/Sphere.obj
         .\Debug/Transform.obj
         solid.vcxproj -> D:\Simon\Documents\GitHub\Kandidatarbete\torcs-1.3.4\src\modules\simu\simuv2\SOLID-2.0\.\Debug\solid.lib
       BscMake:
         D:\Program\Microsoft Visual Studio 11.0\VC\bin\bscmake.exe /nologo /o".\Debug/solid.bsc" .\Debug\BBoxTree.sbr .\Debug\Box.sbr ".\Debug\C-api.sbr" .\Debug\Complex.sbr .\Debug\Cone.sbr .\Debug\Convex.sbr .\Debug\Cylinder.sbr .\Debug\Endpoint.sbr .\Debug\Object.sbr .\Debug\Polygon.sbr .\Debug\Polyhedron.sbr .\Debug\Response.sbr .\Debug\RespTable.sbr .\Debug\Simplex.sbr .\Debug\Sphere.sbr .\Debug\Transform.sbr
       PostBuildEvent:
         copy D:\Simon\Documents\GitHub\Kandidatarbete\torcs-1.3.4\src\modules\simu\simuv2\SOLID-2.0\Debug\*.lib D:\Simon\Documents\GitHub\Kandidatarbete\torcs-1.3.4\export\libd
         :VCEnd
         D:\Simon\Documents\GitHub\Kandidatarbete\torcs-1.3.4\src\modules\simu\simuv2\SOLID-2.0\Debug\solid.lib
                 1 fil(er) kopierad(e).
     1>Done Building Project "D:\Simon\Documents\GitHub\Kandidatarbete\torcs-1.3.4\src\modules\simu\simuv2\SOLID-2.0\solid.vcxproj" (Build target(s)).

Build succeeded.

Time Elapsed 00:00:07.84
