Build started 4/23/2013 12:19:55 PM.
     1>Project "D:\Simon\Documents\GitHub\Kandidatarbete\torcs-1.3.4\src\modules\track\track.vcxproj" on node 4 (Build target(s)).
     1>ClCompile:
         D:\Program\Microsoft Visual Studio 11.0\VC\bin\CL.exe /c /I../../../export/include /I../../windows/include /I../../.. /Zi /nologo /W2 /WX- /O2 /Ob1 /Oy- /D WIN32 /D NDEBUG /D _WINDOWS /D _USRDLL /D TRACK_EXPORTS /D _VC80_UPGRADE=0x0600 /D _WINDLL /D _MBCS /GF /Gm- /EHsc /MT /GS- /Gy- /fp:precise /Zc:wchar_t /Zc:forScope /Fo".\Release/" /Fd".\Release/vc110.pdb" /Gd /TP /analyze- /errorReport:prompt track.cpp track3.cpp track4.cpp trackitf.cpp trackutil.cpp
         track.cpp
         track3.cpp
         track4.cpp
         trackitf.cpp
         trackutil.cpp
         Generating Code...
       Link:
         D:\Program\Microsoft Visual Studio 11.0\VC\bin\link.exe /ERRORREPORT:PROMPT /OUT:".\Release/track.dll" /INCREMENTAL:NO /NOLOGO /LIBPATH:../../../export/lib /LIBPATH:../../windows/lib sg_vs2008_32.lib tgf.lib robottools.lib txml.lib ssg_vs2008_32.lib ul_vs2008_32.lib kernel32.lib user32.lib gdi32.lib winspool.lib comdlg32.lib advapi32.lib shell32.lib ole32.lib oleaut32.lib uuid.lib odbc32.lib odbccp32.lib /DEF:".\track.def" /MANIFEST:NO /PDB:".\Release\track.pdb" /MAP:".\Release/track.map" /TLBID:1 /DYNAMICBASE:NO /IMPLIB:".\Release/track.lib" /MACHINE:X86 /SAFESEH /DLL .\Release/track.obj
         .\Release/track3.obj
         .\Release/track4.obj
         .\Release/trackitf.obj
         .\Release/trackutil.obj
            Creating library .\Release/track.lib and object .\Release/track.exp
         track.vcxproj -> D:\Simon\Documents\GitHub\Kandidatarbete\torcs-1.3.4\src\modules\track\.\Release\track.dll
       PostBuildEvent:
         copy D:\Simon\Documents\GitHub\Kandidatarbete\torcs-1.3.4\src\modules\track\Release\*.dll D:\Simon\Documents\GitHub\Kandidatarbete\torcs-1.3.4\runtime\modules\track
         :VCEnd
         D:\Simon\Documents\GitHub\Kandidatarbete\torcs-1.3.4\src\modules\track\Release\track.dll
                 1 fil(er) kopierad(e).
     1>Done Building Project "D:\Simon\Documents\GitHub\Kandidatarbete\torcs-1.3.4\src\modules\track\track.vcxproj" (Build target(s)).

Build succeeded.

Time Elapsed 00:00:03.90
