E:\DOCUMENTS\GITHUB\KANDIDATARBETE\TORCS-1.3.4\SRC\MODULES\TRACK\RELEASE\TRACKUTIL.OBJ
E:\DOCUMENTS\GITHUB\KANDIDATARBETE\TORCS-1.3.4\SRC\MODULES\TRACK\RELEASE\TRACKITF.OBJ
E:\DOCUMENTS\GITHUB\KANDIDATARBETE\TORCS-1.3.4\SRC\MODULES\TRACK\RELEASE\TRACK4.OBJ
E:\DOCUMENTS\GITHUB\KANDIDATARBETE\TORCS-1.3.4\SRC\MODULES\TRACK\RELEASE\TRACK3.OBJ
E:\DOCUMENTS\GITHUB\KANDIDATARBETE\TORCS-1.3.4\SRC\MODULES\TRACK\RELEASE\TRACK.OBJ
E:\DOCUMENTS\GITHUB\KANDIDATARBETE\TORCS-1.3.4\SRC\MODULES\TRACK\RELEASE\VC110.PDB
E:\DOCUMENTS\GITHUB\KANDIDATARBETE\TORCS-1.3.4\SRC\MODULES\TRACK\RELEASE\TRACK.DLL
E:\DOCUMENTS\GITHUB\KANDIDATARBETE\TORCS-1.3.4\SRC\MODULES\TRACK\RELEASE\TRACK.MAP
E:\Documents\GitHub\Kandidatarbete\torcs-1.3.4\src\modules\track\Release\track.lib
E:\Documents\GitHub\Kandidatarbete\torcs-1.3.4\src\modules\track\Release\track.exp
E:\Documents\GitHub\Kandidatarbete\torcs-1.3.4\src\modules\track\Release\track.obj
E:\Documents\GitHub\Kandidatarbete\torcs-1.3.4\src\modules\track\Release\track3.obj
E:\Documents\GitHub\Kandidatarbete\torcs-1.3.4\src\modules\track\Release\track4.obj
E:\Documents\GitHub\Kandidatarbete\torcs-1.3.4\src\modules\track\Release\trackitf.obj
E:\Documents\GitHub\Kandidatarbete\torcs-1.3.4\src\modules\track\Release\trackutil.obj
E:\Documents\GitHub\Kandidatarbete\torcs-1.3.4\src\modules\track\Release\cl.command.1.tlog
E:\Documents\GitHub\Kandidatarbete\torcs-1.3.4\src\modules\track\Release\CL.read.1.tlog
E:\Documents\GitHub\Kandidatarbete\torcs-1.3.4\src\modules\track\Release\CL.write.1.tlog
E:\Documents\GitHub\Kandidatarbete\torcs-1.3.4\src\modules\track\Release\link.command.1.tlog
E:\Documents\GitHub\Kandidatarbete\torcs-1.3.4\src\modules\track\Release\link.read.1.tlog
E:\Documents\GitHub\Kandidatarbete\torcs-1.3.4\src\modules\track\Release\link.write.1.tlog
E:\Documents\GitHub\Kandidatarbete\torcs-1.3.4\src\modules\track\Release\track.write.1.tlog
E:\Documents\GitHub\Kandidatarbete\torcs-1.3.4\src\modules\track\Release\vc110.pdb
E:\Documents\GitHub\Kandidatarbete\torcs-1.3.4\src\modules\track\.\Release\track.dll
