Build started 4/23/2013 12:20:07 PM.
     1>Project "D:\Simon\Documents\GitHub\Kandidatarbete\torcs-1.3.4\src\tools\trackgen\trackgen.vcxproj" on node 2 (Build target(s)).
     1>ClCompile:
         D:\Program\Microsoft Visual Studio 11.0\VC\bin\CL.exe /c /I../../../export/include /I../../windows/include /I../../.. /Zi /nologo /W2 /WX- /O2 /Ob1 /Oy- /D WIN32 /D NDEBUG /D _CONSOLE /D _VC80_UPGRADE=0x0600 /D _MBCS /GF /Gm- /EHsc /MT /GS- /Gy- /fp:precise /Zc:wchar_t /Zc:forScope /Fo".\Release/" /Fd".\Release/vc110.pdb" /Gd /TP /analyze- /errorReport:prompt ac3d.cpp easymesh.cpp elevation.cpp maintrackgen.cpp objects.cpp raceline.cpp relief.cpp track.cpp util.cpp ..\..\windows\windowsspec.cpp
         ac3d.cpp
         easymesh.cpp
         elevation.cpp
         maintrackgen.cpp
         objects.cpp
         raceline.cpp
         relief.cpp
         track.cpp
         util.cpp
         windowsspec.cpp
         Generating Code...
       Link:
         D:\Program\Microsoft Visual Studio 11.0\VC\bin\link.exe /ERRORREPORT:PROMPT /OUT:".\Release/trackgen.exe" /INCREMENTAL:NO /NOLOGO /LIBPATH:../../../export/lib /LIBPATH:../../windows/lib sl_vs2008_32.lib client.lib robottools.lib sg_vs2008_32.lib ssg_vs2008_32.lib ssggraphlib.lib txml.lib ul_vs2008_32.lib libpng15_vs2008_32.lib tgf.lib kernel32.lib user32.lib gdi32.lib winspool.lib comdlg32.lib advapi32.lib shell32.lib ole32.lib oleaut32.lib uuid.lib odbc32.lib odbccp32.lib /MANIFEST:NO /PDB:".\Release/trackgen.pdb" /MAP:".\Release/trackgen.map" /SUBSYSTEM:CONSOLE /TLBID:1 /DYNAMICBASE:NO /IMPLIB:".\Release\trackgen.lib" /MACHINE:X86 /SAFESEH .\Release/ac3d.obj
         .\Release/easymesh.obj
         .\Release/elevation.obj
         .\Release/maintrackgen.obj
         .\Release/objects.obj
         .\Release/raceline.obj
         .\Release/relief.obj
         .\Release/track.obj
         .\Release/util.obj
         .\Release/windowsspec.obj
         trackgen.vcxproj -> D:\Simon\Documents\GitHub\Kandidatarbete\torcs-1.3.4\src\tools\trackgen\.\Release\trackgen.exe
       PostBuildEvent:
         copy D:\Simon\Documents\GitHub\Kandidatarbete\torcs-1.3.4\src\tools\trackgen\Release\trackgen.exe D:\Simon\Documents\GitHub\Kandidatarbete\torcs-1.3.4\runtime
         :VCEnd
                 1 fil(er) kopierad(e).
     1>Done Building Project "D:\Simon\Documents\GitHub\Kandidatarbete\torcs-1.3.4\src\tools\trackgen\trackgen.vcxproj" (Build target(s)).

Build succeeded.

Time Elapsed 00:00:04.95
