D:\SIMON\DOCUMENTS\KANDIDATARBETE\TORCS-1.3.4\SRC\TOOLS\TRACKGEN\RELEASE\WINDOWSSPEC.OBJ
D:\SIMON\DOCUMENTS\KANDIDATARBETE\TORCS-1.3.4\SRC\TOOLS\TRACKGEN\RELEASE\UTIL.OBJ
D:\SIMON\DOCUMENTS\KANDIDATARBETE\TORCS-1.3.4\SRC\TOOLS\TRACKGEN\RELEASE\TRACK.OBJ
D:\SIMON\DOCUMENTS\KANDIDATARBETE\TORCS-1.3.4\SRC\TOOLS\TRACKGEN\RELEASE\RELIEF.OBJ
D:\SIMON\DOCUMENTS\KANDIDATARBETE\TORCS-1.3.4\SRC\TOOLS\TRACKGEN\RELEASE\RACELINE.OBJ
D:\SIMON\DOCUMENTS\KANDIDATARBETE\TORCS-1.3.4\SRC\TOOLS\TRACKGEN\RELEASE\OBJECTS.OBJ
D:\SIMON\DOCUMENTS\KANDIDATARBETE\TORCS-1.3.4\SRC\TOOLS\TRACKGEN\RELEASE\MAINTRACKGEN.OBJ
D:\SIMON\DOCUMENTS\KANDIDATARBETE\TORCS-1.3.4\SRC\TOOLS\TRACKGEN\RELEASE\ELEVATION.OBJ
D:\SIMON\DOCUMENTS\KANDIDATARBETE\TORCS-1.3.4\SRC\TOOLS\TRACKGEN\RELEASE\EASYMESH.OBJ
D:\SIMON\DOCUMENTS\KANDIDATARBETE\TORCS-1.3.4\SRC\TOOLS\TRACKGEN\RELEASE\AC3D.OBJ
D:\SIMON\DOCUMENTS\KANDIDATARBETE\TORCS-1.3.4\SRC\TOOLS\TRACKGEN\RELEASE\VC110.PDB
D:\SIMON\DOCUMENTS\KANDIDATARBETE\TORCS-1.3.4\SRC\TOOLS\TRACKGEN\RELEASE\TRACKGEN.EXE
D:\SIMON\DOCUMENTS\KANDIDATARBETE\TORCS-1.3.4\SRC\TOOLS\TRACKGEN\RELEASE\TRACKGEN.MAP
D:\Simon\Documents\Kandidatarbete\torcs-1.3.4\src\tools\trackgen\Release\ac3d.obj
D:\Simon\Documents\Kandidatarbete\torcs-1.3.4\src\tools\trackgen\Release\easymesh.obj
D:\Simon\Documents\Kandidatarbete\torcs-1.3.4\src\tools\trackgen\Release\elevation.obj
D:\Simon\Documents\Kandidatarbete\torcs-1.3.4\src\tools\trackgen\Release\maintrackgen.obj
D:\Simon\Documents\Kandidatarbete\torcs-1.3.4\src\tools\trackgen\Release\objects.obj
D:\Simon\Documents\Kandidatarbete\torcs-1.3.4\src\tools\trackgen\Release\raceline.obj
D:\Simon\Documents\Kandidatarbete\torcs-1.3.4\src\tools\trackgen\Release\relief.obj
D:\Simon\Documents\Kandidatarbete\torcs-1.3.4\src\tools\trackgen\Release\track.obj
D:\Simon\Documents\Kandidatarbete\torcs-1.3.4\src\tools\trackgen\Release\util.obj
D:\Simon\Documents\Kandidatarbete\torcs-1.3.4\src\tools\trackgen\Release\windowsspec.obj
D:\Simon\Documents\Kandidatarbete\torcs-1.3.4\src\tools\trackgen\Release\cl.command.1.tlog
D:\Simon\Documents\Kandidatarbete\torcs-1.3.4\src\tools\trackgen\Release\CL.read.1.tlog
D:\Simon\Documents\Kandidatarbete\torcs-1.3.4\src\tools\trackgen\Release\CL.write.1.tlog
D:\Simon\Documents\Kandidatarbete\torcs-1.3.4\src\tools\trackgen\Release\link.command.1.tlog
D:\Simon\Documents\Kandidatarbete\torcs-1.3.4\src\tools\trackgen\Release\link.read.1.tlog
D:\Simon\Documents\Kandidatarbete\torcs-1.3.4\src\tools\trackgen\Release\link.write.1.tlog
D:\Simon\Documents\Kandidatarbete\torcs-1.3.4\src\tools\trackgen\Release\vc110.pdb
D:\Simon\Documents\Kandidatarbete\torcs-1.3.4\src\tools\trackgen\.\Release\trackgen.exe
