Build started 4/23/2013 12:19:40 PM.
     1>Project "D:\Simon\Documents\GitHub\Kandidatarbete\torcs-1.3.4\src\libs\robottools\robottools.vcxproj" on node 2 (Build target(s)).
     1>ClCompile:
         D:\Program\Microsoft Visual Studio 11.0\VC\bin\CL.exe /c /I../../../export/include /I../../windows/include /I../../.. /Zi /nologo /W2 /WX- /O2 /Ob1 /Oy- /D WIN32 /D NDEBUG /D _WINDOWS /D _USRDLL /D ROBOTTOOLS_EXPORTS /D _VC80_UPGRADE=0x0600 /D _WINDLL /D _MBCS /GF /Gm- /EHsc /MT /GS- /Gy- /fp:precise /Zc:wchar_t /Zc:forScope /Fo".\Release/" /Fd".\Release/vc110.pdb" /Gd /TP /analyze- /errorReport:prompt rttelem.cpp rttrack.cpp
         rttelem.cpp
         rttrack.cpp
         Generating Code...
       Link:
         D:\Program\Microsoft Visual Studio 11.0\VC\bin\link.exe /ERRORREPORT:PROMPT /OUT:".\Release/robottools.dll" /INCREMENTAL:NO /NOLOGO /LIBPATH:../../../export/lib /LIBPATH:../../windows/lib tgf.lib sg_vs2008_32.lib ul_vs2008_32.lib kernel32.lib user32.lib gdi32.lib winspool.lib comdlg32.lib advapi32.lib shell32.lib ole32.lib oleaut32.lib uuid.lib odbc32.lib odbccp32.lib /DEF:".\robotools.def" /MANIFEST:NO /PDB:".\Release/robottools.pdb" /TLBID:1 /DYNAMICBASE:NO /IMPLIB:".\Release/robottools.lib" /MACHINE:X86 /SAFESEH /DLL .\Release/rttelem.obj
         .\Release/rttrack.obj
            Creating library .\Release/robottools.lib and object .\Release/robottools.exp
         robottools.vcxproj -> D:\Simon\Documents\GitHub\Kandidatarbete\torcs-1.3.4\src\libs\robottools\.\Release\robottools.dll
       PostBuildEvent:
         copy D:\Simon\Documents\GitHub\Kandidatarbete\torcs-1.3.4\src\libs\robottools\Release\*.dll D:\Simon\Documents\GitHub\Kandidatarbete\torcs-1.3.4\runtime
         copy D:\Simon\Documents\GitHub\Kandidatarbete\torcs-1.3.4\src\libs\robottools\Release\*.lib D:\Simon\Documents\GitHub\Kandidatarbete\torcs-1.3.4\export\lib
         
         :VCEnd
         D:\Simon\Documents\GitHub\Kandidatarbete\torcs-1.3.4\src\libs\robottools\Release\robottools.dll
                 1 fil(er) kopierad(e).
         D:\Simon\Documents\GitHub\Kandidatarbete\torcs-1.3.4\src\libs\robottools\Release\robottools.lib
                 1 fil(er) kopierad(e).
     1>Done Building Project "D:\Simon\Documents\GitHub\Kandidatarbete\torcs-1.3.4\src\libs\robottools\robottools.vcxproj" (Build target(s)).

Build succeeded.

Time Elapsed 00:00:01.43
