D:\SIMON\DOCUMENTS\GITHUB\KANDIDATARBETE\TORCS-1.3.4\SRC\DRIVERS\DUMMY_2012\RELEASE\SPLINE.OBJ
D:\SIMON\DOCUMENTS\GITHUB\KANDIDATARBETE\TORCS-1.3.4\SRC\DRIVERS\DUMMY_2012\RELEASE\PIT.OBJ
D:\SIMON\DOCUMENTS\GITHUB\KANDIDATARBETE\TORCS-1.3.4\SRC\DRIVERS\DUMMY_2012\RELEASE\PIDCONTROLLER.OBJ
D:\SIMON\DOCUMENTS\GITHUB\KANDIDATARBETE\TORCS-1.3.4\SRC\DRIVERS\DUMMY_2012\RELEASE\PATH.OBJ
D:\SIMON\DOCUMENTS\GITHUB\KANDIDATARBETE\TORCS-1.3.4\SRC\DRIVERS\DUMMY_2012\RELEASE\OPPONENT.OBJ
D:\SIMON\DOCUMENTS\GITHUB\KANDIDATARBETE\TORCS-1.3.4\SRC\DRIVERS\DUMMY_2012\RELEASE\DUMMY_2012.OBJ
D:\SIMON\DOCUMENTS\GITHUB\KANDIDATARBETE\TORCS-1.3.4\SRC\DRIVERS\DUMMY_2012\RELEASE\DRIVER.OBJ
D:\SIMON\DOCUMENTS\GITHUB\KANDIDATARBETE\TORCS-1.3.4\SRC\DRIVERS\DUMMY_2012\RELEASE\DANPATH.OBJ
D:\SIMON\DOCUMENTS\GITHUB\KANDIDATARBETE\TORCS-1.3.4\SRC\DRIVERS\DUMMY_2012\RELEASE\CUBICCURVE.OBJ
D:\SIMON\DOCUMENTS\GITHUB\KANDIDATARBETE\TORCS-1.3.4\SRC\DRIVERS\DUMMY_2012\RELEASE\CUBIC.OBJ
D:\SIMON\DOCUMENTS\GITHUB\KANDIDATARBETE\TORCS-1.3.4\SRC\DRIVERS\DUMMY_2012\RELEASE\VC110.PDB
D:\Simon\Documents\GitHub\Kandidatarbete\torcs-1.3.4\src\drivers\dummy_2012\Release\dummy_2012.lib
D:\Simon\Documents\GitHub\Kandidatarbete\torcs-1.3.4\src\drivers\dummy_2012\Release\dummy_2012.exp
D:\SIMON\DOCUMENTS\GITHUB\KANDIDATARBETE\TORCS-1.3.4\SRC\DRIVERS\DUMMY_2012\RELEASE\DUMMY_2012.DLL
D:\SIMON\DOCUMENTS\GITHUB\KANDIDATARBETE\TORCS-1.3.4\SRC\DRIVERS\DUMMY_2012\RELEASE\DUMMY_2012.MAP
D:\Simon\Documents\GitHub\Kandidatarbete\torcs-1.3.4\src\drivers\dummy_2012\Release\cubic.obj
D:\Simon\Documents\GitHub\Kandidatarbete\torcs-1.3.4\src\drivers\dummy_2012\Release\cubiccurve.obj
D:\Simon\Documents\GitHub\Kandidatarbete\torcs-1.3.4\src\drivers\dummy_2012\Release\danpath.obj
D:\Simon\Documents\GitHub\Kandidatarbete\torcs-1.3.4\src\drivers\dummy_2012\Release\driver.obj
D:\Simon\Documents\GitHub\Kandidatarbete\torcs-1.3.4\src\drivers\dummy_2012\Release\dummy_2012.obj
D:\Simon\Documents\GitHub\Kandidatarbete\torcs-1.3.4\src\drivers\dummy_2012\Release\opponent.obj
D:\Simon\Documents\GitHub\Kandidatarbete\torcs-1.3.4\src\drivers\dummy_2012\Release\path.obj
D:\Simon\Documents\GitHub\Kandidatarbete\torcs-1.3.4\src\drivers\dummy_2012\Release\pidcontroller.obj
D:\Simon\Documents\GitHub\Kandidatarbete\torcs-1.3.4\src\drivers\dummy_2012\Release\pit.obj
D:\Simon\Documents\GitHub\Kandidatarbete\torcs-1.3.4\src\drivers\dummy_2012\Release\spline.obj
D:\Simon\Documents\GitHub\Kandidatarbete\torcs-1.3.4\src\drivers\dummy_2012\Release\cl.command.1.tlog
D:\Simon\Documents\GitHub\Kandidatarbete\torcs-1.3.4\src\drivers\dummy_2012\Release\CL.read.1.tlog
D:\Simon\Documents\GitHub\Kandidatarbete\torcs-1.3.4\src\drivers\dummy_2012\Release\CL.write.1.tlog
D:\Simon\Documents\GitHub\Kandidatarbete\torcs-1.3.4\src\drivers\dummy_2012\Release\dummy_2012.write.1.tlog
D:\Simon\Documents\GitHub\Kandidatarbete\torcs-1.3.4\src\drivers\dummy_2012\Release\link-cvtres.read.1.tlog
D:\Simon\Documents\GitHub\Kandidatarbete\torcs-1.3.4\src\drivers\dummy_2012\Release\link-cvtres.write.1.tlog
D:\Simon\Documents\GitHub\Kandidatarbete\torcs-1.3.4\src\drivers\dummy_2012\Release\link-rc.read.1.tlog
D:\Simon\Documents\GitHub\Kandidatarbete\torcs-1.3.4\src\drivers\dummy_2012\Release\link-rc.write.1.tlog
D:\Simon\Documents\GitHub\Kandidatarbete\torcs-1.3.4\src\drivers\dummy_2012\Release\link.command.1.tlog
D:\Simon\Documents\GitHub\Kandidatarbete\torcs-1.3.4\src\drivers\dummy_2012\Release\link.read.1.tlog
D:\Simon\Documents\GitHub\Kandidatarbete\torcs-1.3.4\src\drivers\dummy_2012\Release\link.write.1.tlog
D:\Simon\Documents\GitHub\Kandidatarbete\torcs-1.3.4\src\drivers\dummy_2012\Release\vc110.pdb
D:\Simon\Documents\GitHub\Kandidatarbete\torcs-1.3.4\src\drivers\dummy_2012\.\Release\dummy_2012.dll
