D:\Simon\Documents\Kandidatarbete\torcs-1.3.4\src\drivers\bt\Release\bt.lib
D:\Simon\Documents\Kandidatarbete\torcs-1.3.4\src\drivers\bt\Release\bt.exp
D:\SIMON\DOCUMENTS\KANDIDATARBETE\TORCS-1.3.4\SRC\DRIVERS\BT\RELEASE\STRATEGY.OBJ
D:\SIMON\DOCUMENTS\KANDIDATARBETE\TORCS-1.3.4\SRC\DRIVERS\BT\RELEASE\SPLINE.OBJ
D:\SIMON\DOCUMENTS\KANDIDATARBETE\TORCS-1.3.4\SRC\DRIVERS\BT\RELEASE\PIT.OBJ
D:\SIMON\DOCUMENTS\KANDIDATARBETE\TORCS-1.3.4\SRC\DRIVERS\BT\RELEASE\OPPONENT.OBJ
D:\SIMON\DOCUMENTS\KANDIDATARBETE\TORCS-1.3.4\SRC\DRIVERS\BT\RELEASE\LEARN.OBJ
D:\SIMON\DOCUMENTS\KANDIDATARBETE\TORCS-1.3.4\SRC\DRIVERS\BT\RELEASE\DRIVER.OBJ
D:\SIMON\DOCUMENTS\KANDIDATARBETE\TORCS-1.3.4\SRC\DRIVERS\BT\RELEASE\CARDATA.OBJ
D:\SIMON\DOCUMENTS\KANDIDATARBETE\TORCS-1.3.4\SRC\DRIVERS\BT\RELEASE\BT.OBJ
D:\SIMON\DOCUMENTS\KANDIDATARBETE\TORCS-1.3.4\SRC\DRIVERS\BT\RELEASE\VC110.PDB
D:\SIMON\DOCUMENTS\KANDIDATARBETE\TORCS-1.3.4\SRC\DRIVERS\BT\RELEASE\BT.DLL
D:\SIMON\DOCUMENTS\KANDIDATARBETE\TORCS-1.3.4\SRC\DRIVERS\BT\RELEASE\BT.MAP
D:\Simon\Documents\Kandidatarbete\torcs-1.3.4\src\drivers\bt\Release\bt.obj
D:\Simon\Documents\Kandidatarbete\torcs-1.3.4\src\drivers\bt\Release\cardata.obj
D:\Simon\Documents\Kandidatarbete\torcs-1.3.4\src\drivers\bt\Release\driver.obj
D:\Simon\Documents\Kandidatarbete\torcs-1.3.4\src\drivers\bt\Release\learn.obj
D:\Simon\Documents\Kandidatarbete\torcs-1.3.4\src\drivers\bt\Release\opponent.obj
D:\Simon\Documents\Kandidatarbete\torcs-1.3.4\src\drivers\bt\Release\pit.obj
D:\Simon\Documents\Kandidatarbete\torcs-1.3.4\src\drivers\bt\Release\spline.obj
D:\Simon\Documents\Kandidatarbete\torcs-1.3.4\src\drivers\bt\Release\strategy.obj
D:\Simon\Documents\Kandidatarbete\torcs-1.3.4\src\drivers\bt\Release\bt.write.1.tlog
D:\Simon\Documents\Kandidatarbete\torcs-1.3.4\src\drivers\bt\Release\cl.command.1.tlog
D:\Simon\Documents\Kandidatarbete\torcs-1.3.4\src\drivers\bt\Release\CL.read.1.tlog
D:\Simon\Documents\Kandidatarbete\torcs-1.3.4\src\drivers\bt\Release\CL.write.1.tlog
D:\Simon\Documents\Kandidatarbete\torcs-1.3.4\src\drivers\bt\Release\link.command.1.tlog
D:\Simon\Documents\Kandidatarbete\torcs-1.3.4\src\drivers\bt\Release\link.read.1.tlog
D:\Simon\Documents\Kandidatarbete\torcs-1.3.4\src\drivers\bt\Release\link.write.1.tlog
D:\Simon\Documents\Kandidatarbete\torcs-1.3.4\src\drivers\bt\Release\vc110.pdb
D:\Simon\Documents\Kandidatarbete\torcs-1.3.4\src\drivers\bt\.\Release\bt.dll
