Build started 4/23/2013 12:19:33 PM.
     1>Project "D:\Simon\Documents\GitHub\Kandidatarbete\torcs-1.3.4\src\drivers\bt\bt.vcxproj" on node 3 (Build target(s)).
     1>ClCompile:
         D:\Program\Microsoft Visual Studio 11.0\VC\bin\CL.exe /c /I../../../export/include /I../../windows/include /I../../.. /Zi /nologo /W2 /WX- /O2 /Ob1 /Oy- /D WIN32 /D NDEBUG /D _WINDOWS /D _USRDLL /D BT_EXPORTS /D _VC80_UPGRADE=0x0600 /D _WINDLL /D _MBCS /GF /Gm- /EHsc /MT /GS- /Gy- /fp:precise /Zc:wchar_t /Zc:forScope /Fo".\Release/" /Fd".\Release/vc110.pdb" /Gd /TP /analyze- /errorReport:prompt bt.cpp cardata.cpp driver.cpp learn.cpp opponent.cpp pit.cpp spline.cpp strategy.cpp
         bt.cpp
         cardata.cpp
         driver.cpp
         learn.cpp
         opponent.cpp
         pit.cpp
         spline.cpp
         strategy.cpp
         Generating Code...
       Link:
         D:\Program\Microsoft Visual Studio 11.0\VC\bin\link.exe /ERRORREPORT:PROMPT /OUT:".\Release/bt.dll" /INCREMENTAL:NO /NOLOGO /LIBPATH:../../../export/lib /LIBPATH:../../windows/lib tgf.lib robottools.lib sg_vs2008_32.lib ul_vs2008_32.lib kernel32.lib user32.lib gdi32.lib winspool.lib comdlg32.lib advapi32.lib shell32.lib ole32.lib oleaut32.lib uuid.lib odbc32.lib odbccp32.lib /DEF:".\bt.def" /MANIFEST:NO /PDB:".\Release/bt.pdb" /MAP:".\Release/bt.map" /TLBID:1 /DYNAMICBASE:NO /IMPLIB:".\Release/bt.lib" /MACHINE:X86 /SAFESEH /DLL .\Release/bt.obj
         .\Release/cardata.obj
         .\Release/driver.obj
         .\Release/learn.obj
         .\Release/opponent.obj
         .\Release/pit.obj
         .\Release/spline.obj
         .\Release/strategy.obj
            Creating library .\Release/bt.lib and object .\Release/bt.exp
         bt.vcxproj -> D:\Simon\Documents\GitHub\Kandidatarbete\torcs-1.3.4\src\drivers\bt\.\Release\bt.dll
       PostBuildEvent:
         copy D:\Simon\Documents\GitHub\Kandidatarbete\torcs-1.3.4\src\drivers\bt\Release\*.dll D:\Simon\Documents\GitHub\Kandidatarbete\torcs-1.3.4\runtime\drivers\bt
         :VCEnd
         D:\Simon\Documents\GitHub\Kandidatarbete\torcs-1.3.4\src\drivers\bt\Release\bt.dll
                 1 fil(er) kopierad(e).
     1>Done Building Project "D:\Simon\Documents\GitHub\Kandidatarbete\torcs-1.3.4\src\drivers\bt\bt.vcxproj" (Build target(s)).

Build succeeded.

Time Elapsed 00:00:04.64
