D:\SIMON\DOCUMENTS\KANDIDATARBETE\TORCS-1.3.4\SRC\WINDOWS\RELEASE\WINDOWSSPEC.OBJ
D:\SIMON\DOCUMENTS\KANDIDATARBETE\TORCS-1.3.4\SRC\WINDOWS\RELEASE\MAIN.OBJ
D:\SIMON\DOCUMENTS\KANDIDATARBETE\TORCS-1.3.4\SRC\WINDOWS\RELEASE\VC110.PDB
D:\SIMON\DOCUMENTS\KANDIDATARBETE\TORCS-1.3.4\SRC\WINDOWS\RELEASE\WTORCS.EXE
D:\SIMON\DOCUMENTS\KANDIDATARBETE\TORCS-1.3.4\SRC\WINDOWS\RELEASE\WTORCS.MAP
D:\SIMON\DOCUMENTS\KANDIDATARBETE\TORCS-1.3.4\SRC\WINDOWS\RELEASE\TOCS.RES
D:\Simon\Documents\Kandidatarbete\torcs-1.3.4\src\windows\Release\main.obj
D:\Simon\Documents\Kandidatarbete\torcs-1.3.4\src\windows\Release\windowsspec.obj
D:\Simon\Documents\Kandidatarbete\torcs-1.3.4\src\windows\Release\cl.command.1.tlog
D:\Simon\Documents\Kandidatarbete\torcs-1.3.4\src\windows\Release\CL.read.1.tlog
D:\Simon\Documents\Kandidatarbete\torcs-1.3.4\src\windows\Release\CL.write.1.tlog
D:\Simon\Documents\Kandidatarbete\torcs-1.3.4\src\windows\Release\link-cvtres.read.1.tlog
D:\Simon\Documents\Kandidatarbete\torcs-1.3.4\src\windows\Release\link-cvtres.write.1.tlog
D:\Simon\Documents\Kandidatarbete\torcs-1.3.4\src\windows\Release\link.command.1.tlog
D:\Simon\Documents\Kandidatarbete\torcs-1.3.4\src\windows\Release\link.read.1.tlog
D:\Simon\Documents\Kandidatarbete\torcs-1.3.4\src\windows\Release\link.write.1.tlog
D:\Simon\Documents\Kandidatarbete\torcs-1.3.4\src\windows\Release\rc.command.1.tlog
D:\Simon\Documents\Kandidatarbete\torcs-1.3.4\src\windows\Release\rc.read.1.tlog
D:\Simon\Documents\Kandidatarbete\torcs-1.3.4\src\windows\Release\rc.write.1.tlog
D:\Simon\Documents\Kandidatarbete\torcs-1.3.4\src\windows\Release\tocs.res
D:\Simon\Documents\Kandidatarbete\torcs-1.3.4\src\windows\Release\vc110.pdb
D:\Simon\Documents\Kandidatarbete\torcs-1.3.4\src\windows\.\Release\wtorcs.exe
