Build started 5/8/2013 1:21:56 AM.
     1>Project "D:\Simon\Documents\GitHub\Kandidatarbete\NeuralNetworkTraining\NeuralNetworkTraining.vcxproj" on node 2 (Build target(s)).
     1>ClCompile:
         D:\Program\Microsoft Visual Studio 11.0\VC\bin\CL.exe /c /Zi /nologo /W3 /WX- /O2 /Oi /Oy- /GL /D WIN32 /D NDEBUG /D _CONSOLE /D _UNICODE /D UNICODE /Gm- /EHsc /MD /GS /Gy /fp:precise /Zc:wchar_t /Zc:forScope /Fo"Release\\" /Fd"Release\vc110.pdb" /Gd /TP /analyze- /errorReport:prompt AnnAIController.cpp
         AnnAIController.cpp
     1>AnnAIController.cpp(11): warning C4244: 'argument' : conversion from 'time_t' to 'unsigned int', possible loss of data
     1>AnnAIController.cpp(102): warning C4018: '<' : signed/unsigned mismatch
     1>AnnAIController.cpp(275): warning C4996: 'fopen': This function or variable may be unsafe. Consider using fopen_s instead. To disable deprecation, use _CRT_SECURE_NO_WARNINGS. See online help for details.
                 D:\Program\Microsoft Visual Studio 11.0\VC\include\stdio.h(218) : see declaration of 'fopen'
       Link:
         D:\Program\Microsoft Visual Studio 11.0\VC\bin\link.exe /ERRORREPORT:PROMPT /OUT:"D:\Simon\Documents\GitHub\Kandidatarbete\NeuralNetworkTraining\Release\NeuralNetworkTraining.exe" /INCREMENTAL:NO /NOLOGO kernel32.lib user32.lib gdi32.lib winspool.lib comdlg32.lib advapi32.lib shell32.lib ole32.lib oleaut32.lib uuid.lib odbc32.lib odbccp32.lib /MANIFEST /MANIFESTUAC:"level='asInvoker' uiAccess='false'" /manifest:embed /DEBUG /PDB:"D:\Simon\Documents\GitHub\Kandidatarbete\NeuralNetworkTraining\Release\NeuralNetworkTraining.pdb" /SUBSYSTEM:CONSOLE /OPT:REF /OPT:ICF /LTCG /TLBID:1 /DYNAMICBASE /NXCOMPAT /IMPLIB:"D:\Simon\Documents\GitHub\Kandidatarbete\NeuralNetworkTraining\Release\NeuralNetworkTraining.lib" /MACHINE:X86 /SAFESEH Release\AnnAIController.obj
         Release\main.obj
         Release\NeuralLayer.obj
         Release\NeuralNetwork.obj
         Generating code
         Finished generating code
         NeuralNetworkTraining.vcxproj -> D:\Simon\Documents\GitHub\Kandidatarbete\NeuralNetworkTraining\Release\NeuralNetworkTraining.exe
     1>Done Building Project "D:\Simon\Documents\GitHub\Kandidatarbete\NeuralNetworkTraining\NeuralNetworkTraining.vcxproj" (Build target(s)).

Build succeeded.

Time Elapsed 00:00:00.94
