D:\Simon\Documents\Kandidatarbete\torcs-1.3.4\src\drivers\berniw2\Release\berniw2.lib
D:\Simon\Documents\Kandidatarbete\torcs-1.3.4\src\drivers\berniw2\Release\berniw2.exp
D:\SIMON\DOCUMENTS\KANDIDATARBETE\TORCS-1.3.4\SRC\DRIVERS\BERNIW2\RELEASE\TRACKDESC.OBJ
D:\SIMON\DOCUMENTS\KANDIDATARBETE\TORCS-1.3.4\SRC\DRIVERS\BERNIW2\RELEASE\SPLINE.OBJ
D:\SIMON\DOCUMENTS\KANDIDATARBETE\TORCS-1.3.4\SRC\DRIVERS\BERNIW2\RELEASE\PATHFINDER.OBJ
D:\SIMON\DOCUMENTS\KANDIDATARBETE\TORCS-1.3.4\SRC\DRIVERS\BERNIW2\RELEASE\MYCAR.OBJ
D:\SIMON\DOCUMENTS\KANDIDATARBETE\TORCS-1.3.4\SRC\DRIVERS\BERNIW2\RELEASE\BERNIW2.OBJ
D:\SIMON\DOCUMENTS\KANDIDATARBETE\TORCS-1.3.4\SRC\DRIVERS\BERNIW2\RELEASE\VC110.PDB
D:\SIMON\DOCUMENTS\KANDIDATARBETE\TORCS-1.3.4\SRC\DRIVERS\BERNIW2\RELEASE\BERNIW2.DLL
D:\SIMON\DOCUMENTS\KANDIDATARBETE\TORCS-1.3.4\SRC\DRIVERS\BERNIW2\RELEASE\BERNIW2.MAP
D:\Simon\Documents\Kandidatarbete\torcs-1.3.4\src\drivers\berniw2\Release\berniw2.obj
D:\Simon\Documents\Kandidatarbete\torcs-1.3.4\src\drivers\berniw2\Release\mycar.obj
D:\Simon\Documents\Kandidatarbete\torcs-1.3.4\src\drivers\berniw2\Release\pathfinder.obj
D:\Simon\Documents\Kandidatarbete\torcs-1.3.4\src\drivers\berniw2\Release\spline.obj
D:\Simon\Documents\Kandidatarbete\torcs-1.3.4\src\drivers\berniw2\Release\trackdesc.obj
D:\Simon\Documents\Kandidatarbete\torcs-1.3.4\src\drivers\berniw2\Release\berniw2.write.1.tlog
D:\Simon\Documents\Kandidatarbete\torcs-1.3.4\src\drivers\berniw2\Release\cl.command.1.tlog
D:\Simon\Documents\Kandidatarbete\torcs-1.3.4\src\drivers\berniw2\Release\CL.read.1.tlog
D:\Simon\Documents\Kandidatarbete\torcs-1.3.4\src\drivers\berniw2\Release\CL.write.1.tlog
D:\Simon\Documents\Kandidatarbete\torcs-1.3.4\src\drivers\berniw2\Release\link.command.1.tlog
D:\Simon\Documents\Kandidatarbete\torcs-1.3.4\src\drivers\berniw2\Release\link.read.1.tlog
D:\Simon\Documents\Kandidatarbete\torcs-1.3.4\src\drivers\berniw2\Release\link.write.1.tlog
D:\Simon\Documents\Kandidatarbete\torcs-1.3.4\src\drivers\berniw2\Release\vc110.pdb
D:\Simon\Documents\Kandidatarbete\torcs-1.3.4\src\drivers\berniw2\.\Release\berniw2.dll
