Build started 4/23/2013 12:19:50 PM.
     1>Project "D:\Simon\Documents\GitHub\Kandidatarbete\torcs-1.3.4\src\drivers\olethros\olethros.vcxproj" on node 5 (Build target(s)).
     1>ClCompile:
         D:\Program\Microsoft Visual Studio 11.0\VC\bin\CL.exe /c /I../../../export/include /I../../windows/include /I../../.. /Zi /nologo /W2 /WX- /O2 /Ob1 /Oy- /D WIN32 /D NDEBUG /D _WINDOWS /D _USRDLL /D OLETHROS_EXPORTS /D _VC80_UPGRADE=0x0600 /D _WINDLL /D _MBCS /GF /Gm- /EHsc /MT /GS- /Gy- /fp:precise /Zc:wchar_t /Zc:forScope /Fo".\Release/" /Fd".\Release/vc110.pdb" /Gd /TP /analyze- /errorReport:prompt cardata.cpp driver.cpp geometry.cpp learn.cpp ..\..\libs\learning\MathFunctions.cpp olethros.cpp opponent.cpp pit.cpp spline.cpp strategy.cpp TrackData.cpp Trajectory.cpp
         cardata.cpp
         driver.cpp
         geometry.cpp
         learn.cpp
         MathFunctions.cpp
         olethros.cpp
         opponent.cpp
         pit.cpp
         spline.cpp
         strategy.cpp
         TrackData.cpp
         Trajectory.cpp
         Generating Code...
       Link:
         D:\Program\Microsoft Visual Studio 11.0\VC\bin\link.exe /ERRORREPORT:PROMPT /OUT:".\Release/olethros.dll" /INCREMENTAL:NO /NOLOGO /LIBPATH:../../../export/lib /LIBPATH:../../windows/lib learning.lib tgf.lib robottools.lib sg_vs2008_32.lib ul_vs2008_32.lib kernel32.lib user32.lib gdi32.lib winspool.lib comdlg32.lib advapi32.lib shell32.lib ole32.lib oleaut32.lib uuid.lib odbc32.lib odbccp32.lib /DEF:".\olethros.def" /MANIFEST:NO /PDB:".\Release/olethros.pdb" /TLBID:1 /DYNAMICBASE:NO /IMPLIB:".\Release/olethros.lib" /MACHINE:X86 /SAFESEH /DLL .\Release/cardata.obj
         .\Release/driver.obj
         .\Release/geometry.obj
         .\Release/learn.obj
         .\Release/MathFunctions.obj
         .\Release/olethros.obj
         .\Release/opponent.obj
         .\Release/pit.obj
         .\Release/spline.obj
         .\Release/strategy.obj
         .\Release/TrackData.obj
         .\Release/Trajectory.obj
            Creating library .\Release/olethros.lib and object .\Release/olethros.exp
         olethros.vcxproj -> D:\Simon\Documents\GitHub\Kandidatarbete\torcs-1.3.4\src\drivers\olethros\.\Release\olethros.dll
       PostBuildEvent:
         copy D:\Simon\Documents\GitHub\Kandidatarbete\torcs-1.3.4\src\drivers\olethros\Release\*.dll D:\Simon\Documents\GitHub\Kandidatarbete\torcs-1.3.4\runtime\drivers\olethros
         :VCEnd
         D:\Simon\Documents\GitHub\Kandidatarbete\torcs-1.3.4\src\drivers\olethros\Release\olethros.dll
                 1 fil(er) kopierad(e).
     1>Done Building Project "D:\Simon\Documents\GitHub\Kandidatarbete\torcs-1.3.4\src\drivers\olethros\olethros.vcxproj" (Build target(s)).

Build succeeded.

Time Elapsed 00:00:06.91
