D:\SIMON\DOCUMENTS\KANDIDATARBETE\TORCS-1.3.4\SRC\DRIVERS\OLETHROS\RELEASE\TRAJECTORY.OBJ
D:\SIMON\DOCUMENTS\KANDIDATARBETE\TORCS-1.3.4\SRC\DRIVERS\OLETHROS\RELEASE\TRACKDATA.OBJ
D:\SIMON\DOCUMENTS\KANDIDATARBETE\TORCS-1.3.4\SRC\DRIVERS\OLETHROS\RELEASE\STRATEGY.OBJ
D:\SIMON\DOCUMENTS\KANDIDATARBETE\TORCS-1.3.4\SRC\DRIVERS\OLETHROS\RELEASE\SPLINE.OBJ
D:\SIMON\DOCUMENTS\KANDIDATARBETE\TORCS-1.3.4\SRC\DRIVERS\OLETHROS\RELEASE\PIT.OBJ
D:\SIMON\DOCUMENTS\KANDIDATARBETE\TORCS-1.3.4\SRC\DRIVERS\OLETHROS\RELEASE\OPPONENT.OBJ
D:\SIMON\DOCUMENTS\KANDIDATARBETE\TORCS-1.3.4\SRC\DRIVERS\OLETHROS\RELEASE\OLETHROS.OBJ
D:\SIMON\DOCUMENTS\KANDIDATARBETE\TORCS-1.3.4\SRC\DRIVERS\OLETHROS\RELEASE\MATHFUNCTIONS.OBJ
D:\SIMON\DOCUMENTS\KANDIDATARBETE\TORCS-1.3.4\SRC\DRIVERS\OLETHROS\RELEASE\LEARN.OBJ
D:\SIMON\DOCUMENTS\KANDIDATARBETE\TORCS-1.3.4\SRC\DRIVERS\OLETHROS\RELEASE\GEOMETRY.OBJ
D:\SIMON\DOCUMENTS\KANDIDATARBETE\TORCS-1.3.4\SRC\DRIVERS\OLETHROS\RELEASE\DRIVER.OBJ
D:\SIMON\DOCUMENTS\KANDIDATARBETE\TORCS-1.3.4\SRC\DRIVERS\OLETHROS\RELEASE\CARDATA.OBJ
D:\SIMON\DOCUMENTS\KANDIDATARBETE\TORCS-1.3.4\SRC\DRIVERS\OLETHROS\RELEASE\VC110.PDB
D:\SIMON\DOCUMENTS\KANDIDATARBETE\TORCS-1.3.4\SRC\DRIVERS\OLETHROS\RELEASE\OLETHROS.DLL
D:\Simon\Documents\Kandidatarbete\torcs-1.3.4\src\drivers\olethros\Release\olethros.lib
D:\Simon\Documents\Kandidatarbete\torcs-1.3.4\src\drivers\olethros\Release\olethros.exp
D:\Simon\Documents\Kandidatarbete\torcs-1.3.4\src\drivers\olethros\Release\cardata.obj
D:\Simon\Documents\Kandidatarbete\torcs-1.3.4\src\drivers\olethros\Release\driver.obj
D:\Simon\Documents\Kandidatarbete\torcs-1.3.4\src\drivers\olethros\Release\geometry.obj
D:\Simon\Documents\Kandidatarbete\torcs-1.3.4\src\drivers\olethros\Release\learn.obj
D:\Simon\Documents\Kandidatarbete\torcs-1.3.4\src\drivers\olethros\Release\MathFunctions.obj
D:\Simon\Documents\Kandidatarbete\torcs-1.3.4\src\drivers\olethros\Release\olethros.obj
D:\Simon\Documents\Kandidatarbete\torcs-1.3.4\src\drivers\olethros\Release\opponent.obj
D:\Simon\Documents\Kandidatarbete\torcs-1.3.4\src\drivers\olethros\Release\pit.obj
D:\Simon\Documents\Kandidatarbete\torcs-1.3.4\src\drivers\olethros\Release\spline.obj
D:\Simon\Documents\Kandidatarbete\torcs-1.3.4\src\drivers\olethros\Release\strategy.obj
D:\Simon\Documents\Kandidatarbete\torcs-1.3.4\src\drivers\olethros\Release\TrackData.obj
D:\Simon\Documents\Kandidatarbete\torcs-1.3.4\src\drivers\olethros\Release\Trajectory.obj
D:\Simon\Documents\Kandidatarbete\torcs-1.3.4\src\drivers\olethros\Release\cl.command.1.tlog
D:\Simon\Documents\Kandidatarbete\torcs-1.3.4\src\drivers\olethros\Release\CL.read.1.tlog
D:\Simon\Documents\Kandidatarbete\torcs-1.3.4\src\drivers\olethros\Release\CL.write.1.tlog
D:\Simon\Documents\Kandidatarbete\torcs-1.3.4\src\drivers\olethros\Release\link.command.1.tlog
D:\Simon\Documents\Kandidatarbete\torcs-1.3.4\src\drivers\olethros\Release\link.read.1.tlog
D:\Simon\Documents\Kandidatarbete\torcs-1.3.4\src\drivers\olethros\Release\link.write.1.tlog
D:\Simon\Documents\Kandidatarbete\torcs-1.3.4\src\drivers\olethros\Release\olethros.write.1.tlog
D:\Simon\Documents\Kandidatarbete\torcs-1.3.4\src\drivers\olethros\Release\vc110.pdb
D:\Simon\Documents\Kandidatarbete\torcs-1.3.4\src\drivers\olethros\.\Release\olethros.dll
