Build started 5/3/2013 2:27:02 AM.
     1>Project "D:\Simon\Documents\GitHub\Kandidatarbete\torcs-1.3.4\src\libs\robottools\robottools.vcxproj" on node 2 (Build target(s)).
     1>ClCompile:
         D:\Program\Microsoft Visual Studio 11.0\VC\bin\CL.exe /c /I../../../export/include /I../../windows/include /I../../.. /Zi /nologo /W2 /WX- /Od /Oy- /D WIN32 /D _DEBUG /D _WINDOWS /D _USRDLL /D ROBOTTOOLS_EXPORTS /D DEBUG /D DEBUG_OUT /D _VC80_UPGRADE=0x0600 /D _WINDLL /D _MBCS /Gm- /EHsc /RTC1 /MTd /GS /fp:precise /Zc:wchar_t /Zc:forScope /Fo".\Debug/" /Fd".\Debug/vc110.pdb" /FR".\Debug\\" /Gd /TP /analyze- /errorReport:prompt rttelem.cpp rttrack.cpp
         rttelem.cpp
         rttrack.cpp
         Generating Code...
       Link:
         D:\Program\Microsoft Visual Studio 11.0\VC\bin\link.exe /ERRORREPORT:PROMPT /OUT:".\Debug/robottools.dll" /INCREMENTAL:NO /NOLOGO /LIBPATH:../../../export/libd /LIBPATH:../../windows/lib tgf.lib sg_vs2008_32.lib ul_vs2008_32.lib kernel32.lib user32.lib gdi32.lib winspool.lib comdlg32.lib advapi32.lib shell32.lib ole32.lib oleaut32.lib uuid.lib odbc32.lib odbccp32.lib /NODEFAULTLIB:LIBCMT /DEF:".\robotools.def" /MANIFEST:NO /DEBUG /PDB:".\Debug/robottools.pdb" /MAP:".\Debug/robottools.map" /TLBID:1 /DYNAMICBASE:NO /IMPLIB:".\Debug/robottools.lib" /MACHINE:X86 /SAFESEH /DLL .\Debug/rttelem.obj
         .\Debug/rttrack.obj
            Creating library .\Debug/robottools.lib and object .\Debug/robottools.exp
         robottools.vcxproj -> D:\Simon\Documents\GitHub\Kandidatarbete\torcs-1.3.4\src\libs\robottools\.\Debug\robottools.dll
       BscMake:
         D:\Program\Microsoft Visual Studio 11.0\VC\bin\bscmake.exe /nologo /o".\Debug/robottools.bsc" .\Debug\rttelem.sbr .\Debug\rttrack.sbr
       PostBuildEvent:
         copy D:\Simon\Documents\GitHub\Kandidatarbete\torcs-1.3.4\src\libs\robottools\Debug\*.dll D:\Simon\Documents\GitHub\Kandidatarbete\torcs-1.3.4\runtimed
         copy D:\Simon\Documents\GitHub\Kandidatarbete\torcs-1.3.4\src\libs\robottools\Debug\*.lib D:\Simon\Documents\GitHub\Kandidatarbete\torcs-1.3.4\export\libd
         
         :VCEnd
         D:\Simon\Documents\GitHub\Kandidatarbete\torcs-1.3.4\src\libs\robottools\Debug\robottools.dll
                 1 fil(er) kopierad(e).
         D:\Simon\Documents\GitHub\Kandidatarbete\torcs-1.3.4\src\libs\robottools\Debug\robottools.lib
                 1 fil(er) kopierad(e).
     1>Done Building Project "D:\Simon\Documents\GitHub\Kandidatarbete\torcs-1.3.4\src\libs\robottools\robottools.vcxproj" (Build target(s)).

Build succeeded.

Time Elapsed 00:00:03.72
