Build started 5/3/2013 2:27:03 AM.
     1>Project "D:\Simon\Documents\GitHub\Kandidatarbete\torcs-1.3.4\src\libs\learning\learning.vcxproj" on node 3 (Build target(s)).
     1>ClCompile:
         D:\Program\Microsoft Visual Studio 11.0\VC\bin\CL.exe /c /I../../../export/include /I../../.. /Zi /nologo /W2 /WX- /Od /Oy- /D WIN32 /D _DEBUG /D _WINDOWS /D _USRDLL /D LEARNING_EXPORTS /D DEBUG /D DEBUG_OUT /D _VC80_UPGRADE=0x0600 /D _WINDLL /D _MBCS /Gm- /EHsc /RTC1 /MTd /GS /fp:precise /Zc:wchar_t /Zc:forScope /Fo".\Debug/" /Fd".\Debug/vc110.pdb" /FR".\Debug\\" /Gd /TP /analyze- /errorReport:prompt ANN.cpp ann_policy.cpp Distribution.cpp List.cpp MathFunctions.cpp policy.cpp string_utils.cpp
         ANN.cpp
         ann_policy.cpp
         Distribution.cpp
         List.cpp
         MathFunctions.cpp
         policy.cpp
         string_utils.cpp
         Generating Code...
       Link:
         D:\Program\Microsoft Visual Studio 11.0\VC\bin\link.exe /ERRORREPORT:PROMPT /OUT:".\Debug/learning.dll" /INCREMENTAL:NO /NOLOGO /LIBPATH:../../../export/libd /LIBPATH:../../windows/lib kernel32.lib user32.lib gdi32.lib winspool.lib comdlg32.lib advapi32.lib shell32.lib ole32.lib oleaut32.lib uuid.lib odbc32.lib odbccp32.lib /NODEFAULTLIB:LIBCMT /DEF:"./learning.def" /MANIFEST:NO /DEBUG /PDB:".\Debug/learning.pdb" /MAP:".\Debug/learning.map" /TLBID:1 /DYNAMICBASE:NO /IMPLIB:".\Debug/learning.lib" /MACHINE:X86 /SAFESEH /DLL .\Debug/ANN.obj
         .\Debug/ann_policy.obj
         .\Debug/Distribution.obj
         .\Debug/List.obj
         .\Debug/MathFunctions.obj
         .\Debug/policy.obj
         .\Debug/string_utils.obj
            Creating library .\Debug/learning.lib and object .\Debug/learning.exp
         learning.vcxproj -> D:\Simon\Documents\GitHub\Kandidatarbete\torcs-1.3.4\src\libs\learning\.\Debug\learning.dll
       BscMake:
         D:\Program\Microsoft Visual Studio 11.0\VC\bin\bscmake.exe /nologo /o".\Debug/learning.bsc" .\Debug\ANN.sbr .\Debug\ann_policy.sbr .\Debug\Distribution.sbr .\Debug\List.sbr .\Debug\MathFunctions.sbr .\Debug\policy.sbr .\Debug\string_utils.sbr
       PostBuildEvent:
         copy D:\Simon\Documents\GitHub\Kandidatarbete\torcs-1.3.4\src\libs\learning\Debug\*.dll D:\Simon\Documents\GitHub\Kandidatarbete\torcs-1.3.4\runtimed
         copy D:\Simon\Documents\GitHub\Kandidatarbete\torcs-1.3.4\src\libs\learning\Debug\*.lib D:\Simon\Documents\GitHub\Kandidatarbete\torcs-1.3.4\export\libd
         
         :VCEnd
         D:\Simon\Documents\GitHub\Kandidatarbete\torcs-1.3.4\src\libs\learning\Debug\learning.dll
                 1 fil(er) kopierad(e).
         D:\Simon\Documents\GitHub\Kandidatarbete\torcs-1.3.4\src\libs\learning\Debug\learning.lib
                 1 fil(er) kopierad(e).
     1>Done Building Project "D:\Simon\Documents\GitHub\Kandidatarbete\torcs-1.3.4\src\libs\learning\learning.vcxproj" (Build target(s)).

Build succeeded.

Time Elapsed 00:00:07.47
