Build started 4/23/2013 12:19:30 PM.
     1>Project "D:\Simon\Documents\GitHub\Kandidatarbete\torcs-1.3.4\src\libs\txml\txml.vcxproj" on node 2 (Build target(s)).
     1>ClCompile:
         D:\Program\Microsoft Visual Studio 11.0\VC\bin\CL.exe /c /I../../../export/include /I../../windows/include /I../../.. /Zi /nologo /W2 /WX- /O2 /Ob1 /Oy- /D WIN32 /D NDEBUG /D _WINDOWS /D _USRDLL /D TXML_EXPORTS /D _VC80_UPGRADE=0x0600 /D _WINDLL /D _MBCS /GF /Gm- /EHsc /MT /GS- /Gy- /fp:precise /Zc:wchar_t /Zc:forScope /Fo".\Release/" /Fd".\Release/vc110.pdb" /FR".\Release\\" /Gd /TC /analyze- /errorReport:prompt dllmain.c gennmtab.c hashtable.c xmlparse.c xmlrole.c xmltok.c
         dllmain.c
         gennmtab.c
         hashtable.c
         xmlparse.c
         xmlrole.c
         xmltok.c
         Generating Code...
         D:\Program\Microsoft Visual Studio 11.0\VC\bin\CL.exe /c /I../../../export/include /I../../windows/include /I../../.. /Zi /nologo /W2 /WX- /O2 /Ob1 /Oy- /D WIN32 /D NDEBUG /D _WINDOWS /D _USRDLL /D TXML_EXPORTS /D _VC80_UPGRADE=0x0600 /D _WINDLL /D _MBCS /GF /Gm- /EHsc /MT /GS- /Gy- /fp:precise /Zc:wchar_t /Zc:forScope /Fo".\Release/" /Fd".\Release/vc110.pdb" /FR".\Release\\" /Gd /TP /analyze- /errorReport:prompt xml.cpp
         xml.cpp
       Link:
         D:\Program\Microsoft Visual Studio 11.0\VC\bin\link.exe /ERRORREPORT:PROMPT /OUT:".\Release/txml.dll" /INCREMENTAL:NO /NOLOGO /LIBPATH:../../windows/lib kernel32.lib user32.lib gdi32.lib winspool.lib comdlg32.lib advapi32.lib shell32.lib ole32.lib oleaut32.lib uuid.lib odbc32.lib odbccp32.lib /DEF:".\txml.def" /MANIFEST:NO /PDB:".\Release/txml.pdb" /TLBID:1 /DYNAMICBASE:NO /IMPLIB:".\Release/txml.lib" /MACHINE:X86 /SAFESEH /DLL .\Release/dllmain.obj
         .\Release/gennmtab.obj
         .\Release/hashtable.obj
         .\Release/xml.obj
         .\Release/xmlparse.obj
         .\Release/xmlrole.obj
         .\Release/xmltok.obj
            Creating library .\Release/txml.lib and object .\Release/txml.exp
         txml.vcxproj -> D:\Simon\Documents\GitHub\Kandidatarbete\torcs-1.3.4\src\libs\txml\.\Release\txml.dll
       BscMake:
         D:\Program\Microsoft Visual Studio 11.0\VC\bin\bscmake.exe /nologo /o".\Release/txml.bsc" .\Release\dllmain.sbr .\Release\gennmtab.sbr .\Release\hashtable.sbr .\Release\xml.sbr .\Release\xmlparse.sbr .\Release\xmlrole.sbr .\Release\xmltok.sbr
       PostBuildEvent:
         copy D:\Simon\Documents\GitHub\Kandidatarbete\torcs-1.3.4\src\libs\txml\Release\*.dll D:\Simon\Documents\GitHub\Kandidatarbete\torcs-1.3.4\runtime
         copy D:\Simon\Documents\GitHub\Kandidatarbete\torcs-1.3.4\src\libs\txml\Release\*.lib D:\Simon\Documents\GitHub\Kandidatarbete\torcs-1.3.4\export\lib
         
         :VCEnd
         D:\Simon\Documents\GitHub\Kandidatarbete\torcs-1.3.4\src\libs\txml\Release\txml.dll
                 1 fil(er) kopierad(e).
         D:\Simon\Documents\GitHub\Kandidatarbete\torcs-1.3.4\src\libs\txml\Release\txml.lib
                 1 fil(er) kopierad(e).
     1>Done Building Project "D:\Simon\Documents\GitHub\Kandidatarbete\torcs-1.3.4\src\libs\txml\txml.vcxproj" (Build target(s)).

Build succeeded.

Time Elapsed 00:00:05.10
