D:\SIMON\DOCUMENTS\KANDIDATARBETE\TORCS-1.3.4\SRC\LIBS\TXML\RELEASE\TXML.BSC
D:\SIMON\DOCUMENTS\KANDIDATARBETE\TORCS-1.3.4\SRC\LIBS\TXML\RELEASE\DLLMAIN.SBR
D:\SIMON\DOCUMENTS\KANDIDATARBETE\TORCS-1.3.4\SRC\LIBS\TXML\RELEASE\GENNMTAB.SBR
D:\SIMON\DOCUMENTS\KANDIDATARBETE\TORCS-1.3.4\SRC\LIBS\TXML\RELEASE\HASHTABLE.SBR
D:\SIMON\DOCUMENTS\KANDIDATARBETE\TORCS-1.3.4\SRC\LIBS\TXML\RELEASE\XMLPARSE.SBR
D:\SIMON\DOCUMENTS\KANDIDATARBETE\TORCS-1.3.4\SRC\LIBS\TXML\RELEASE\XMLROLE.SBR
D:\SIMON\DOCUMENTS\KANDIDATARBETE\TORCS-1.3.4\SRC\LIBS\TXML\RELEASE\XMLTOK.SBR
D:\SIMON\DOCUMENTS\KANDIDATARBETE\TORCS-1.3.4\SRC\LIBS\TXML\RELEASE\XMLTOK.OBJ
D:\SIMON\DOCUMENTS\KANDIDATARBETE\TORCS-1.3.4\SRC\LIBS\TXML\RELEASE\XMLROLE.OBJ
D:\SIMON\DOCUMENTS\KANDIDATARBETE\TORCS-1.3.4\SRC\LIBS\TXML\RELEASE\XMLPARSE.OBJ
D:\SIMON\DOCUMENTS\KANDIDATARBETE\TORCS-1.3.4\SRC\LIBS\TXML\RELEASE\HASHTABLE.OBJ
D:\SIMON\DOCUMENTS\KANDIDATARBETE\TORCS-1.3.4\SRC\LIBS\TXML\RELEASE\GENNMTAB.OBJ
D:\SIMON\DOCUMENTS\KANDIDATARBETE\TORCS-1.3.4\SRC\LIBS\TXML\RELEASE\DLLMAIN.OBJ
D:\SIMON\DOCUMENTS\KANDIDATARBETE\TORCS-1.3.4\SRC\LIBS\TXML\RELEASE\VC110.PDB
D:\SIMON\DOCUMENTS\KANDIDATARBETE\TORCS-1.3.4\SRC\LIBS\TXML\RELEASE\XML.SBR
D:\SIMON\DOCUMENTS\KANDIDATARBETE\TORCS-1.3.4\SRC\LIBS\TXML\RELEASE\XML.OBJ
D:\SIMON\DOCUMENTS\KANDIDATARBETE\TORCS-1.3.4\SRC\LIBS\TXML\RELEASE\TXML.DLL
D:\Simon\Documents\Kandidatarbete\torcs-1.3.4\src\libs\txml\Release\txml.lib
D:\Simon\Documents\Kandidatarbete\torcs-1.3.4\src\libs\txml\Release\txml.exp
D:\Simon\Documents\Kandidatarbete\torcs-1.3.4\src\libs\txml\Release\dllmain.obj
D:\Simon\Documents\Kandidatarbete\torcs-1.3.4\src\libs\txml\Release\gennmtab.obj
D:\Simon\Documents\Kandidatarbete\torcs-1.3.4\src\libs\txml\Release\hashtable.obj
D:\Simon\Documents\Kandidatarbete\torcs-1.3.4\src\libs\txml\Release\xml.obj
D:\Simon\Documents\Kandidatarbete\torcs-1.3.4\src\libs\txml\Release\xmlparse.obj
D:\Simon\Documents\Kandidatarbete\torcs-1.3.4\src\libs\txml\Release\xmlrole.obj
D:\Simon\Documents\Kandidatarbete\torcs-1.3.4\src\libs\txml\Release\xmltok.obj
D:\Simon\Documents\Kandidatarbete\torcs-1.3.4\src\libs\txml\Release\BscMake.command.1.tlog
D:\Simon\Documents\Kandidatarbete\torcs-1.3.4\src\libs\txml\Release\bscmake.read.1.tlog
D:\Simon\Documents\Kandidatarbete\torcs-1.3.4\src\libs\txml\Release\bscmake.write.1.tlog
D:\Simon\Documents\Kandidatarbete\torcs-1.3.4\src\libs\txml\Release\cl.command.1.tlog
D:\Simon\Documents\Kandidatarbete\torcs-1.3.4\src\libs\txml\Release\CL.read.1.tlog
D:\Simon\Documents\Kandidatarbete\torcs-1.3.4\src\libs\txml\Release\CL.write.1.tlog
D:\Simon\Documents\Kandidatarbete\torcs-1.3.4\src\libs\txml\Release\link.command.1.tlog
D:\Simon\Documents\Kandidatarbete\torcs-1.3.4\src\libs\txml\Release\link.read.1.tlog
D:\Simon\Documents\Kandidatarbete\torcs-1.3.4\src\libs\txml\Release\link.write.1.tlog
D:\Simon\Documents\Kandidatarbete\torcs-1.3.4\src\libs\txml\Release\txml.write.1.tlog
D:\Simon\Documents\Kandidatarbete\torcs-1.3.4\src\libs\txml\Release\vc110.pdb
D:\Simon\Documents\Kandidatarbete\torcs-1.3.4\src\libs\txml\Release\txml.bsc
D:\Simon\Documents\Kandidatarbete\torcs-1.3.4\src\libs\txml\Release\dllmain.sbr
D:\Simon\Documents\Kandidatarbete\torcs-1.3.4\src\libs\txml\Release\gennmtab.sbr
D:\Simon\Documents\Kandidatarbete\torcs-1.3.4\src\libs\txml\Release\hashtable.sbr
D:\Simon\Documents\Kandidatarbete\torcs-1.3.4\src\libs\txml\Release\xml.sbr
D:\Simon\Documents\Kandidatarbete\torcs-1.3.4\src\libs\txml\Release\xmlparse.sbr
D:\Simon\Documents\Kandidatarbete\torcs-1.3.4\src\libs\txml\Release\xmlrole.sbr
D:\Simon\Documents\Kandidatarbete\torcs-1.3.4\src\libs\txml\Release\xmltok.sbr
D:\Simon\Documents\Kandidatarbete\torcs-1.3.4\src\libs\txml\.\Release\txml.dll
