D:\Simon\Documents\GitHub\Kandidatarbete\torcs-1.3.4\src\drivers\berniw_Recorder\Release\berniw_Recorder.lib
D:\Simon\Documents\GitHub\Kandidatarbete\torcs-1.3.4\src\drivers\berniw_Recorder\Release\berniw_Recorder.exp
D:\SIMON\DOCUMENTS\GITHUB\KANDIDATARBETE\TORCS-1.3.4\SRC\DRIVERS\BERNIW_RECORDER\RELEASE\TRACKDESC.OBJ
D:\SIMON\DOCUMENTS\GITHUB\KANDIDATARBETE\TORCS-1.3.4\SRC\DRIVERS\BERNIW_RECORDER\RELEASE\SPLINE.OBJ
D:\SIMON\DOCUMENTS\GITHUB\KANDIDATARBETE\TORCS-1.3.4\SRC\DRIVERS\BERNIW_RECORDER\RELEASE\SENSORS.OBJ
D:\SIMON\DOCUMENTS\GITHUB\KANDIDATARBETE\TORCS-1.3.4\SRC\DRIVERS\BERNIW_RECORDER\RELEASE\PATHFINDER.OBJ
D:\SIMON\DOCUMENTS\GITHUB\KANDIDATARBETE\TORCS-1.3.4\SRC\DRIVERS\BERNIW_RECORDER\RELEASE\MYCAR.OBJ
D:\SIMON\DOCUMENTS\GITHUB\KANDIDATARBETE\TORCS-1.3.4\SRC\DRIVERS\BERNIW_RECORDER\RELEASE\DISTANCESENSOR.OBJ
D:\SIMON\DOCUMENTS\GITHUB\KANDIDATARBETE\TORCS-1.3.4\SRC\DRIVERS\BERNIW_RECORDER\RELEASE\BERNIW_RECORDER.OBJ
D:\SIMON\DOCUMENTS\GITHUB\KANDIDATARBETE\TORCS-1.3.4\SRC\DRIVERS\BERNIW_RECORDER\RELEASE\VC110.PDB
D:\SIMON\DOCUMENTS\GITHUB\KANDIDATARBETE\TORCS-1.3.4\SRC\DRIVERS\BERNIW_RECORDER\RELEASE\BERNIW_RECORDER.DLL
D:\SIMON\DOCUMENTS\GITHUB\KANDIDATARBETE\TORCS-1.3.4\SRC\DRIVERS\BERNIW_RECORDER\RELEASE\BERNIW_RECORDER.MAP
D:\Simon\Documents\GitHub\Kandidatarbete\torcs-1.3.4\src\drivers\berniw_Recorder\Release\berniw_Recorder.obj
D:\Simon\Documents\GitHub\Kandidatarbete\torcs-1.3.4\src\drivers\berniw_Recorder\Release\DistanceSensor.obj
D:\Simon\Documents\GitHub\Kandidatarbete\torcs-1.3.4\src\drivers\berniw_Recorder\Release\mycar.obj
D:\Simon\Documents\GitHub\Kandidatarbete\torcs-1.3.4\src\drivers\berniw_Recorder\Release\pathfinder.obj
D:\Simon\Documents\GitHub\Kandidatarbete\torcs-1.3.4\src\drivers\berniw_Recorder\Release\sensors.obj
D:\Simon\Documents\GitHub\Kandidatarbete\torcs-1.3.4\src\drivers\berniw_Recorder\Release\spline.obj
D:\Simon\Documents\GitHub\Kandidatarbete\torcs-1.3.4\src\drivers\berniw_Recorder\Release\trackdesc.obj
D:\Simon\Documents\GitHub\Kandidatarbete\torcs-1.3.4\src\drivers\berniw_Recorder\Release\berniw_Recorder.write.1.tlog
D:\Simon\Documents\GitHub\Kandidatarbete\torcs-1.3.4\src\drivers\berniw_Recorder\Release\cl.command.1.tlog
D:\Simon\Documents\GitHub\Kandidatarbete\torcs-1.3.4\src\drivers\berniw_Recorder\Release\CL.read.1.tlog
D:\Simon\Documents\GitHub\Kandidatarbete\torcs-1.3.4\src\drivers\berniw_Recorder\Release\CL.write.1.tlog
D:\Simon\Documents\GitHub\Kandidatarbete\torcs-1.3.4\src\drivers\berniw_Recorder\Release\link.command.1.tlog
D:\Simon\Documents\GitHub\Kandidatarbete\torcs-1.3.4\src\drivers\berniw_Recorder\Release\link.read.1.tlog
D:\Simon\Documents\GitHub\Kandidatarbete\torcs-1.3.4\src\drivers\berniw_Recorder\Release\link.write.1.tlog
D:\Simon\Documents\GitHub\Kandidatarbete\torcs-1.3.4\src\drivers\berniw_Recorder\Release\vc110.pdb
D:\Simon\Documents\GitHub\Kandidatarbete\torcs-1.3.4\src\drivers\berniw_Recorder\.\Release\berniw_Recorder.dll
