Build started 4/28/2013 11:30:12 PM.
     1>Project "D:\Simon\Documents\GitHub\Kandidatarbete\torcs-1.3.4\src\drivers\berniw_Recorder\berniw_Recorder.vcxproj" on node 4 (Build target(s)).
     1>ClCompile:
         D:\Program\Microsoft Visual Studio 11.0\VC\bin\CL.exe /c /I../../../export/include /I../../windows/include /I../../.. /Zi /nologo /W2 /WX- /O2 /Ob1 /Oy- /D WIN32 /D NDEBUG /D _WINDOWS /D _USRDLL /D BERNIW_RECORDER_EXPORTS /D _VC80_UPGRADE=0x0600 /D _WINDLL /D _MBCS /GF /Gm- /EHsc /MT /GS- /Gy- /fp:precise /Zc:wchar_t /Zc:forScope /Fo".\Release/" /Fd".\Release/vc110.pdb" /Gd /TP /analyze- /errorReport:prompt berniw_Recorder.cpp
         berniw_Recorder.cpp
       Link:
         D:\Program\Microsoft Visual Studio 11.0\VC\bin\link.exe /ERRORREPORT:PROMPT /OUT:".\Release/berniw_Recorder.dll" /INCREMENTAL:NO /NOLOGO /LIBPATH:../../../export/lib /LIBPATH:../../windows/lib tgf.lib robottools.lib sg_vs2008_32.lib ul_vs2008_32.lib kernel32.lib user32.lib gdi32.lib winspool.lib comdlg32.lib advapi32.lib shell32.lib ole32.lib oleaut32.lib uuid.lib odbc32.lib odbccp32.lib /DEF:".\berniw_Recorder.def" /MANIFEST:NO /PDB:".\Release/berniw_Recorder.pdb" /MAP:".\Release/berniw_Recorder.map" /TLBID:1 /DYNAMICBASE:NO /IMPLIB:".\Release/berniw_Recorder.lib" /MACHINE:X86 /SAFESEH /DLL .\Release/berniw_Recorder.obj
         .\Release/mycar.obj
         .\Release/pathfinder.obj
         .\Release/spline.obj
         .\Release/trackdesc.obj
            Creating library .\Release/berniw_Recorder.lib and object .\Release/berniw_Recorder.exp
         berniw_Recorder.vcxproj -> D:\Simon\Documents\GitHub\Kandidatarbete\torcs-1.3.4\src\drivers\berniw_Recorder\.\Release\berniw_Recorder.dll
       PostBuildEvent:
         copy D:\Simon\Documents\GitHub\Kandidatarbete\torcs-1.3.4\src\drivers\berniw_Recorder\Release\*.dll D:\Simon\Documents\GitHub\Kandidatarbete\torcs-1.3.4\runtime\drivers\berniw_Recorder
         :VCEnd
         D:\Simon\Documents\GitHub\Kandidatarbete\torcs-1.3.4\src\drivers\berniw_Recorder\Release\berniw.dll
         D:\Simon\Documents\GitHub\Kandidatarbete\torcs-1.3.4\src\drivers\berniw_Recorder\Release\berniw_Recorder.dll
                 2 fil(er) kopierad(e).
     1>Done Building Project "D:\Simon\Documents\GitHub\Kandidatarbete\torcs-1.3.4\src\drivers\berniw_Recorder\berniw_Recorder.vcxproj" (Build target(s)).

Build succeeded.

Time Elapsed 00:00:01.34
