D:\SIMON\DOCUMENTS\KANDIDATARBETE\TORCS-1.3.4\SRC\MODULES\GRAPHIC\SSGGRAPH\RELEASE\PLIBSOUNDINTERFACE.OBJ
D:\SIMON\DOCUMENTS\KANDIDATARBETE\TORCS-1.3.4\SRC\MODULES\GRAPHIC\SSGGRAPH\RELEASE\OPENALSOUNDINTERFACE.OBJ
D:\SIMON\DOCUMENTS\KANDIDATARBETE\TORCS-1.3.4\SRC\MODULES\GRAPHIC\SSGGRAPH\RELEASE\GRVTXTABLE.OBJ
D:\SIMON\DOCUMENTS\KANDIDATARBETE\TORCS-1.3.4\SRC\MODULES\GRAPHIC\SSGGRAPH\RELEASE\GRUTIL.OBJ
D:\SIMON\DOCUMENTS\KANDIDATARBETE\TORCS-1.3.4\SRC\MODULES\GRAPHIC\SSGGRAPH\RELEASE\GRTRACKMAP.OBJ
D:\SIMON\DOCUMENTS\KANDIDATARBETE\TORCS-1.3.4\SRC\MODULES\GRAPHIC\SSGGRAPH\RELEASE\GRTEXTURE.OBJ
D:\SIMON\DOCUMENTS\KANDIDATARBETE\TORCS-1.3.4\SRC\MODULES\GRAPHIC\SSGGRAPH\RELEASE\GRSOUND.OBJ
D:\SIMON\DOCUMENTS\KANDIDATARBETE\TORCS-1.3.4\SRC\MODULES\GRAPHIC\SSGGRAPH\RELEASE\GRSMOKE.OBJ
D:\SIMON\DOCUMENTS\KANDIDATARBETE\TORCS-1.3.4\SRC\MODULES\GRAPHIC\SSGGRAPH\RELEASE\GRSKIDMARKS.OBJ
D:\SIMON\DOCUMENTS\KANDIDATARBETE\TORCS-1.3.4\SRC\MODULES\GRAPHIC\SSGGRAPH\RELEASE\GRSHADOW.OBJ
D:\SIMON\DOCUMENTS\KANDIDATARBETE\TORCS-1.3.4\SRC\MODULES\GRAPHIC\SSGGRAPH\RELEASE\GRSCREEN.OBJ
D:\SIMON\DOCUMENTS\KANDIDATARBETE\TORCS-1.3.4\SRC\MODULES\GRAPHIC\SSGGRAPH\RELEASE\GRSCENE.OBJ
D:\SIMON\DOCUMENTS\KANDIDATARBETE\TORCS-1.3.4\SRC\MODULES\GRAPHIC\SSGGRAPH\RELEASE\GRMULTITEXSTATE.OBJ
D:\SIMON\DOCUMENTS\KANDIDATARBETE\TORCS-1.3.4\SRC\MODULES\GRAPHIC\SSGGRAPH\RELEASE\GRMAIN.OBJ
D:\SIMON\DOCUMENTS\KANDIDATARBETE\TORCS-1.3.4\SRC\MODULES\GRAPHIC\SSGGRAPH\RELEASE\GRLOADAC.OBJ
D:\SIMON\DOCUMENTS\KANDIDATARBETE\TORCS-1.3.4\SRC\MODULES\GRAPHIC\SSGGRAPH\RELEASE\GRCARLIGHT.OBJ
D:\SIMON\DOCUMENTS\KANDIDATARBETE\TORCS-1.3.4\SRC\MODULES\GRAPHIC\SSGGRAPH\RELEASE\GRCAR.OBJ
D:\SIMON\DOCUMENTS\KANDIDATARBETE\TORCS-1.3.4\SRC\MODULES\GRAPHIC\SSGGRAPH\RELEASE\GRCAM.OBJ
D:\SIMON\DOCUMENTS\KANDIDATARBETE\TORCS-1.3.4\SRC\MODULES\GRAPHIC\SSGGRAPH\RELEASE\GRBOARD.OBJ
D:\SIMON\DOCUMENTS\KANDIDATARBETE\TORCS-1.3.4\SRC\MODULES\GRAPHIC\SSGGRAPH\RELEASE\CARSOUNDDATA.OBJ
D:\SIMON\DOCUMENTS\KANDIDATARBETE\TORCS-1.3.4\SRC\MODULES\GRAPHIC\SSGGRAPH\RELEASE\TORCSSOUND.OBJ
D:\SIMON\DOCUMENTS\KANDIDATARBETE\TORCS-1.3.4\SRC\MODULES\GRAPHIC\SSGGRAPH\RELEASE\SSGGRAPH.OBJ
D:\SIMON\DOCUMENTS\KANDIDATARBETE\TORCS-1.3.4\SRC\MODULES\GRAPHIC\SSGGRAPH\RELEASE\SOUNDINTERFACE.OBJ
D:\SIMON\DOCUMENTS\KANDIDATARBETE\TORCS-1.3.4\SRC\MODULES\GRAPHIC\SSGGRAPH\RELEASE\VC110.PDB
D:\SIMON\DOCUMENTS\KANDIDATARBETE\TORCS-1.3.4\SRC\MODULES\GRAPHIC\SSGGRAPH\RELEASE\SSGGRAPHLIB.LIB
D:\Simon\Documents\Kandidatarbete\torcs-1.3.4\src\modules\graphic\ssggraph\Release\CarSoundData.obj
D:\Simon\Documents\Kandidatarbete\torcs-1.3.4\src\modules\graphic\ssggraph\Release\grboard.obj
D:\Simon\Documents\Kandidatarbete\torcs-1.3.4\src\modules\graphic\ssggraph\Release\grcam.obj
D:\Simon\Documents\Kandidatarbete\torcs-1.3.4\src\modules\graphic\ssggraph\Release\grcar.obj
D:\Simon\Documents\Kandidatarbete\torcs-1.3.4\src\modules\graphic\ssggraph\Release\grcarlight.obj
D:\Simon\Documents\Kandidatarbete\torcs-1.3.4\src\modules\graphic\ssggraph\Release\grloadac.obj
D:\Simon\Documents\Kandidatarbete\torcs-1.3.4\src\modules\graphic\ssggraph\Release\grmain.obj
D:\Simon\Documents\Kandidatarbete\torcs-1.3.4\src\modules\graphic\ssggraph\Release\grmultitexstate.obj
D:\Simon\Documents\Kandidatarbete\torcs-1.3.4\src\modules\graphic\ssggraph\Release\grscene.obj
D:\Simon\Documents\Kandidatarbete\torcs-1.3.4\src\modules\graphic\ssggraph\Release\grscreen.obj
D:\Simon\Documents\Kandidatarbete\torcs-1.3.4\src\modules\graphic\ssggraph\Release\grshadow.obj
D:\Simon\Documents\Kandidatarbete\torcs-1.3.4\src\modules\graphic\ssggraph\Release\grskidmarks.obj
D:\Simon\Documents\Kandidatarbete\torcs-1.3.4\src\modules\graphic\ssggraph\Release\grsmoke.obj
D:\Simon\Documents\Kandidatarbete\torcs-1.3.4\src\modules\graphic\ssggraph\Release\grsound.obj
D:\Simon\Documents\Kandidatarbete\torcs-1.3.4\src\modules\graphic\ssggraph\Release\grtexture.obj
D:\Simon\Documents\Kandidatarbete\torcs-1.3.4\src\modules\graphic\ssggraph\Release\grtrackmap.obj
D:\Simon\Documents\Kandidatarbete\torcs-1.3.4\src\modules\graphic\ssggraph\Release\grutil.obj
D:\Simon\Documents\Kandidatarbete\torcs-1.3.4\src\modules\graphic\ssggraph\Release\grvtxtable.obj
D:\Simon\Documents\Kandidatarbete\torcs-1.3.4\src\modules\graphic\ssggraph\Release\OpenalSoundInterface.obj
D:\Simon\Documents\Kandidatarbete\torcs-1.3.4\src\modules\graphic\ssggraph\Release\PlibSoundInterface.obj
D:\Simon\Documents\Kandidatarbete\torcs-1.3.4\src\modules\graphic\ssggraph\Release\SoundInterface.obj
D:\Simon\Documents\Kandidatarbete\torcs-1.3.4\src\modules\graphic\ssggraph\Release\ssggraph.obj
D:\Simon\Documents\Kandidatarbete\torcs-1.3.4\src\modules\graphic\ssggraph\Release\TorcsSound.obj
D:\Simon\Documents\Kandidatarbete\torcs-1.3.4\src\modules\graphic\ssggraph\Release\cl.command.1.tlog
D:\Simon\Documents\Kandidatarbete\torcs-1.3.4\src\modules\graphic\ssggraph\Release\CL.read.1.tlog
D:\Simon\Documents\Kandidatarbete\torcs-1.3.4\src\modules\graphic\ssggraph\Release\CL.write.1.tlog
D:\Simon\Documents\Kandidatarbete\torcs-1.3.4\src\modules\graphic\ssggraph\Release\Lib-link.read.1.tlog
D:\Simon\Documents\Kandidatarbete\torcs-1.3.4\src\modules\graphic\ssggraph\Release\Lib-link.write.1.tlog
D:\Simon\Documents\Kandidatarbete\torcs-1.3.4\src\modules\graphic\ssggraph\Release\lib.command.1.tlog
D:\Simon\Documents\Kandidatarbete\torcs-1.3.4\src\modules\graphic\ssggraph\Release\vc110.pdb
D:\Simon\Documents\Kandidatarbete\torcs-1.3.4\src\modules\graphic\ssggraph\.\Release\ssggraphlib.lib
