E:\DOCUMENTS\GITHUB\KANDIDATARBETE\TORCS-1.3.4\SRC\LIBS\CLIENT\RELEASE\GUISCROLLIST.OBJ
E:\DOCUMENTS\GITHUB\KANDIDATARBETE\TORCS-1.3.4\SRC\LIBS\CLIENT\RELEASE\GUISCROLLBAR.OBJ
E:\DOCUMENTS\GITHUB\KANDIDATARBETE\TORCS-1.3.4\SRC\LIBS\CLIENT\RELEASE\GUIOBJECT.OBJ
E:\DOCUMENTS\GITHUB\KANDIDATARBETE\TORCS-1.3.4\SRC\LIBS\CLIENT\RELEASE\GUIMENU.OBJ
E:\DOCUMENTS\GITHUB\KANDIDATARBETE\TORCS-1.3.4\SRC\LIBS\CLIENT\RELEASE\GUILABEL.OBJ
E:\DOCUMENTS\GITHUB\KANDIDATARBETE\TORCS-1.3.4\SRC\LIBS\CLIENT\RELEASE\GUIIMAGE.OBJ
E:\DOCUMENTS\GITHUB\KANDIDATARBETE\TORCS-1.3.4\SRC\LIBS\CLIENT\RELEASE\GUIHELP.OBJ
E:\DOCUMENTS\GITHUB\KANDIDATARBETE\TORCS-1.3.4\SRC\LIBS\CLIENT\RELEASE\GUIFONT.OBJ
E:\DOCUMENTS\GITHUB\KANDIDATARBETE\TORCS-1.3.4\SRC\LIBS\CLIENT\RELEASE\GUIEDIT.OBJ
E:\DOCUMENTS\GITHUB\KANDIDATARBETE\TORCS-1.3.4\SRC\LIBS\CLIENT\RELEASE\GUIBUTTON.OBJ
E:\DOCUMENTS\GITHUB\KANDIDATARBETE\TORCS-1.3.4\SRC\LIBS\CLIENT\RELEASE\GUI.OBJ
E:\DOCUMENTS\GITHUB\KANDIDATARBETE\TORCS-1.3.4\SRC\LIBS\CLIENT\RELEASE\GRAPHCONFIG.OBJ
E:\DOCUMENTS\GITHUB\KANDIDATARBETE\TORCS-1.3.4\SRC\LIBS\CLIENT\RELEASE\GLFEATURES.OBJ
E:\DOCUMENTS\GITHUB\KANDIDATARBETE\TORCS-1.3.4\SRC\LIBS\CLIENT\RELEASE\FILESELECT.OBJ
E:\DOCUMENTS\GITHUB\KANDIDATARBETE\TORCS-1.3.4\SRC\LIBS\CLIENT\RELEASE\EXITMENU.OBJ
E:\DOCUMENTS\GITHUB\KANDIDATARBETE\TORCS-1.3.4\SRC\LIBS\CLIENT\RELEASE\ENTRY.OBJ
E:\DOCUMENTS\GITHUB\KANDIDATARBETE\TORCS-1.3.4\SRC\LIBS\CLIENT\RELEASE\DRIVERSELECT.OBJ
E:\DOCUMENTS\GITHUB\KANDIDATARBETE\TORCS-1.3.4\SRC\LIBS\CLIENT\RELEASE\DRIVERCONFIG.OBJ
E:\DOCUMENTS\GITHUB\KANDIDATARBETE\TORCS-1.3.4\SRC\LIBS\CLIENT\RELEASE\CONTROLCONFIG.OBJ
E:\DOCUMENTS\GITHUB\KANDIDATARBETE\TORCS-1.3.4\SRC\LIBS\CLIENT\RELEASE\CONTROL.OBJ
E:\DOCUMENTS\GITHUB\KANDIDATARBETE\TORCS-1.3.4\SRC\LIBS\CLIENT\RELEASE\RACESTATE.OBJ
E:\DOCUMENTS\GITHUB\KANDIDATARBETE\TORCS-1.3.4\SRC\LIBS\CLIENT\RELEASE\RACERESULTS.OBJ
E:\DOCUMENTS\GITHUB\KANDIDATARBETE\TORCS-1.3.4\SRC\LIBS\CLIENT\RELEASE\RACEMENU.OBJ
E:\DOCUMENTS\GITHUB\KANDIDATARBETE\TORCS-1.3.4\SRC\LIBS\CLIENT\RELEASE\RACEMANMENU.OBJ
E:\DOCUMENTS\GITHUB\KANDIDATARBETE\TORCS-1.3.4\SRC\LIBS\CLIENT\RELEASE\RACEMAIN.OBJ
E:\DOCUMENTS\GITHUB\KANDIDATARBETE\TORCS-1.3.4\SRC\LIBS\CLIENT\RELEASE\RACEINIT.OBJ
E:\DOCUMENTS\GITHUB\KANDIDATARBETE\TORCS-1.3.4\SRC\LIBS\CLIENT\RELEASE\RACEGL.OBJ
E:\DOCUMENTS\GITHUB\KANDIDATARBETE\TORCS-1.3.4\SRC\LIBS\CLIENT\RELEASE\RACEENGINE.OBJ
E:\DOCUMENTS\GITHUB\KANDIDATARBETE\TORCS-1.3.4\SRC\LIBS\CLIENT\RELEASE\PITMENU.OBJ
E:\DOCUMENTS\GITHUB\KANDIDATARBETE\TORCS-1.3.4\SRC\LIBS\CLIENT\RELEASE\OPTIONMENU.OBJ
E:\DOCUMENTS\GITHUB\KANDIDATARBETE\TORCS-1.3.4\SRC\LIBS\CLIENT\RELEASE\OPENGLCONFIG.OBJ
E:\DOCUMENTS\GITHUB\KANDIDATARBETE\TORCS-1.3.4\SRC\LIBS\CLIENT\RELEASE\OPENALMUSICPLAYER.OBJ
E:\DOCUMENTS\GITHUB\KANDIDATARBETE\TORCS-1.3.4\SRC\LIBS\CLIENT\RELEASE\OGGSOUNDSTREAM.OBJ
E:\DOCUMENTS\GITHUB\KANDIDATARBETE\TORCS-1.3.4\SRC\LIBS\CLIENT\RELEASE\MUSICPLAYER.OBJ
E:\DOCUMENTS\GITHUB\KANDIDATARBETE\TORCS-1.3.4\SRC\LIBS\CLIENT\RELEASE\MOUSECONFIG.OBJ
E:\DOCUMENTS\GITHUB\KANDIDATARBETE\TORCS-1.3.4\SRC\LIBS\CLIENT\RELEASE\MISCSCREENS.OBJ
E:\DOCUMENTS\GITHUB\KANDIDATARBETE\TORCS-1.3.4\SRC\LIBS\CLIENT\RELEASE\MAINMENU.OBJ
E:\DOCUMENTS\GITHUB\KANDIDATARBETE\TORCS-1.3.4\SRC\LIBS\CLIENT\RELEASE\LOADINGSCREEN.OBJ
E:\DOCUMENTS\GITHUB\KANDIDATARBETE\TORCS-1.3.4\SRC\LIBS\CLIENT\RELEASE\JOYSTICKCONFIG.OBJ
E:\DOCUMENTS\GITHUB\KANDIDATARBETE\TORCS-1.3.4\SRC\LIBS\CLIENT\RELEASE\IMG.OBJ
E:\DOCUMENTS\GITHUB\KANDIDATARBETE\TORCS-1.3.4\SRC\LIBS\CLIENT\RELEASE\TRACKSELECT.OBJ
E:\DOCUMENTS\GITHUB\KANDIDATARBETE\TORCS-1.3.4\SRC\LIBS\CLIENT\RELEASE\TGFCLIENT.OBJ
E:\DOCUMENTS\GITHUB\KANDIDATARBETE\TORCS-1.3.4\SRC\LIBS\CLIENT\RELEASE\SPLASH.OBJ
E:\DOCUMENTS\GITHUB\KANDIDATARBETE\TORCS-1.3.4\SRC\LIBS\CLIENT\RELEASE\SOUNDSTREAM.OBJ
E:\DOCUMENTS\GITHUB\KANDIDATARBETE\TORCS-1.3.4\SRC\LIBS\CLIENT\RELEASE\SOUNDCONFIG.OBJ
E:\DOCUMENTS\GITHUB\KANDIDATARBETE\TORCS-1.3.4\SRC\LIBS\CLIENT\RELEASE\SINGLEPLAYER.OBJ
E:\DOCUMENTS\GITHUB\KANDIDATARBETE\TORCS-1.3.4\SRC\LIBS\CLIENT\RELEASE\SIMUCONFIG.OBJ
E:\DOCUMENTS\GITHUB\KANDIDATARBETE\TORCS-1.3.4\SRC\LIBS\CLIENT\RELEASE\SCREEN.OBJ
E:\DOCUMENTS\GITHUB\KANDIDATARBETE\TORCS-1.3.4\SRC\LIBS\CLIENT\RELEASE\RESULTS.OBJ
E:\DOCUMENTS\GITHUB\KANDIDATARBETE\TORCS-1.3.4\SRC\LIBS\CLIENT\RELEASE\VC110.PDB
E:\Documents\GitHub\Kandidatarbete\torcs-1.3.4\src\libs\client\Release\client.lib
E:\Documents\GitHub\Kandidatarbete\torcs-1.3.4\src\libs\client\Release\client.exp
E:\DOCUMENTS\GITHUB\KANDIDATARBETE\TORCS-1.3.4\SRC\LIBS\CLIENT\RELEASE\CLIENT.DLL
E:\Documents\GitHub\Kandidatarbete\torcs-1.3.4\src\libs\client\Release\control.obj
E:\Documents\GitHub\Kandidatarbete\torcs-1.3.4\src\libs\client\Release\controlconfig.obj
E:\Documents\GitHub\Kandidatarbete\torcs-1.3.4\src\libs\client\Release\driverconfig.obj
E:\Documents\GitHub\Kandidatarbete\torcs-1.3.4\src\libs\client\Release\driverselect.obj
E:\Documents\GitHub\Kandidatarbete\torcs-1.3.4\src\libs\client\Release\entry.obj
E:\Documents\GitHub\Kandidatarbete\torcs-1.3.4\src\libs\client\Release\exitmenu.obj
E:\Documents\GitHub\Kandidatarbete\torcs-1.3.4\src\libs\client\Release\fileselect.obj
E:\Documents\GitHub\Kandidatarbete\torcs-1.3.4\src\libs\client\Release\glfeatures.obj
E:\Documents\GitHub\Kandidatarbete\torcs-1.3.4\src\libs\client\Release\graphconfig.obj
E:\Documents\GitHub\Kandidatarbete\torcs-1.3.4\src\libs\client\Release\gui.obj
E:\Documents\GitHub\Kandidatarbete\torcs-1.3.4\src\libs\client\Release\guibutton.obj
E:\Documents\GitHub\Kandidatarbete\torcs-1.3.4\src\libs\client\Release\guiedit.obj
E:\Documents\GitHub\Kandidatarbete\torcs-1.3.4\src\libs\client\Release\guifont.obj
E:\Documents\GitHub\Kandidatarbete\torcs-1.3.4\src\libs\client\Release\guihelp.obj
E:\Documents\GitHub\Kandidatarbete\torcs-1.3.4\src\libs\client\Release\guiimage.obj
E:\Documents\GitHub\Kandidatarbete\torcs-1.3.4\src\libs\client\Release\guilabel.obj
E:\Documents\GitHub\Kandidatarbete\torcs-1.3.4\src\libs\client\Release\guimenu.obj
E:\Documents\GitHub\Kandidatarbete\torcs-1.3.4\src\libs\client\Release\guiobject.obj
E:\Documents\GitHub\Kandidatarbete\torcs-1.3.4\src\libs\client\Release\guiscrollbar.obj
E:\Documents\GitHub\Kandidatarbete\torcs-1.3.4\src\libs\client\Release\guiscrollist.obj
E:\Documents\GitHub\Kandidatarbete\torcs-1.3.4\src\libs\client\Release\img.obj
E:\Documents\GitHub\Kandidatarbete\torcs-1.3.4\src\libs\client\Release\joystickconfig.obj
E:\Documents\GitHub\Kandidatarbete\torcs-1.3.4\src\libs\client\Release\loadingscreen.obj
E:\Documents\GitHub\Kandidatarbete\torcs-1.3.4\src\libs\client\Release\mainmenu.obj
E:\Documents\GitHub\Kandidatarbete\torcs-1.3.4\src\libs\client\Release\miscscreens.obj
E:\Documents\GitHub\Kandidatarbete\torcs-1.3.4\src\libs\client\Release\mouseconfig.obj
E:\Documents\GitHub\Kandidatarbete\torcs-1.3.4\src\libs\client\Release\musicplayer.obj
E:\Documents\GitHub\Kandidatarbete\torcs-1.3.4\src\libs\client\Release\OggSoundStream.obj
E:\Documents\GitHub\Kandidatarbete\torcs-1.3.4\src\libs\client\Release\OpenALMusicPlayer.obj
E:\Documents\GitHub\Kandidatarbete\torcs-1.3.4\src\libs\client\Release\openglconfig.obj
E:\Documents\GitHub\Kandidatarbete\torcs-1.3.4\src\libs\client\Release\optionmenu.obj
E:\Documents\GitHub\Kandidatarbete\torcs-1.3.4\src\libs\client\Release\pitmenu.obj
E:\Documents\GitHub\Kandidatarbete\torcs-1.3.4\src\libs\client\Release\raceengine.obj
E:\Documents\GitHub\Kandidatarbete\torcs-1.3.4\src\libs\client\Release\racegl.obj
E:\Documents\GitHub\Kandidatarbete\torcs-1.3.4\src\libs\client\Release\raceinit.obj
E:\Documents\GitHub\Kandidatarbete\torcs-1.3.4\src\libs\client\Release\racemain.obj
E:\Documents\GitHub\Kandidatarbete\torcs-1.3.4\src\libs\client\Release\racemanmenu.obj
E:\Documents\GitHub\Kandidatarbete\torcs-1.3.4\src\libs\client\Release\racemenu.obj
E:\Documents\GitHub\Kandidatarbete\torcs-1.3.4\src\libs\client\Release\raceresults.obj
E:\Documents\GitHub\Kandidatarbete\torcs-1.3.4\src\libs\client\Release\racestate.obj
E:\Documents\GitHub\Kandidatarbete\torcs-1.3.4\src\libs\client\Release\results.obj
E:\Documents\GitHub\Kandidatarbete\torcs-1.3.4\src\libs\client\Release\screen.obj
E:\Documents\GitHub\Kandidatarbete\torcs-1.3.4\src\libs\client\Release\simuconfig.obj
E:\Documents\GitHub\Kandidatarbete\torcs-1.3.4\src\libs\client\Release\singleplayer.obj
E:\Documents\GitHub\Kandidatarbete\torcs-1.3.4\src\libs\client\Release\soundconfig.obj
E:\Documents\GitHub\Kandidatarbete\torcs-1.3.4\src\libs\client\Release\SoundStream.obj
E:\Documents\GitHub\Kandidatarbete\torcs-1.3.4\src\libs\client\Release\splash.obj
E:\Documents\GitHub\Kandidatarbete\torcs-1.3.4\src\libs\client\Release\tgfclient.obj
E:\Documents\GitHub\Kandidatarbete\torcs-1.3.4\src\libs\client\Release\trackselect.obj
E:\Documents\GitHub\Kandidatarbete\torcs-1.3.4\src\libs\client\Release\cl.command.1.tlog
E:\Documents\GitHub\Kandidatarbete\torcs-1.3.4\src\libs\client\Release\CL.read.1.tlog
E:\Documents\GitHub\Kandidatarbete\torcs-1.3.4\src\libs\client\Release\CL.write.1.tlog
E:\Documents\GitHub\Kandidatarbete\torcs-1.3.4\src\libs\client\Release\client.write.1.tlog
E:\Documents\GitHub\Kandidatarbete\torcs-1.3.4\src\libs\client\Release\link.command.1.tlog
E:\Documents\GitHub\Kandidatarbete\torcs-1.3.4\src\libs\client\Release\link.read.1.tlog
E:\Documents\GitHub\Kandidatarbete\torcs-1.3.4\src\libs\client\Release\link.write.1.tlog
E:\Documents\GitHub\Kandidatarbete\torcs-1.3.4\src\libs\client\Release\vc110.pdb
E:\Documents\GitHub\Kandidatarbete\torcs-1.3.4\src\libs\client\.\Release\client.dll
