Build started 5/26/2013 2:42:21 AM.
     1>Project "D:\Simon\Documents\GitHub\Kandidatarbete\torcs-1.3.4\src\windows\wtorcs.vcxproj" on node 4 (Build target(s)).
     1>ClCompile:
         D:\Program\Microsoft Visual Studio 11.0\VC\bin\CL.exe /c /I..\..\export\include /I..\windows\include /I..\.. /Zi /nologo /W2 /WX- /Od /Oy- /D WIN32 /D _DEBUG /D _CONSOLE /D DEBUG /D DEBUG_OUT /D _VC80_UPGRADE=0x0600 /D _MBCS /Gm- /EHsc /RTC1 /MTd /GS /fp:precise /Zc:wchar_t /Zc:forScope /Fo".\Debug/" /Fd".\Debug/vc110.pdb" /FR".\Debug\\" /Gd /TP /analyze- /errorReport:prompt main.cpp windowsspec.cpp
         main.cpp
         windowsspec.cpp
         Generating Code...
       ResourceCompile:
         C:\Program Files (x86)\Windows Kits\8.0\bin\x86\rc.exe /D _DEBUG /D _VC80_UPGRADE=0x0600 /l"0x040c" /I\Users\berni\Development\torcs\torcs /nologo /fo".\Debug\torcs.res" ..\..\torcs.rc 
       Link:
         D:\Program\Microsoft Visual Studio 11.0\VC\bin\link.exe /ERRORREPORT:PROMPT /OUT:".\Debug/wtorcs.exe" /INCREMENTAL:NO /NOLOGO /LIBPATH:../../export/libd /LIBPATH:../windows/lib client.lib txml.lib libpng15_vs2008_32.lib tgf.lib kernel32.lib user32.lib gdi32.lib winspool.lib comdlg32.lib advapi32.lib shell32.lib ole32.lib oleaut32.lib uuid.lib odbc32.lib odbccp32.lib /NODEFAULTLIB:LIBCMT /MANIFEST:NO /DEBUG /PDB:".\Debug/wtorcs.pdb" /MAP:".\Debug/wtorcs.map" /SUBSYSTEM:CONSOLE /TLBID:1 /DYNAMICBASE:NO /IMPLIB:".\Debug\wtorcs.lib" /MACHINE:X86 /SAFESEH .\Debug\torcs.res
         .\Debug/main.obj
         .\Debug/windowsspec.obj
         wtorcs.vcxproj -> D:\Simon\Documents\GitHub\Kandidatarbete\torcs-1.3.4\src\windows\.\Debug\wtorcs.exe
       BscMake:
         D:\Program\Microsoft Visual Studio 11.0\VC\bin\bscmake.exe /nologo /o".\Debug/wtorcs.bsc" .\Debug\main.sbr .\Debug\windowsspec.sbr
       PostBuildEvent:
         copy D:\Simon\Documents\GitHub\Kandidatarbete\torcs-1.3.4\src\windows\Debug\wtorcs.exe D:\Simon\Documents\GitHub\Kandidatarbete\torcs-1.3.4\runtimed
         copy dll\glut32.dll D:\Simon\Documents\GitHub\Kandidatarbete\torcs-1.3.4\runtimed
         copy dll\OpenAL32.dll D:\Simon\Documents\GitHub\Kandidatarbete\torcs-1.3.4\runtimed
         copy dll\libogg.dll D:\Simon\Documents\GitHub\Kandidatarbete\torcs-1.3.4\runtimed
         copy dll\libvorbis.dll D:\Simon\Documents\GitHub\Kandidatarbete\torcs-1.3.4\runtimed
         copy dll\libvorbisfile.dll D:\Simon\Documents\GitHub\Kandidatarbete\torcs-1.3.4\runtimed
         
         :VCEnd
                 1 fil(er) kopierad(e).
                 1 fil(er) kopierad(e).
                 1 fil(er) kopierad(e).
                 1 fil(er) kopierad(e).
                 1 fil(er) kopierad(e).
                 1 fil(er) kopierad(e).
     1>Done Building Project "D:\Simon\Documents\GitHub\Kandidatarbete\torcs-1.3.4\src\windows\wtorcs.vcxproj" (Build target(s)).

Build succeeded.

Time Elapsed 00:00:06.37
